#
# There is insufficient memory for the Java Runtime Environment to continue.
# Native memory allocation (malloc) failed to allocate 473456 bytes for Chunk::new
# Possible reasons:
#   The system is out of physical RAM or swap space
#   The process is running with CompressedOops enabled, and the Java Heap may be blocking the growth of the native heap
# Possible solutions:
#   Reduce memory load on the system
#   Increase physical memory or swap space
#   Check if swap backing store is full
#   Decrease Java heap size (-Xmx/-Xms)
#   Decrease number of Java threads
#   Decrease Java thread stack sizes (-Xss)
#   Set larger code cache with -XX:ReservedCodeCacheSize=
#   JVM is running with Unscaled Compressed Oops mode in which the Java heap is
#     placed in the first 4GB address space. The Java Heap base address is the
#     maximum limit for the native heap growth. Please use -XX:HeapBaseMinAddress
#     to set the Java Heap base and to place the Java Heap above 4GB virtual address.
# This output file may be truncated or incomplete.
#
#  Out of Memory Error (c:/BuildAgent/work/5ff2f6c26000d570/src/hotspot/share/memory/arena.cpp:197), pid=23492, tid=22732
#
# JRE version: OpenJDK Runtime Environment (11.0.6+8) (build 11.0.6+8-b520.43)
# Java VM: OpenJDK 64-Bit Server VM (11.0.6+8-b520.43, mixed mode, tiered, compressed oops, g1 gc, windows-amd64)
# No core dump will be written. Minidumps are not enabled by default on client versions of Windows
#

---------------  S U M M A R Y ------------

Command Line: -ea -DnodeNamesHandler=AsText -Didea.test.cyclic.buffer.size=1048576 -javaagent:C:\Users\pbonthal\AppData\Local\JetBrains\IntelliJ IDEA Community Edition 2019.3.3\lib\idea_rt.jar=60904:C:\Users\pbonthal\AppData\Local\JetBrains\IntelliJ IDEA Community Edition 2019.3.3\bin -Dfile.encoding=UTF-8 com.intellij.rt.junit.JUnitStarter -ideVersion5 -junit4 com.automation.runner.SmokeTest_RunnerFiles.RunnerTest3 @N Times50

Host: Intel(R) Core(TM) i5-8265U CPU @ 1.60GHz, 8 cores, 7G,  Windows 10 , 64 bit Build 18362 (10.0.18362.900)
Time: Sat Jul 25 00:57:03 2020 GMT Daylight Time elapsed time: 4450 seconds (0d 1h 14m 10s)

---------------  T H R E A D  ---------------

Current thread (0x0000016ba5292800):  JavaThread "C2 CompilerThread0" daemon [_thread_in_native, id=22732, stack(0x0000002055500000,0x0000002055600000)]


Current CompileTask:
C2:4450490 5953   !   4       jdk.internal.reflect.GeneratedMethodAccessor7::invoke (68 bytes)

Stack: [0x0000002055500000,0x0000002055600000]
Native frames: (J=compiled Java code, j=interpreted, Vv=VM code, C=native code)
V  [jvm.dll+0x5de31a]
V  [jvm.dll+0x710ae5]
V  [jvm.dll+0x712005]
V  [jvm.dll+0x7126b3]
V  [jvm.dll+0x23e3a8]
V  [jvm.dll+0xb8b5c]
V  [jvm.dll+0xb905c]
V  [jvm.dll+0x35000d]
V  [jvm.dll+0x31dc63]
V  [jvm.dll+0x31d1fa]
V  [jvm.dll+0x1f77c2]
V  [jvm.dll+0x1f6994]
V  [jvm.dll+0x17f76c]
V  [jvm.dll+0x204dd7]
V  [jvm.dll+0x203641]
V  [jvm.dll+0x6da98f]
V  [jvm.dll+0x6d379d]
V  [jvm.dll+0x5dd2e6]
C  [ucrtbase.dll+0x20e82]
C  [KERNEL32.DLL+0x17bd4]
C  [ntdll.dll+0x6ce51]


---------------  P R O C E S S  ---------------

Threads class SMR info:
_java_thread_list=0x0000016ba64c8a30, length=85, elements={
0x0000016b8a159000, 0x0000016ba4a14000, 0x0000016ba4a0f800, 0x0000016ba4a11000,
0x0000016ba4a15000, 0x0000016ba5292800, 0x0000016ba5298800, 0x0000016ba52a9000,
0x0000016ba53d3800, 0x0000016ba559e800, 0x0000016ba55a3800, 0x0000016ba62c7000,
0x0000016ba5445000, 0x0000016ba80ea000, 0x0000016ba8b80000, 0x0000016ba6310800,
0x0000016baaa9a000, 0x0000016ba6432000, 0x0000016ba7e68800, 0x0000016ba7e67000,
0x0000016ba7e68000, 0x0000016ba8e25800, 0x0000016ba8e23800, 0x0000016ba8e28800,
0x0000016ba8e29800, 0x0000016ba8e2a000, 0x0000016ba8e26000, 0x0000016ba8e2b000,
0x0000016ba8e2c000, 0x0000016ba8e27000, 0x0000016ba8e2c800, 0x0000016ba8e27800,
0x0000016ba8e2d800, 0x0000016ba8e2e000, 0x0000016ba8e24800, 0x0000016ba8e30000,
0x0000016ba8e30800, 0x0000016ba8e31800, 0x0000016ba8e2f000, 0x0000016ba7e66800,
0x0000016ba8e32800, 0x0000016ba81ed000, 0x0000016ba81eb800, 0x0000016ba81f0000,
0x0000016ba81ee800, 0x0000016ba81ec000, 0x0000016ba81ed800, 0x0000016ba81ea800,
0x0000016ba81f6800, 0x0000016ba81f3800, 0x0000016ba81f5000, 0x0000016ba81f2800,
0x0000016ba81ef800, 0x0000016ba81f1000, 0x0000016ba81f4000, 0x0000016ba81f6000,
0x0000016ba81f2000, 0x0000016ba81f8800, 0x0000016ba81f7800, 0x0000016ba631f800,
0x0000016ba6320800, 0x0000016ba6323000, 0x0000016ba631d000, 0x0000016ba6323800,
0x0000016ba631e000, 0x0000016ba6325800, 0x0000016ba6322000, 0x0000016ba6324800,
0x0000016ba6327000, 0x0000016ba6326000, 0x0000016ba631f000, 0x0000016ba6329800,
0x0000016ba6328000, 0x0000016ba6321800, 0x0000016ba632b000, 0x0000016ba6328800,
0x0000016ba632a000, 0x0000016ba81f9000, 0x0000016ba5979000, 0x0000016ba5977800,
0x0000016ba5976000, 0x0000016ba5976800, 0x0000016ba5978800, 0x0000016ba5975000,
0x0000016ba597e000
}

Java Threads: ( => current thread )
  0x0000016b8a159000 JavaThread "main" [_thread_blocked, id=15792, stack(0x0000002054a00000,0x0000002054b00000)]
  0x0000016ba4a14000 JavaThread "Reference Handler" daemon [_thread_blocked, id=21876, stack(0x0000002055100000,0x0000002055200000)]
  0x0000016ba4a0f800 JavaThread "Finalizer" daemon [_thread_blocked, id=18212, stack(0x0000002055200000,0x0000002055300000)]
  0x0000016ba4a11000 JavaThread "Signal Dispatcher" daemon [_thread_blocked, id=19616, stack(0x0000002055300000,0x0000002055400000)]
  0x0000016ba4a15000 JavaThread "Attach Listener" daemon [_thread_blocked, id=23912, stack(0x0000002055400000,0x0000002055500000)]
=>0x0000016ba5292800 JavaThread "C2 CompilerThread0" daemon [_thread_in_native, id=22732, stack(0x0000002055500000,0x0000002055600000)]
  0x0000016ba5298800 JavaThread "C1 CompilerThread0" daemon [_thread_blocked, id=324, stack(0x0000002055600000,0x0000002055700000)]
  0x0000016ba52a9000 JavaThread "Sweeper thread" daemon [_thread_blocked, id=24876, stack(0x0000002055700000,0x0000002055800000)]
  0x0000016ba53d3800 JavaThread "Common-Cleaner" daemon [_thread_blocked, id=24320, stack(0x0000002055800000,0x0000002055900000)]
  0x0000016ba559e800 JavaThread "Monitor Ctrl-Break" daemon [_thread_in_native, id=22740, stack(0x0000002055a00000,0x0000002055b00000)]
  0x0000016ba55a3800 JavaThread "Service Thread" daemon [_thread_blocked, id=23072, stack(0x0000002055b00000,0x0000002055c00000)]
  0x0000016ba62c7000 JavaThread "Exec Default Executor" daemon [_thread_in_native, id=22632, stack(0x0000002055f00000,0x0000002056000000)]
  0x0000016ba5445000 JavaThread "Exec Stream Pumper" daemon [_thread_in_native, id=4624, stack(0x0000002055900000,0x0000002055a00000)]
  0x0000016ba80ea000 JavaThread "Exec Stream Pumper" daemon [_thread_in_native, id=23284, stack(0x0000002056200000,0x0000002056300000)]
  0x0000016ba8b80000 JavaThread "OkHttp ConnectionPool" daemon [_thread_blocked, id=17036, stack(0x0000002056500000,0x0000002056600000)]
  0x0000016ba6310800 JavaThread "Okio Watchdog" daemon [_thread_blocked, id=18320, stack(0x0000002056600000,0x0000002056700000)]
  0x0000016baaa9a000 JavaThread "Exec Default Executor" daemon [_thread_in_native, id=23380, stack(0x0000002054800000,0x0000002054900000)]
  0x0000016ba6432000 JavaThread "Exec Stream Pumper" daemon [_thread_in_native, id=8864, stack(0x0000002056000000,0x0000002056100000)]
  0x0000016ba7e68800 JavaThread "Exec Stream Pumper" daemon [_thread_in_native, id=17952, stack(0x0000002056800000,0x0000002056900000)]
  0x0000016ba7e67000 JavaThread "Exec Default Executor" daemon [_thread_in_native, id=17984, stack(0x0000002054900000,0x0000002054a00000)]
  0x0000016ba7e68000 JavaThread "Exec Stream Pumper" daemon [_thread_in_native, id=23172, stack(0x0000002056900000,0x0000002056a00000)]
  0x0000016ba8e25800 JavaThread "Exec Stream Pumper" daemon [_thread_in_native, id=21300, stack(0x0000002056a00000,0x0000002056b00000)]
  0x0000016ba8e23800 JavaThread "Exec Default Executor" daemon [_thread_in_native, id=29756, stack(0x0000002054700000,0x0000002054800000)]
  0x0000016ba8e28800 JavaThread "Exec Stream Pumper" daemon [_thread_in_native, id=29776, stack(0x0000002056700000,0x0000002056800000)]
  0x0000016ba8e29800 JavaThread "Exec Stream Pumper" daemon [_thread_in_native, id=29780, stack(0x0000002056b00000,0x0000002056c00000)]
  0x0000016ba8e2a000 JavaThread "Exec Default Executor" daemon [_thread_in_native, id=32964, stack(0x0000002056300000,0x0000002056400000)]
  0x0000016ba8e26000 JavaThread "Exec Stream Pumper" daemon [_thread_in_native, id=20104, stack(0x0000002056e00000,0x0000002056f00000)]
  0x0000016ba8e2b000 JavaThread "Exec Stream Pumper" daemon [_thread_in_native, id=11140, stack(0x0000002056f00000,0x0000002057000000)]
  0x0000016ba8e2c000 JavaThread "Exec Default Executor" daemon [_thread_in_native, id=29568, stack(0x0000002056100000,0x0000002056200000)]
  0x0000016ba8e27000 JavaThread "Exec Stream Pumper" daemon [_thread_in_native, id=35084, stack(0x0000002057000000,0x0000002057100000)]
  0x0000016ba8e2c800 JavaThread "Exec Stream Pumper" daemon [_thread_in_native, id=35088, stack(0x0000002057100000,0x0000002057200000)]
  0x0000016ba8e27800 JavaThread "Exec Default Executor" daemon [_thread_in_native, id=24500, stack(0x0000002056c00000,0x0000002056d00000)]
  0x0000016ba8e2d800 JavaThread "Exec Stream Pumper" daemon [_thread_in_native, id=26888, stack(0x0000002057300000,0x0000002057400000)]
  0x0000016ba8e2e000 JavaThread "Exec Stream Pumper" daemon [_thread_in_native, id=12232, stack(0x0000002057400000,0x0000002057500000)]
  0x0000016ba8e24800 JavaThread "Exec Default Executor" daemon [_thread_in_native, id=25732, stack(0x0000002057500000,0x0000002057600000)]
  0x0000016ba8e30000 JavaThread "Exec Stream Pumper" daemon [_thread_in_native, id=21356, stack(0x0000002057700000,0x0000002057800000)]
  0x0000016ba8e30800 JavaThread "Exec Stream Pumper" daemon [_thread_in_native, id=23216, stack(0x0000002057800000,0x0000002057900000)]
  0x0000016ba8e31800 JavaThread "Exec Default Executor" daemon [_thread_in_native, id=21740, stack(0x0000002056d00000,0x0000002056e00000)]
  0x0000016ba8e2f000 JavaThread "Exec Stream Pumper" daemon [_thread_in_native, id=28356, stack(0x0000002057900000,0x0000002057a00000)]
  0x0000016ba7e66800 JavaThread "Exec Stream Pumper" daemon [_thread_in_native, id=17000, stack(0x0000002057a00000,0x0000002057b00000)]
  0x0000016ba8e32800 JavaThread "Exec Default Executor" daemon [_thread_in_native, id=14752, stack(0x0000002057200000,0x0000002057300000)]
  0x0000016ba81ed000 JavaThread "Exec Stream Pumper" daemon [_thread_in_native, id=34284, stack(0x0000002057c00000,0x0000002057d00000)]
  0x0000016ba81eb800 JavaThread "Exec Stream Pumper" daemon [_thread_in_native, id=31896, stack(0x0000002057d00000,0x0000002057e00000)]
  0x0000016ba81f0000 JavaThread "Exec Default Executor" daemon [_thread_in_native, id=10676, stack(0x0000002057b00000,0x0000002057c00000)]
  0x0000016ba81ee800 JavaThread "Exec Stream Pumper" daemon [_thread_in_native, id=32052, stack(0x0000002057f00000,0x0000002058000000)]
  0x0000016ba81ec000 JavaThread "Exec Stream Pumper" daemon [_thread_in_native, id=17056, stack(0x0000002058000000,0x0000002058100000)]
  0x0000016ba81ed800 JavaThread "Exec Default Executor" daemon [_thread_in_native, id=15552, stack(0x0000002057e00000,0x0000002057f00000)]
  0x0000016ba81ea800 JavaThread "Exec Stream Pumper" daemon [_thread_in_native, id=33988, stack(0x0000002058200000,0x0000002058300000)]
  0x0000016ba81f6800 JavaThread "Exec Stream Pumper" daemon [_thread_in_native, id=30244, stack(0x0000002058300000,0x0000002058400000)]
  0x0000016ba81f3800 JavaThread "Exec Default Executor" daemon [_thread_in_native, id=12404, stack(0x0000002058100000,0x0000002058200000)]
  0x0000016ba81f5000 JavaThread "Exec Stream Pumper" daemon [_thread_in_native, id=17216, stack(0x0000002058500000,0x0000002058600000)]
  0x0000016ba81f2800 JavaThread "Exec Stream Pumper" daemon [_thread_in_native, id=16592, stack(0x0000002058600000,0x0000002058700000)]
  0x0000016ba81ef800 JavaThread "Exec Default Executor" daemon [_thread_in_native, id=25776, stack(0x0000002058400000,0x0000002058500000)]
  0x0000016ba81f1000 JavaThread "Exec Stream Pumper" daemon [_thread_in_native, id=19356, stack(0x0000002058800000,0x0000002058900000)]
  0x0000016ba81f4000 JavaThread "Exec Stream Pumper" daemon [_thread_in_native, id=32464, stack(0x0000002058900000,0x0000002058a00000)]
  0x0000016ba81f6000 JavaThread "Exec Default Executor" daemon [_thread_in_native, id=36824, stack(0x0000002058700000,0x0000002058800000)]
  0x0000016ba81f2000 JavaThread "Exec Stream Pumper" daemon [_thread_in_native, id=37132, stack(0x0000002058b00000,0x0000002058c00000)]
  0x0000016ba81f8800 JavaThread "Exec Stream Pumper" daemon [_thread_in_native, id=37676, stack(0x0000002058c00000,0x0000002058d00000)]
  0x0000016ba81f7800 JavaThread "Exec Default Executor" daemon [_thread_in_native, id=38988, stack(0x0000002058a00000,0x0000002058b00000)]
  0x0000016ba631f800 JavaThread "Exec Stream Pumper" daemon [_thread_in_native, id=39868, stack(0x0000002058e00000,0x0000002058f00000)]
  0x0000016ba6320800 JavaThread "Exec Stream Pumper" daemon [_thread_in_native, id=38968, stack(0x0000002058f00000,0x0000002059000000)]
  0x0000016ba6323000 JavaThread "Exec Default Executor" daemon [_thread_in_native, id=41756, stack(0x0000002058d00000,0x0000002058e00000)]
  0x0000016ba631d000 JavaThread "Exec Stream Pumper" daemon [_thread_in_native, id=35912, stack(0x0000002059100000,0x0000002059200000)]
  0x0000016ba6323800 JavaThread "Exec Stream Pumper" daemon [_thread_in_native, id=19536, stack(0x0000002059200000,0x0000002059300000)]
  0x0000016ba631e000 JavaThread "Exec Default Executor" daemon [_thread_in_native, id=42784, stack(0x0000002059000000,0x0000002059100000)]
  0x0000016ba6325800 JavaThread "Exec Stream Pumper" daemon [_thread_in_native, id=22016, stack(0x0000002059400000,0x0000002059500000)]
  0x0000016ba6322000 JavaThread "Exec Stream Pumper" daemon [_thread_in_native, id=40476, stack(0x0000002059500000,0x0000002059600000)]
  0x0000016ba6324800 JavaThread "Exec Default Executor" daemon [_thread_in_native, id=46844, stack(0x0000002059300000,0x0000002059400000)]
  0x0000016ba6327000 JavaThread "Exec Stream Pumper" daemon [_thread_in_native, id=43340, stack(0x0000002059700000,0x0000002059800000)]
  0x0000016ba6326000 JavaThread "Exec Stream Pumper" daemon [_thread_in_native, id=43872, stack(0x0000002059800000,0x0000002059900000)]
  0x0000016ba631f000 JavaThread "Exec Default Executor" daemon [_thread_in_native, id=47236, stack(0x0000002059600000,0x0000002059700000)]
  0x0000016ba6329800 JavaThread "Exec Stream Pumper" daemon [_thread_in_native, id=49120, stack(0x0000002059a00000,0x0000002059b00000)]
  0x0000016ba6328000 JavaThread "Exec Stream Pumper" daemon [_thread_in_native, id=49112, stack(0x0000002059b00000,0x0000002059c00000)]
  0x0000016ba6321800 JavaThread "Exec Default Executor" daemon [_thread_in_native, id=50552, stack(0x0000002059900000,0x0000002059a00000)]
  0x0000016ba632b000 JavaThread "Exec Stream Pumper" daemon [_thread_in_native, id=50576, stack(0x0000002059d00000,0x0000002059e00000)]
  0x0000016ba6328800 JavaThread "Exec Stream Pumper" daemon [_thread_in_native, id=50592, stack(0x0000002059e00000,0x0000002059f00000)]
  0x0000016ba632a000 JavaThread "Exec Default Executor" daemon [_thread_in_native, id=51488, stack(0x0000002059c00000,0x0000002059d00000)]
  0x0000016ba81f9000 JavaThread "Exec Stream Pumper" daemon [_thread_in_native, id=47440, stack(0x000000205a000000,0x000000205a100000)]
  0x0000016ba5979000 JavaThread "Exec Stream Pumper" daemon [_thread_in_native, id=49968, stack(0x000000205a100000,0x000000205a200000)]
  0x0000016ba5977800 JavaThread "Exec Default Executor" daemon [_thread_in_native, id=50108, stack(0x0000002057600000,0x0000002057700000)]
  0x0000016ba5976000 JavaThread "Exec Stream Pumper" daemon [_thread_in_native, id=43228, stack(0x000000205a300000,0x000000205a400000)]
  0x0000016ba5976800 JavaThread "Exec Stream Pumper" daemon [_thread_in_native, id=54488, stack(0x000000205a400000,0x000000205a500000)]
  0x0000016ba5978800 JavaThread "Exec Default Executor" daemon [_thread_in_native, id=55860, stack(0x0000002059f00000,0x000000205a000000)]
  0x0000016ba5975000 JavaThread "Exec Stream Pumper" daemon [_thread_in_native, id=55412, stack(0x000000205a600000,0x000000205a700000)]
  0x0000016ba597e000 JavaThread "Exec Stream Pumper" daemon [_thread_in_native, id=55456, stack(0x000000205a700000,0x000000205a800000)]

Other Threads:
  0x0000016ba5249800 VMThread "VM Thread" [stack: 0x0000002055000000,0x0000002055100000] [id=10048]
  0x0000016ba55a4800 WatcherThread [stack: 0x0000002055c00000,0x0000002055d00000] [id=25228]
  0x0000016b8a171800 GCTaskThread "GC Thread#0" [stack: 0x0000002054b00000,0x0000002054c00000] [id=13244]
  0x0000016ba5c93000 GCTaskThread "GC Thread#1" [stack: 0x0000002055d00000,0x0000002055e00000] [id=23004]
  0x0000016ba5d9f800 GCTaskThread "GC Thread#2" [stack: 0x0000002055e00000,0x0000002055f00000] [id=24304]
  0x0000016b8a19b800 ConcurrentGCThread "G1 Main Marker" [stack: 0x0000002054c00000,0x0000002054d00000] [id=24784]
  0x0000016b8a19c800 ConcurrentGCThread "G1 Conc#0" [stack: 0x0000002054d00000,0x0000002054e00000] [id=20664]
  0x0000016ba60d0000 ConcurrentGCThread "G1 Conc#1" [stack: 0x0000002056400000,0x0000002056500000] [id=9316]
  0x0000016ba486f800 ConcurrentGCThread "G1 Refine#0" [stack: 0x0000002054e00000,0x0000002054f00000] [id=23056]
  0x0000016ba4871000 ConcurrentGCThread "G1 Young RemSet Sampling" [stack: 0x0000002054f00000,0x0000002055000000] [id=21824]

Threads with active compile tasks:
C2 CompilerThread04450542 5953   !   4       jdk.internal.reflect.GeneratedMethodAccessor7::invoke (68 bytes)

VM state:not at safepoint (normal execution)

VM Mutex/Monitor currently owned by a thread: None

Heap address: 0x0000000083000000, size: 2000 MB, Compressed Oops mode: 32-bit
Narrow klass base: 0x0000000000000000, Narrow klass shift: 3
Compressed class space size: 1073741824 Address: 0x0000000100000000

Heap:
 garbage-first heap   total 129024K, used 59730K [0x0000000083000000, 0x0000000100000000)
  region size 1024K, 45 young (46080K), 3 survivors (3072K)
 Metaspace       used 26593K, capacity 27336K, committed 27568K, reserved 1073152K
  class space    used 2937K, capacity 3195K, committed 3248K, reserved 1048576K
Heap Regions: E=young(eden), S=young(survivor), O=old, HS=humongous(starts), HC=humongous(continues), CS=collection set, F=free, A=archive, TAMS=top-at-mark-start (previous, next)
|   0|0x0000000083000000, 0x0000000083100000, 0x0000000083100000|100%|HS|  |TAMS 0x0000000083100000, 0x0000000083000000| Complete 
|   1|0x0000000083100000, 0x0000000083200000, 0x0000000083200000|100%|HS|  |TAMS 0x0000000083200000, 0x0000000083100000| Complete 
|   2|0x0000000083200000, 0x0000000083300000, 0x0000000083300000|100%|HC|  |TAMS 0x0000000083300000, 0x0000000083200000| Complete 
|   3|0x0000000083300000, 0x0000000083400000, 0x0000000083400000|100%|HC|  |TAMS 0x0000000083400000, 0x0000000083300000| Complete 
|   4|0x0000000083400000, 0x0000000083500000, 0x0000000083500000|100%| O|  |TAMS 0x0000000083500000, 0x0000000083400000| Untracked 
|   5|0x0000000083500000, 0x0000000083600000, 0x0000000083600000|100%| O|  |TAMS 0x0000000083530800, 0x0000000083500000| Untracked 
|   6|0x0000000083600000, 0x0000000083700000, 0x0000000083700000|100%| O|  |TAMS 0x0000000083600000, 0x0000000083600000| Untracked 
|   7|0x0000000083700000, 0x0000000083800000, 0x0000000083800000|100%| O|  |TAMS 0x0000000083700000, 0x0000000083700000| Untracked 
|   8|0x0000000083800000, 0x0000000083900000, 0x0000000083900000|100%| O|  |TAMS 0x0000000083800000, 0x0000000083800000| Untracked 
|   9|0x0000000083900000, 0x0000000083a00000, 0x0000000083a00000|100%| O|  |TAMS 0x0000000083900000, 0x0000000083900000| Untracked 
|  10|0x0000000083a00000, 0x0000000083b00000, 0x0000000083b00000|100%| O|  |TAMS 0x0000000083a00000, 0x0000000083a00000| Untracked 
|  11|0x0000000083b00000, 0x0000000083c00000, 0x0000000083c00000|100%| O|  |TAMS 0x0000000083b00000, 0x0000000083b00000| Untracked 
|  12|0x0000000083c00000, 0x0000000083d00000, 0x0000000083d00000|100%| O|  |TAMS 0x0000000083c00000, 0x0000000083c00000| Untracked 
|  13|0x0000000083d00000, 0x0000000083e00000, 0x0000000083e00000|100%| O|  |TAMS 0x0000000083d00000, 0x0000000083d00000| Untracked 
|  14|0x0000000083e00000, 0x0000000083f00000, 0x0000000083f00000|100%| O|  |TAMS 0x0000000083e00000, 0x0000000083e00000| Untracked 
|  15|0x0000000083f00000, 0x0000000083f15600, 0x0000000084000000|  8%| O|  |TAMS 0x0000000083f00000, 0x0000000083f00000| Untracked 
|  16|0x0000000084000000, 0x0000000084000000, 0x0000000084100000|  0%| F|  |TAMS 0x0000000084000000, 0x0000000084000000| Untracked 
|  17|0x0000000084100000, 0x0000000084100000, 0x0000000084200000|  0%| F|  |TAMS 0x0000000084100000, 0x0000000084100000| Untracked 
|  18|0x0000000084200000, 0x0000000084200000, 0x0000000084300000|  0%| F|  |TAMS 0x0000000084200000, 0x0000000084200000| Untracked 
|  19|0x0000000084300000, 0x0000000084300000, 0x0000000084400000|  0%| F|  |TAMS 0x0000000084300000, 0x0000000084300000| Untracked 
|  20|0x0000000084400000, 0x0000000084400000, 0x0000000084500000|  0%| F|  |TAMS 0x0000000084400000, 0x0000000084400000| Untracked 
|  21|0x0000000084500000, 0x0000000084500000, 0x0000000084600000|  0%| F|  |TAMS 0x0000000084500000, 0x0000000084500000| Untracked 
|  22|0x0000000084600000, 0x0000000084600000, 0x0000000084700000|  0%| F|  |TAMS 0x0000000084600000, 0x0000000084600000| Untracked 
|  23|0x0000000084700000, 0x0000000084700000, 0x0000000084800000|  0%| F|  |TAMS 0x0000000084700000, 0x0000000084700000| Untracked 
|  24|0x0000000084800000, 0x0000000084800000, 0x0000000084900000|  0%| F|  |TAMS 0x0000000084800000, 0x0000000084800000| Untracked 
|  25|0x0000000084900000, 0x0000000084900000, 0x0000000084a00000|  0%| F|  |TAMS 0x0000000084900000, 0x0000000084900000| Untracked 
|  26|0x0000000084a00000, 0x0000000084a00000, 0x0000000084b00000|  0%| F|  |TAMS 0x0000000084a00000, 0x0000000084a00000| Untracked 
|  27|0x0000000084b00000, 0x0000000084b00000, 0x0000000084c00000|  0%| F|  |TAMS 0x0000000084b00000, 0x0000000084b00000| Untracked 
|  28|0x0000000084c00000, 0x0000000084c00000, 0x0000000084d00000|  0%| F|  |TAMS 0x0000000084c00000, 0x0000000084c00000| Untracked 
|  29|0x0000000084d00000, 0x0000000084d00000, 0x0000000084e00000|  0%| F|  |TAMS 0x0000000084d00000, 0x0000000084d00000| Untracked 
|  30|0x0000000084e00000, 0x0000000084e00000, 0x0000000084f00000|  0%| F|  |TAMS 0x0000000084e00000, 0x0000000084e00000| Untracked 
|  31|0x0000000084f00000, 0x0000000084f00000, 0x0000000085000000|  0%| F|  |TAMS 0x0000000084f00000, 0x0000000084f00000| Untracked 
|  32|0x0000000085000000, 0x0000000085000000, 0x0000000085100000|  0%| F|  |TAMS 0x0000000085000000, 0x0000000085000000| Untracked 
|  33|0x0000000085100000, 0x0000000085100000, 0x0000000085200000|  0%| F|  |TAMS 0x0000000085100000, 0x0000000085100000| Untracked 
|  34|0x0000000085200000, 0x0000000085200000, 0x0000000085300000|  0%| F|  |TAMS 0x0000000085200000, 0x0000000085200000| Untracked 
|  35|0x0000000085300000, 0x0000000085300000, 0x0000000085400000|  0%| F|  |TAMS 0x0000000085300000, 0x0000000085300000| Untracked 
|  36|0x0000000085400000, 0x0000000085400000, 0x0000000085500000|  0%| F|  |TAMS 0x0000000085400000, 0x0000000085400000| Untracked 
|  37|0x0000000085500000, 0x0000000085500000, 0x0000000085600000|  0%| F|  |TAMS 0x0000000085500000, 0x0000000085500000| Untracked 
|  38|0x0000000085600000, 0x0000000085600000, 0x0000000085700000|  0%| F|  |TAMS 0x0000000085600000, 0x0000000085600000| Untracked 
|  39|0x0000000085700000, 0x0000000085700000, 0x0000000085800000|  0%| F|  |TAMS 0x0000000085700000, 0x0000000085700000| Untracked 
|  40|0x0000000085800000, 0x0000000085800000, 0x0000000085900000|  0%| F|  |TAMS 0x0000000085800000, 0x0000000085800000| Untracked 
|  41|0x0000000085900000, 0x0000000085900000, 0x0000000085a00000|  0%| F|  |TAMS 0x0000000085900000, 0x0000000085900000| Untracked 
|  42|0x0000000085a00000, 0x0000000085a00000, 0x0000000085b00000|  0%| F|  |TAMS 0x0000000085a00000, 0x0000000085a00000| Untracked 
|  43|0x0000000085b00000, 0x0000000085b00000, 0x0000000085c00000|  0%| F|  |TAMS 0x0000000085b00000, 0x0000000085b00000| Untracked 
|  44|0x0000000085c00000, 0x0000000085c00000, 0x0000000085d00000|  0%| F|  |TAMS 0x0000000085c00000, 0x0000000085c00000| Untracked 
|  45|0x0000000085d00000, 0x0000000085d00000, 0x0000000085e00000|  0%| F|  |TAMS 0x0000000085d00000, 0x0000000085d00000| Untracked 
|  46|0x0000000085e00000, 0x0000000085e00000, 0x0000000085f00000|  0%| F|  |TAMS 0x0000000085e00000, 0x0000000085e00000| Untracked 
|  47|0x0000000085f00000, 0x0000000085f00000, 0x0000000086000000|  0%| F|  |TAMS 0x0000000085f00000, 0x0000000085f00000| Untracked 
|  48|0x0000000086000000, 0x0000000086000000, 0x0000000086100000|  0%| F|  |TAMS 0x0000000086000000, 0x0000000086000000| Untracked 
|  49|0x0000000086100000, 0x0000000086100000, 0x0000000086200000|  0%| F|  |TAMS 0x0000000086100000, 0x0000000086100000| Untracked 
|  50|0x0000000086200000, 0x0000000086200000, 0x0000000086300000|  0%| F|  |TAMS 0x0000000086200000, 0x0000000086200000| Untracked 
|  51|0x0000000086300000, 0x000000008633f400, 0x0000000086400000| 24%| S|CS|TAMS 0x0000000086300000, 0x0000000086300000| Complete 
|  52|0x0000000086400000, 0x0000000086500000, 0x0000000086500000|100%| S|CS|TAMS 0x0000000086400000, 0x0000000086400000| Complete 
|  53|0x0000000086500000, 0x0000000086600000, 0x0000000086600000|100%| S|CS|TAMS 0x0000000086500000, 0x0000000086500000| Complete 
|  54|0x0000000086600000, 0x0000000086600000, 0x0000000086700000|  0%| F|  |TAMS 0x0000000086600000, 0x0000000086600000| Untracked 
|  55|0x0000000086700000, 0x0000000086700000, 0x0000000086800000|  0%| F|  |TAMS 0x0000000086700000, 0x0000000086700000| Untracked 
|  56|0x0000000086800000, 0x0000000086800000, 0x0000000086900000|  0%| F|  |TAMS 0x0000000086800000, 0x0000000086800000| Untracked 
|  57|0x0000000086900000, 0x0000000086900000, 0x0000000086a00000|  0%| F|  |TAMS 0x0000000086900000, 0x0000000086900000| Untracked 
|  58|0x0000000086a00000, 0x0000000086a00000, 0x0000000086b00000|  0%| F|  |TAMS 0x0000000086a00000, 0x0000000086a00000| Untracked 
|  59|0x0000000086b00000, 0x0000000086b00000, 0x0000000086c00000|  0%| F|  |TAMS 0x0000000086b00000, 0x0000000086b00000| Untracked 
|  60|0x0000000086c00000, 0x0000000086c00000, 0x0000000086d00000|  0%| F|  |TAMS 0x0000000086c00000, 0x0000000086c00000| Untracked 
|  61|0x0000000086d00000, 0x0000000086d00000, 0x0000000086e00000|  0%| F|  |TAMS 0x0000000086d00000, 0x0000000086d00000| Untracked 
|  62|0x0000000086e00000, 0x0000000086e00000, 0x0000000086f00000|  0%| F|  |TAMS 0x0000000086e00000, 0x0000000086e00000| Untracked 
|  63|0x0000000086f00000, 0x0000000086f00000, 0x0000000087000000|  0%| F|  |TAMS 0x0000000086f00000, 0x0000000086f00000| Untracked 
|  64|0x0000000087000000, 0x0000000087000000, 0x0000000087100000|  0%| F|  |TAMS 0x0000000087000000, 0x0000000087000000| Untracked 
|  65|0x0000000087100000, 0x0000000087100000, 0x0000000087200000|  0%| F|  |TAMS 0x0000000087100000, 0x0000000087100000| Untracked 
|  66|0x0000000087200000, 0x0000000087200000, 0x0000000087300000|  0%| F|  |TAMS 0x0000000087200000, 0x0000000087200000| Untracked 
|  67|0x0000000087300000, 0x0000000087300000, 0x0000000087400000|  0%| F|  |TAMS 0x0000000087300000, 0x0000000087300000| Untracked 
|  68|0x0000000087400000, 0x0000000087400000, 0x0000000087500000|  0%| F|  |TAMS 0x0000000087400000, 0x0000000087400000| Untracked 
|  69|0x0000000087500000, 0x0000000087500000, 0x0000000087600000|  0%| F|  |TAMS 0x0000000087500000, 0x0000000087500000| Untracked 
|  70|0x0000000087600000, 0x0000000087600000, 0x0000000087700000|  0%| F|  |TAMS 0x0000000087600000, 0x0000000087600000| Untracked 
|  71|0x0000000087700000, 0x0000000087700000, 0x0000000087800000|  0%| F|  |TAMS 0x0000000087700000, 0x0000000087700000| Untracked 
|  72|0x0000000087800000, 0x0000000087800000, 0x0000000087900000|  0%| F|  |TAMS 0x0000000087800000, 0x0000000087800000| Untracked 
|  73|0x0000000087900000, 0x0000000087900000, 0x0000000087a00000|  0%| F|  |TAMS 0x0000000087900000, 0x0000000087900000| Untracked 
|  74|0x0000000087a00000, 0x0000000087a00000, 0x0000000087b00000|  0%| F|  |TAMS 0x0000000087a00000, 0x0000000087a00000| Untracked 
|  75|0x0000000087b00000, 0x0000000087b00000, 0x0000000087c00000|  0%| F|  |TAMS 0x0000000087b00000, 0x0000000087b00000| Untracked 
|  76|0x0000000087c00000, 0x0000000087c00000, 0x0000000087d00000|  0%| F|  |TAMS 0x0000000087c00000, 0x0000000087c00000| Untracked 
|  77|0x0000000087d00000, 0x0000000087d00000, 0x0000000087e00000|  0%| F|  |TAMS 0x0000000087d00000, 0x0000000087d00000| Untracked 
|  78|0x0000000087e00000, 0x0000000087e00000, 0x0000000087f00000|  0%| F|  |TAMS 0x0000000087e00000, 0x0000000087e00000| Untracked 
|  79|0x0000000087f00000, 0x0000000087f00000, 0x0000000088000000|  0%| F|  |TAMS 0x0000000087f00000, 0x0000000087f00000| Untracked 
|  80|0x0000000088000000, 0x0000000088000000, 0x0000000088100000|  0%| F|  |TAMS 0x0000000088000000, 0x0000000088000000| Untracked 
|  81|0x0000000088100000, 0x0000000088100000, 0x0000000088200000|  0%| F|  |TAMS 0x0000000088100000, 0x0000000088100000| Untracked 
|  82|0x0000000088200000, 0x0000000088200000, 0x0000000088300000|  0%| F|  |TAMS 0x0000000088200000, 0x0000000088200000| Untracked 
|  83|0x0000000088300000, 0x0000000088300000, 0x0000000088400000|  0%| F|  |TAMS 0x0000000088300000, 0x0000000088300000| Untracked 
|  84|0x0000000088400000, 0x0000000088500000, 0x0000000088500000|100%| E|  |TAMS 0x0000000088400000, 0x0000000088400000| Complete 
|  85|0x0000000088500000, 0x0000000088600000, 0x0000000088600000|100%| E|CS|TAMS 0x0000000088500000, 0x0000000088500000| Complete 
|  86|0x0000000088600000, 0x0000000088700000, 0x0000000088700000|100%| E|CS|TAMS 0x0000000088600000, 0x0000000088600000| Complete 
|  87|0x0000000088700000, 0x0000000088800000, 0x0000000088800000|100%| E|CS|TAMS 0x0000000088700000, 0x0000000088700000| Complete 
|  88|0x0000000088800000, 0x0000000088900000, 0x0000000088900000|100%| E|CS|TAMS 0x0000000088800000, 0x0000000088800000| Complete 
|  89|0x0000000088900000, 0x0000000088a00000, 0x0000000088a00000|100%| E|CS|TAMS 0x0000000088900000, 0x0000000088900000| Complete 
|  90|0x0000000088a00000, 0x0000000088b00000, 0x0000000088b00000|100%| E|CS|TAMS 0x0000000088a00000, 0x0000000088a00000| Complete 
|  91|0x0000000088b00000, 0x0000000088c00000, 0x0000000088c00000|100%| E|CS|TAMS 0x0000000088b00000, 0x0000000088b00000| Complete 
|  92|0x0000000088c00000, 0x0000000088d00000, 0x0000000088d00000|100%| E|CS|TAMS 0x0000000088c00000, 0x0000000088c00000| Complete 
|  93|0x0000000088d00000, 0x0000000088e00000, 0x0000000088e00000|100%| E|CS|TAMS 0x0000000088d00000, 0x0000000088d00000| Complete 
|  94|0x0000000088e00000, 0x0000000088f00000, 0x0000000088f00000|100%| E|CS|TAMS 0x0000000088e00000, 0x0000000088e00000| Complete 
|  95|0x0000000088f00000, 0x0000000089000000, 0x0000000089000000|100%| E|CS|TAMS 0x0000000088f00000, 0x0000000088f00000| Complete 
|  96|0x0000000089000000, 0x0000000089100000, 0x0000000089100000|100%| E|CS|TAMS 0x0000000089000000, 0x0000000089000000| Complete 
|  97|0x0000000089100000, 0x0000000089200000, 0x0000000089200000|100%| E|CS|TAMS 0x0000000089100000, 0x0000000089100000| Complete 
|  98|0x0000000089200000, 0x0000000089300000, 0x0000000089300000|100%| E|CS|TAMS 0x0000000089200000, 0x0000000089200000| Complete 
|  99|0x0000000089300000, 0x0000000089400000, 0x0000000089400000|100%| E|CS|TAMS 0x0000000089300000, 0x0000000089300000| Complete 
| 100|0x0000000089400000, 0x0000000089500000, 0x0000000089500000|100%| E|CS|TAMS 0x0000000089400000, 0x0000000089400000| Complete 
| 101|0x0000000089500000, 0x0000000089600000, 0x0000000089600000|100%| E|CS|TAMS 0x0000000089500000, 0x0000000089500000| Complete 
| 102|0x0000000089600000, 0x0000000089700000, 0x0000000089700000|100%| E|CS|TAMS 0x0000000089600000, 0x0000000089600000| Complete 
| 103|0x0000000089700000, 0x0000000089800000, 0x0000000089800000|100%| E|CS|TAMS 0x0000000089700000, 0x0000000089700000| Complete 
| 104|0x0000000089800000, 0x0000000089900000, 0x0000000089900000|100%| E|CS|TAMS 0x0000000089800000, 0x0000000089800000| Complete 
| 105|0x0000000089900000, 0x0000000089a00000, 0x0000000089a00000|100%| E|CS|TAMS 0x0000000089900000, 0x0000000089900000| Complete 
| 106|0x0000000089a00000, 0x0000000089b00000, 0x0000000089b00000|100%| E|CS|TAMS 0x0000000089a00000, 0x0000000089a00000| Complete 
| 107|0x0000000089b00000, 0x0000000089c00000, 0x0000000089c00000|100%| E|CS|TAMS 0x0000000089b00000, 0x0000000089b00000| Complete 
| 108|0x0000000089c00000, 0x0000000089d00000, 0x0000000089d00000|100%| E|CS|TAMS 0x0000000089c00000, 0x0000000089c00000| Complete 
| 109|0x0000000089d00000, 0x0000000089e00000, 0x0000000089e00000|100%| E|CS|TAMS 0x0000000089d00000, 0x0000000089d00000| Complete 
| 110|0x0000000089e00000, 0x0000000089f00000, 0x0000000089f00000|100%| E|CS|TAMS 0x0000000089e00000, 0x0000000089e00000| Complete 
| 111|0x0000000089f00000, 0x000000008a000000, 0x000000008a000000|100%| E|CS|TAMS 0x0000000089f00000, 0x0000000089f00000| Complete 
| 112|0x000000008a000000, 0x000000008a100000, 0x000000008a100000|100%| E|CS|TAMS 0x000000008a000000, 0x000000008a000000| Complete 
| 113|0x000000008a100000, 0x000000008a200000, 0x000000008a200000|100%| E|CS|TAMS 0x000000008a100000, 0x000000008a100000| Complete 
| 114|0x000000008a200000, 0x000000008a300000, 0x000000008a300000|100%| E|CS|TAMS 0x000000008a200000, 0x000000008a200000| Complete 
| 115|0x000000008a300000, 0x000000008a400000, 0x000000008a400000|100%| E|CS|TAMS 0x000000008a300000, 0x000000008a300000| Complete 
| 116|0x000000008a400000, 0x000000008a500000, 0x000000008a500000|100%| E|CS|TAMS 0x000000008a400000, 0x000000008a400000| Complete 
| 117|0x000000008a500000, 0x000000008a600000, 0x000000008a600000|100%| E|CS|TAMS 0x000000008a500000, 0x000000008a500000| Complete 
| 118|0x000000008a600000, 0x000000008a700000, 0x000000008a700000|100%| E|CS|TAMS 0x000000008a600000, 0x000000008a600000| Complete 
| 119|0x000000008a700000, 0x000000008a800000, 0x000000008a800000|100%| E|CS|TAMS 0x000000008a700000, 0x000000008a700000| Complete 
| 120|0x000000008a800000, 0x000000008a900000, 0x000000008a900000|100%| E|CS|TAMS 0x000000008a800000, 0x000000008a800000| Complete 
| 121|0x000000008a900000, 0x000000008aa00000, 0x000000008aa00000|100%| E|CS|TAMS 0x000000008a900000, 0x000000008a900000| Complete 
| 122|0x000000008aa00000, 0x000000008ab00000, 0x000000008ab00000|100%| E|CS|TAMS 0x000000008aa00000, 0x000000008aa00000| Complete 
| 123|0x000000008ab00000, 0x000000008ac00000, 0x000000008ac00000|100%| E|CS|TAMS 0x000000008ab00000, 0x000000008ab00000| Complete 
| 124|0x000000008ac00000, 0x000000008ad00000, 0x000000008ad00000|100%| E|CS|TAMS 0x000000008ac00000, 0x000000008ac00000| Complete 
| 125|0x000000008ad00000, 0x000000008ae00000, 0x000000008ae00000|100%| E|CS|TAMS 0x000000008ad00000, 0x000000008ad00000| Complete 

Card table byte_map: [0x0000016b9d940000,0x0000016b9dd30000] _byte_map_base: 0x0000016b9d528000

Marking Bits (Prev, Next): (CMBitMap*) 0x0000016b8a192c80, (CMBitMap*) 0x0000016b8a192c48
 Prev Bits: [0x0000016ba0060000, 0x0000016ba1fa0000)
 Next Bits: [0x0000016b9e120000, 0x0000016ba0060000)

Polling page: 0x0000016b88020000

Metaspace:

Usage:
  Non-class:     23.58 MB capacity,    23.10 MB ( 98%) used,   399.66 KB (  2%) free+waste,    84.75 KB ( <1%) overhead. 
      Class:      3.12 MB capacity,     2.87 MB ( 92%) used,   220.27 KB (  7%) free+waste,    37.44 KB (  1%) overhead. 
       Both:     26.70 MB capacity,    25.97 MB ( 97%) used,   619.92 KB (  2%) free+waste,   122.19 KB ( <1%) overhead. 

Virtual space:
  Non-class space:       24.00 MB reserved,      23.75 MB ( 99%) committed 
      Class space:        1.00 GB reserved,       3.17 MB ( <1%) committed 
             Both:        1.02 GB reserved,      26.92 MB (  3%) committed 

Chunk freelists:
   Non-Class:  51.00 KB
       Class:  0 bytes
        Both:  51.00 KB

MaxMetaspaceSize: 17179869184.00 GB
CompressedClassSpaceSize: 1.00 GB

CodeHeap 'non-profiled nmethods': size=120000Kb used=5350Kb max_used=5350Kb free=114649Kb
 bounds [0x0000016b95cf0000, 0x0000016b96230000, 0x0000016b9d220000]
CodeHeap 'profiled nmethods': size=120000Kb used=12135Kb max_used=12135Kb free=107864Kb
 bounds [0x0000016b8e7c0000, 0x0000016b8f3a0000, 0x0000016b95cf0000]
CodeHeap 'non-nmethods': size=5760Kb used=1154Kb max_used=1231Kb free=4605Kb
 bounds [0x0000016b8e220000, 0x0000016b8e490000, 0x0000016b8e7c0000]
 total_blobs=9238 nmethods=5513 adapters=400
 compilation: enabled
              stopped_count=0, restarted_count=0
 full_count=0

Compilation events (20 events):
Event: 4349.333 Thread 0x0000016ba5298800 nmethod 5943 0x0000016b8f39ab90 code [0x0000016b8f39ad40, 0x0000016b8f39aed0]
Event: 4448.241 Thread 0x0000016ba5298800 5945       3       java.util.ArrayList::hashCodeRange (68 bytes)
Event: 4448.247 Thread 0x0000016ba5298800 nmethod 5945 0x0000016b8f39af90 code [0x0000016b8f39b180, 0x0000016b8f39b5c0]
Event: 4448.247 Thread 0x0000016ba5298800 5944       3       java.util.ArrayList::hashCode (22 bytes)
Event: 4448.250 Thread 0x0000016ba5298800 nmethod 5944 0x0000016b8f39b790 code [0x0000016b8f39b960, 0x0000016b8f39bcc0]
Event: 4450.248 Thread 0x0000016ba5292800 5946   !   4       okhttp3.internal.Util::closeQuietly (29 bytes)
Event: 4450.255 Thread 0x0000016ba5292800 nmethod 5946 0x0000016b9622a010 code [0x0000016b9622a1c0, 0x0000016b9622a298]
Event: 4450.282 Thread 0x0000016ba5298800 5947   !   3       java.util.concurrent.CopyOnWriteArrayList::add (46 bytes)
Event: 4450.284 Thread 0x0000016ba5298800 nmethod 5947 0x0000016b8f39be10 code [0x0000016b8f39c000, 0x0000016b8f39c610]
Event: 4450.294 Thread 0x0000016ba5298800 5948   !   3       java.io.BufferedWriter::flushBuffer (53 bytes)
Event: 4450.296 Thread 0x0000016ba5298800 nmethod 5948 0x0000016b8f39c910 code [0x0000016b8f39cb00, 0x0000016b8f39d100]
Event: 4450.342 Thread 0x0000016ba5298800 5949       3       java.lang.StackTraceElement::equals (122 bytes)
Event: 4450.343 Thread 0x0000016ba5298800 nmethod 5949 0x0000016b8f39d390 code [0x0000016b8f39d620, 0x0000016b8f39e340]
Event: 4450.343 Thread 0x0000016ba5298800 5950       3       java.lang.AbstractStringBuilder::append (60 bytes)
Event: 4450.345 Thread 0x0000016ba5298800 nmethod 5950 0x0000016b8f39e610 code [0x0000016b8f39e800, 0x0000016b8f39eba0]
Event: 4450.345 Thread 0x0000016ba5298800 5951   !   3       java.io.BufferedWriter::write (117 bytes)
Event: 4450.346 Thread 0x0000016ba5298800 nmethod 5951 0x0000016b8f39ed10 code [0x0000016b8f39ef20, 0x0000016b8f39f610]
Event: 4450.346 Thread 0x0000016ba5298800 5952       3       java.io.BufferedWriter::min (9 bytes)
Event: 4450.346 Thread 0x0000016ba5298800 nmethod 5952 0x0000016b8f39f990 code [0x0000016b8f39fb40, 0x0000016b8f39fcf8]
Event: 4450.399 Thread 0x0000016ba5292800 5953   !   4       jdk.internal.reflect.GeneratedMethodAccessor7::invoke (68 bytes)

GC Heap History (20 events):
Event: 2909.227 GC heap before
{Heap before GC invocations=27 (full 0):
 garbage-first heap   total 129024K, used 90379K [0x0000000083000000, 0x0000000100000000)
  region size 1024K, 75 young (76800K), 3 survivors (3072K)
 Metaspace       used 26478K, capacity 27199K, committed 27312K, reserved 1073152K
  class space    used 2934K, capacity 3194K, committed 3248K, reserved 1048576K
}
Event: 2909.231 GC heap after
{Heap after GC invocations=28 (full 0):
 garbage-first heap   total 129024K, used 16552K [0x0000000083000000, 0x0000000100000000)
  region size 1024K, 2 young (2048K), 2 survivors (2048K)
 Metaspace       used 26478K, capacity 27199K, committed 27312K, reserved 1073152K
  class space    used 2934K, capacity 3194K, committed 3248K, reserved 1048576K
}
Event: 3055.554 GC heap before
{Heap before GC invocations=28 (full 0):
 garbage-first heap   total 129024K, used 91304K [0x0000000083000000, 0x0000000100000000)
  region size 1024K, 75 young (76800K), 2 survivors (2048K)
 Metaspace       used 26485K, capacity 27205K, committed 27312K, reserved 1073152K
  class space    used 2934K, capacity 3195K, committed 3248K, reserved 1048576K
}
Event: 3055.577 GC heap after
{Heap after GC invocations=29 (full 0):
 garbage-first heap   total 129024K, used 16553K [0x0000000083000000, 0x0000000100000000)
  region size 1024K, 2 young (2048K), 2 survivors (2048K)
 Metaspace       used 26485K, capacity 27205K, committed 27312K, reserved 1073152K
  class space    used 2934K, capacity 3195K, committed 3248K, reserved 1048576K
}
Event: 3256.741 GC heap before
{Heap before GC invocations=29 (full 0):
 garbage-first heap   total 129024K, used 91305K [0x0000000083000000, 0x0000000100000000)
  region size 1024K, 75 young (76800K), 2 survivors (2048K)
 Metaspace       used 26488K, capacity 27205K, committed 27312K, reserved 1073152K
  class space    used 2934K, capacity 3195K, committed 3248K, reserved 1048576K
}
Event: 3256.786 GC heap after
{Heap after GC invocations=30 (full 0):
 garbage-first heap   total 129024K, used 16836K [0x0000000083000000, 0x0000000100000000)
  region size 1024K, 3 young (3072K), 3 survivors (3072K)
 Metaspace       used 26488K, capacity 27205K, committed 27312K, reserved 1073152K
  class space    used 2934K, capacity 3195K, committed 3248K, reserved 1048576K
}
Event: 3306.454 GC heap before
{Heap before GC invocations=30 (full 0):
 garbage-first heap   total 129024K, used 90564K [0x0000000083000000, 0x0000000100000000)
  region size 1024K, 75 young (76800K), 3 survivors (3072K)
 Metaspace       used 26500K, capacity 27270K, committed 27568K, reserved 1073152K
  class space    used 2934K, capacity 3195K, committed 3248K, reserved 1048576K
}
Event: 3306.489 GC heap after
{Heap after GC invocations=31 (full 0):
 garbage-first heap   total 129024K, used 16982K [0x0000000083000000, 0x0000000100000000)
  region size 1024K, 3 young (3072K), 3 survivors (3072K)
 Metaspace       used 26500K, capacity 27270K, committed 27568K, reserved 1073152K
  class space    used 2934K, capacity 3195K, committed 3248K, reserved 1048576K
}
Event: 3414.819 GC heap before
{Heap before GC invocations=31 (full 0):
 garbage-first heap   total 129024K, used 90710K [0x0000000083000000, 0x0000000100000000)
  region size 1024K, 75 young (76800K), 3 survivors (3072K)
 Metaspace       used 26507K, capacity 27271K, committed 27568K, reserved 1073152K
  class space    used 2934K, capacity 3195K, committed 3248K, reserved 1048576K
}
Event: 3414.854 GC heap after
{Heap after GC invocations=32 (full 0):
 garbage-first heap   total 129024K, used 17146K [0x0000000083000000, 0x0000000100000000)
  region size 1024K, 3 young (3072K), 3 survivors (3072K)
 Metaspace       used 26507K, capacity 27271K, committed 27568K, reserved 1073152K
  class space    used 2934K, capacity 3195K, committed 3248K, reserved 1048576K
}
Event: 3594.295 GC heap before
{Heap before GC invocations=32 (full 0):
 garbage-first heap   total 129024K, used 90874K [0x0000000083000000, 0x0000000100000000)
  region size 1024K, 75 young (76800K), 3 survivors (3072K)
 Metaspace       used 26531K, capacity 27271K, committed 27568K, reserved 1073152K
  class space    used 2934K, capacity 3195K, committed 3248K, reserved 1048576K
}
Event: 3594.313 GC heap after
{Heap after GC invocations=33 (full 0):
 garbage-first heap   total 129024K, used 17020K [0x0000000083000000, 0x0000000100000000)
  region size 1024K, 2 young (2048K), 2 survivors (2048K)
 Metaspace       used 26531K, capacity 27271K, committed 27568K, reserved 1073152K
  class space    used 2934K, capacity 3195K, committed 3248K, reserved 1048576K
}
Event: 3813.841 GC heap before
{Heap before GC invocations=33 (full 0):
 garbage-first heap   total 129024K, used 91772K [0x0000000083000000, 0x0000000100000000)
  region size 1024K, 75 young (76800K), 2 survivors (2048K)
 Metaspace       used 26537K, capacity 27272K, committed 27568K, reserved 1073152K
  class space    used 2934K, capacity 3195K, committed 3248K, reserved 1048576K
}
Event: 3813.904 GC heap after
{Heap after GC invocations=34 (full 0):
 garbage-first heap   total 129024K, used 17334K [0x0000000083000000, 0x0000000100000000)
  region size 1024K, 3 young (3072K), 3 survivors (3072K)
 Metaspace       used 26537K, capacity 27272K, committed 27568K, reserved 1073152K
  class space    used 2934K, capacity 3195K, committed 3248K, reserved 1048576K
}
Event: 3923.330 GC heap before
{Heap before GC invocations=34 (full 0):
 garbage-first heap   total 129024K, used 91062K [0x0000000083000000, 0x0000000100000000)
  region size 1024K, 75 young (76800K), 3 survivors (3072K)
 Metaspace       used 26546K, capacity 27272K, committed 27568K, reserved 1073152K
  class space    used 2934K, capacity 3195K, committed 3248K, reserved 1048576K
}
Event: 3923.360 GC heap after
{Heap after GC invocations=35 (full 0):
 garbage-first heap   total 129024K, used 17186K [0x0000000083000000, 0x0000000100000000)
  region size 1024K, 2 young (2048K), 2 survivors (2048K)
 Metaspace       used 26546K, capacity 27272K, committed 27568K, reserved 1073152K
  class space    used 2934K, capacity 3195K, committed 3248K, reserved 1048576K
}
Event: 4025.033 GC heap before
{Heap before GC invocations=35 (full 0):
 garbage-first heap   total 129024K, used 91938K [0x0000000083000000, 0x0000000100000000)
  region size 1024K, 75 young (76800K), 2 survivors (2048K)
 Metaspace       used 26562K, capacity 27336K, committed 27568K, reserved 1073152K
  class space    used 2934K, capacity 3195K, committed 3248K, reserved 1048576K
}
Event: 4025.093 GC heap after
{Heap after GC invocations=36 (full 0):
 garbage-first heap   total 129024K, used 17511K [0x0000000083000000, 0x0000000100000000)
  region size 1024K, 3 young (3072K), 3 survivors (3072K)
 Metaspace       used 26562K, capacity 27336K, committed 27568K, reserved 1073152K
  class space    used 2934K, capacity 3195K, committed 3248K, reserved 1048576K
}
Event: 4308.186 GC heap before
{Heap before GC invocations=36 (full 0):
 garbage-first heap   total 129024K, used 91239K [0x0000000083000000, 0x0000000100000000)
  region size 1024K, 75 young (76800K), 3 survivors (3072K)
 Metaspace       used 26578K, capacity 27336K, committed 27568K, reserved 1073152K
  class space    used 2934K, capacity 3195K, committed 3248K, reserved 1048576K
}
Event: 4308.238 GC heap after
{Heap after GC invocations=37 (full 0):
 garbage-first heap   total 129024K, used 17746K [0x0000000083000000, 0x0000000100000000)
  region size 1024K, 3 young (3072K), 3 survivors (3072K)
 Metaspace       used 26578K, capacity 27336K, committed 27568K, reserved 1073152K
  class space    used 2934K, capacity 3195K, committed 3248K, reserved 1048576K
}

Deoptimization events (20 events):
Event: 4446.197 Thread 0x0000016b8a159000 Uncommon trap: trap_request=0xffffff4d fr.pc=0x0000016b9609d85c relative=0x000000000000053c
Event: 4446.198 Thread 0x0000016b8a159000 Uncommon trap: reason=unstable_if action=reinterpret pc=0x0000016b9609d85c method=okhttp3.internal.connection.StreamAllocation.deallocate(ZZZ)Ljava/net/Socket; @ 53 c2
Event: 4446.198 Thread 0x0000016b8a159000 DEOPT PACKING pc=0x0000016b9609d85c sp=0x0000002054afcd80
Event: 4446.198 Thread 0x0000016b8a159000 DEOPT UNPACKING pc=0x0000016b8e248f2f sp=0x0000002054afcd58 mode 2
Event: 4446.210 Thread 0x0000016b8a159000 Uncommon trap: trap_request=0xffffff4d fr.pc=0x0000016b961ff630 relative=0x00000000000012f0
Event: 4446.211 Thread 0x0000016b8a159000 Uncommon trap: reason=unstable_if action=reinterpret pc=0x0000016b961ff630 method=okhttp3.internal.connection.StreamAllocation.findConnection(IIIIZ)Lokhttp3/internal/connection/RealConnection; @ 100 c2
Event: 4446.211 Thread 0x0000016b8a159000 DEOPT PACKING pc=0x0000016b961ff630 sp=0x0000002054afca60
Event: 4446.211 Thread 0x0000016b8a159000 DEOPT UNPACKING pc=0x0000016b8e248f2f sp=0x0000002054afca08 mode 2
Event: 4450.249 Thread 0x0000016b8a159000 Uncommon trap: trap_request=0x00000016 fr.pc=0x0000016b9616359c relative=0x00000000000010dc
Event: 4450.249 Thread 0x0000016b8a159000 Uncommon trap: reason=unloaded action=reinterpret pc=0x0000016b9616359c method=org.openqa.selenium.remote.service.DriverCommandExecutor.execute(Lorg/openqa/selenium/remote/Command;)Lorg/openqa/selenium/remote/Response; @ 96 c2
Event: 4450.251 Thread 0x0000016b8a159000 DEOPT PACKING pc=0x0000016b9616359c sp=0x0000002054afd360
Event: 4450.251 Thread 0x0000016b8a159000 DEOPT UNPACKING pc=0x0000016b8e248f2f sp=0x0000002054afd288 mode 2
Event: 4450.287 Thread 0x0000016b8a159000 Uncommon trap: trap_request=0xffffff4d fr.pc=0x0000016b95e75464 relative=0x0000000000000624
Event: 4450.287 Thread 0x0000016b8a159000 Uncommon trap: reason=unstable_if action=reinterpret pc=0x0000016b95e75464 method=java.io.BufferedWriter.min(II)I @ 2 c2
Event: 4450.287 Thread 0x0000016b8a159000 DEOPT PACKING pc=0x0000016b95e75464 sp=0x0000002054afdc30
Event: 4450.287 Thread 0x0000016b8a159000 DEOPT UNPACKING pc=0x0000016b8e248f2f sp=0x0000002054afdb60 mode 2
Event: 4450.289 Thread 0x0000016b8a159000 Uncommon trap: trap_request=0xffffff4d fr.pc=0x0000016b95e7c2a0 relative=0x0000000000000dc0
Event: 4450.289 Thread 0x0000016b8a159000 Uncommon trap: reason=unstable_if action=reinterpret pc=0x0000016b95e7c2a0 method=java.nio.charset.CoderResult.isOverflow()Z @ 5 c2
Event: 4450.289 Thread 0x0000016b8a159000 DEOPT PACKING pc=0x0000016b95e7c2a0 sp=0x0000002054afdb40
Event: 4450.289 Thread 0x0000016b8a159000 DEOPT UNPACKING pc=0x0000016b8e248f2f sp=0x0000002054afd858 mode 2

Classes redefined (0 events):
No events

Internal exceptions (20 events):
Event: 4345.539 Thread 0x0000016b8a159000 Exception <a 'java/net/SocketTimeoutException'{0x0000000088c5b8d8}: Read timed out> (0x0000000088c5b8d8) thrown at [c:/BuildAgent/work/5ff2f6c26000d570/src/hotspot/share/prims/jni.cpp, line 636]
Event: 4345.553 Thread 0x0000016b8a159000 Exception <a 'java/net/SocketTimeoutException'{0x0000000088c7abf0}: Read timed out> (0x0000000088c7abf0) thrown at [c:/BuildAgent/work/5ff2f6c26000d570/src/hotspot/share/prims/jni.cpp, line 636]
Event: 4347.212 Thread 0x0000016b8a159000 Exception <a 'java/net/SocketTimeoutException'{0x0000000088c8c520}: Read timed out> (0x0000000088c8c520) thrown at [c:/BuildAgent/work/5ff2f6c26000d570/src/hotspot/share/prims/jni.cpp, line 636]
Event: 4347.233 Thread 0x0000016b8a159000 Exception <a 'java/net/SocketTimeoutException'{0x0000000088ca3ab0}: Read timed out> (0x0000000088ca3ab0) thrown at [c:/BuildAgent/work/5ff2f6c26000d570/src/hotspot/share/prims/jni.cpp, line 636]
Event: 4349.331 Thread 0x0000016b8a159000 Exception <a 'java/net/SocketTimeoutException'{0x0000000088cd14c0}: Read timed out> (0x0000000088cd14c0) thrown at [c:/BuildAgent/work/5ff2f6c26000d570/src/hotspot/share/prims/jni.cpp, line 636]
Event: 4349.358 Thread 0x0000016b8a159000 Exception <a 'java/net/SocketTimeoutException'{0x00000000889fad28}: Read timed out> (0x00000000889fad28) thrown at [c:/BuildAgent/work/5ff2f6c26000d570/src/hotspot/share/prims/jni.cpp, line 636]
Event: 4349.371 Thread 0x0000016b8a159000 Exception <a 'java/net/SocketTimeoutException'{0x0000000088830948}: Read timed out> (0x0000000088830948) thrown at [c:/BuildAgent/work/5ff2f6c26000d570/src/hotspot/share/prims/jni.cpp, line 636]
Event: 4349.384 Thread 0x0000016b8a159000 Exception <a 'java/net/SocketTimeoutException'{0x000000008884d038}: Read timed out> (0x000000008884d038) thrown at [c:/BuildAgent/work/5ff2f6c26000d570/src/hotspot/share/prims/jni.cpp, line 636]
Event: 4349.392 Thread 0x0000016b8a159000 Exception <a 'java/net/SocketTimeoutException'{0x0000000088868308}: Read timed out> (0x0000000088868308) thrown at [c:/BuildAgent/work/5ff2f6c26000d570/src/hotspot/share/prims/jni.cpp, line 636]
Event: 4349.450 Thread 0x0000016b8a159000 Exception <a 'java/net/SocketTimeoutException'{0x0000000088879b90}: Read timed out> (0x0000000088879b90) thrown at [c:/BuildAgent/work/5ff2f6c26000d570/src/hotspot/share/prims/jni.cpp, line 636]
Event: 4349.461 Thread 0x0000016b8a159000 Exception <a 'java/net/SocketTimeoutException'{0x0000000088891128}: Read timed out> (0x0000000088891128) thrown at [c:/BuildAgent/work/5ff2f6c26000d570/src/hotspot/share/prims/jni.cpp, line 636]
Event: 4352.514 Thread 0x0000016b8a159000 Exception <a 'java/net/SocketTimeoutException'{0x00000000888a2da0}: Read timed out> (0x00000000888a2da0) thrown at [c:/BuildAgent/work/5ff2f6c26000d570/src/hotspot/share/prims/jni.cpp, line 636]
Event: 4352.531 Thread 0x0000016b8a159000 Exception <a 'java/net/SocketTimeoutException'{0x00000000888bb000}: Read timed out> (0x00000000888bb000) thrown at [c:/BuildAgent/work/5ff2f6c26000d570/src/hotspot/share/prims/jni.cpp, line 636]
Event: 4353.592 Thread 0x0000016b8a159000 Exception <a 'java/net/SocketTimeoutException'{0x00000000888ccce8}: Read timed out> (0x00000000888ccce8) thrown at [c:/BuildAgent/work/5ff2f6c26000d570/src/hotspot/share/prims/jni.cpp, line 636]
Event: 4394.273 Thread 0x0000016b8a159000 Exception <a 'java/net/SocketTimeoutException'{0x00000000888f3880}: Read timed out> (0x00000000888f3880) thrown at [c:/BuildAgent/work/5ff2f6c26000d570/src/hotspot/share/prims/jni.cpp, line 636]
Event: 4434.304 Thread 0x0000016b8a159000 Exception <a 'java/net/SocketTimeoutException'{0x000000008871a8e0}: Read timed out> (0x000000008871a8e0) thrown at [c:/BuildAgent/work/5ff2f6c26000d570/src/hotspot/share/prims/jni.cpp, line 636]
Event: 4446.159 Thread 0x0000016b8a159000 Exception <a 'sun/net/ConnectionResetException'{0x000000008871b448}: > (0x000000008871b448) thrown at [c:/BuildAgent/work/5ff2f6c26000d570/src/hotspot/share/prims/jni.cpp, line 636]
Event: 4448.237 Thread 0x0000016b8a159000 Exception <a 'java/net/ConnectException'{0x0000000088725978}: Connection refused: connect> (0x0000000088725978) thrown at [c:/BuildAgent/work/5ff2f6c26000d570/src/hotspot/share/prims/jni.cpp, line 636]
Event: 4450.246 Thread 0x0000016b8a159000 Exception <a 'java/net/ConnectException'{0x0000000088727fd8}: Connection refused: connect> (0x0000000088727fd8) thrown at [c:/BuildAgent/work/5ff2f6c26000d570/src/hotspot/share/prims/jni.cpp, line 636]
Event: 4450.253 Thread 0x0000016b8a159000 Exception <a 'java/lang/reflect/InvocationTargetException'{0x000000008872a568}> (0x000000008872a568) thrown at [c:/BuildAgent/work/5ff2f6c26000d570/src/hotspot/share/runtime/reflection.cpp, line 1247]

Events (20 events):
Event: 4418.481 Executing VM operation: RevokeBias done
Event: 4418.482 Executing VM operation: RevokeBias
Event: 4418.482 Executing VM operation: RevokeBias done
Event: 4446.156 Executing VM operation: RevokeBias
Event: 4446.158 Executing coalesced safepoint VM operation: RevokeBias
Event: 4446.158 Executing coalesced safepoint VM operation: RevokeBias done
Event: 4446.158 Executing VM operation: RevokeBias done
Event: 4446.158 Thread 0x0000016ba597d000 Thread exited: 0x0000016ba597d000
Event: 4446.159 Thread 0x0000016ba597a000 Thread exited: 0x0000016ba597a000
Event: 4446.167 loading class okhttp3/internal/http2/ConnectionShutdownException
Event: 4446.167 loading class okhttp3/internal/http2/ConnectionShutdownException done
Event: 4446.177 Executing VM operation: RevokeBias
Event: 4446.180 Executing VM operation: RevokeBias done
Event: 4446.181 Thread 0x0000016ba597f000 Thread exited: 0x0000016ba597f000
Event: 4446.193 loading class okhttp3/internal/http2/StreamResetException
Event: 4446.193 loading class okhttp3/internal/http2/StreamResetException done
Event: 4446.200 loading class okhttp3/internal/http/UnrepeatableRequestBody
Event: 4446.200 loading class okhttp3/internal/http/UnrepeatableRequestBody done
Event: 4446.203 loading class javax/net/ssl/SSLHandshakeException
Event: 4446.210 loading class javax/net/ssl/SSLHandshakeException done


Dynamic libraries:
0x00007ff60fd50000 - 0x00007ff60fd5a000 	C:\Users\pbonthal\AppData\Local\JetBrains\IntelliJ IDEA Community Edition 2019.3.3\jbr\bin\java.exe
0x00007ff930d40000 - 0x00007ff930f30000 	C:\WINDOWS\SYSTEM32\ntdll.dll
0x00007ff92f850000 - 0x00007ff92f902000 	C:\WINDOWS\System32\KERNEL32.DLL
0x00007ff92e840000 - 0x00007ff92eae4000 	C:\WINDOWS\System32\KERNELBASE.dll
0x00007ff92e520000 - 0x00007ff92e61a000 	C:\WINDOWS\System32\ucrtbase.dll
0x00007ff910090000 - 0x00007ff9100a7000 	C:\Users\pbonthal\AppData\Local\JetBrains\IntelliJ IDEA Community Edition 2019.3.3\jbr\bin\VCRUNTIME140.dll
0x00007ff90ffa0000 - 0x00007ff90ffb9000 	C:\Users\pbonthal\AppData\Local\JetBrains\IntelliJ IDEA Community Edition 2019.3.3\jbr\bin\jli.dll
0x00007ff930430000 - 0x00007ff9305c4000 	C:\WINDOWS\System32\USER32.dll
0x00007ff92e6c0000 - 0x00007ff92e6e1000 	C:\WINDOWS\System32\win32u.dll
0x00007ff92f910000 - 0x00007ff92f936000 	C:\WINDOWS\System32\GDI32.dll
0x00007ff92eaf0000 - 0x00007ff92ec85000 	C:\WINDOWS\System32\gdi32full.dll
0x00007ff9128d0000 - 0x00007ff912b54000 	C:\WINDOWS\WinSxS\amd64_microsoft.windows.common-controls_6595b64144ccf1df_6.0.18362.900_none_e6beb9d913147d17\COMCTL32.dll
0x00007ff92e620000 - 0x00007ff92e6be000 	C:\WINDOWS\System32\msvcp_win.dll
0x00007ff92f340000 - 0x00007ff92f3de000 	C:\WINDOWS\System32\msvcrt.dll
0x00007ff930790000 - 0x00007ff930ac5000 	C:\WINDOWS\System32\combase.dll
0x00007ff9305d0000 - 0x00007ff9306f0000 	C:\WINDOWS\System32\RPCRT4.dll
0x00007ff92dd20000 - 0x00007ff92dda0000 	C:\WINDOWS\System32\bcryptPrimitives.dll
0x00007ff92f940000 - 0x00007ff92f96e000 	C:\WINDOWS\System32\IMM32.DLL
0x00007ff9067f0000 - 0x00007ff90688d000 	C:\Users\pbonthal\AppData\Local\JetBrains\IntelliJ IDEA Community Edition 2019.3.3\jbr\bin\msvcp140.dll
0x00007ff8c7b10000 - 0x00007ff8c85cd000 	C:\Users\pbonthal\AppData\Local\JetBrains\IntelliJ IDEA Community Edition 2019.3.3\jbr\bin\server\jvm.dll
0x00007ff92ef50000 - 0x00007ff92eff3000 	C:\WINDOWS\System32\ADVAPI32.dll
0x00007ff9306f0000 - 0x00007ff930787000 	C:\WINDOWS\System32\sechost.dll
0x00007ff92f180000 - 0x00007ff92f188000 	C:\WINDOWS\System32\PSAPI.DLL
0x00007ff9251e0000 - 0x00007ff9251ea000 	C:\WINDOWS\SYSTEM32\VERSION.dll
0x00007ff911160000 - 0x00007ff911169000 	C:\WINDOWS\SYSTEM32\WSOCK32.dll
0x00007ff92b690000 - 0x00007ff92b6b4000 	C:\WINDOWS\SYSTEM32\WINMM.dll
0x00007ff930210000 - 0x00007ff93027f000 	C:\WINDOWS\System32\WS2_32.dll
0x00007ff92b660000 - 0x00007ff92b68d000 	C:\WINDOWS\SYSTEM32\WINMMBASE.dll
0x00007ff92dcd0000 - 0x00007ff92dd1a000 	C:\WINDOWS\System32\cfgmgr32.dll
0x00007ff92dc40000 - 0x00007ff92dc51000 	C:\WINDOWS\System32\kernel.appcore.dll
0x00007ff92b710000 - 0x00007ff92b721000 	C:\Users\pbonthal\AppData\Local\JetBrains\IntelliJ IDEA Community Edition 2019.3.3\jbr\bin\verify.dll
0x00007ff92b8e0000 - 0x00007ff92bad4000 	C:\WINDOWS\SYSTEM32\DBGHELP.DLL
0x00007ff90f180000 - 0x00007ff90f1aa000 	C:\WINDOWS\SYSTEM32\dbgcore.DLL
0x00007ff908a70000 - 0x00007ff908a99000 	C:\Users\pbonthal\AppData\Local\JetBrains\IntelliJ IDEA Community Edition 2019.3.3\jbr\bin\java.dll
0x00007ff927b10000 - 0x00007ff927b1f000 	C:\Users\pbonthal\AppData\Local\JetBrains\IntelliJ IDEA Community Edition 2019.3.3\jbr\bin\instrument.dll
0x00007ff92b6f0000 - 0x00007ff92b708000 	C:\Users\pbonthal\AppData\Local\JetBrains\IntelliJ IDEA Community Edition 2019.3.3\jbr\bin\zip.dll
0x00007ff92aae0000 - 0x00007ff92aaeb000 	C:\Users\pbonthal\AppData\Local\JetBrains\IntelliJ IDEA Community Edition 2019.3.3\jbr\bin\jimage.dll
0x00007ff92f980000 - 0x00007ff930066000 	C:\WINDOWS\System32\SHELL32.dll
0x00007ff92f070000 - 0x00007ff92f119000 	C:\WINDOWS\System32\shcore.dll
0x00007ff92dda0000 - 0x00007ff92e520000 	C:\WINDOWS\System32\windows.storage.dll
0x00007ff92dc10000 - 0x00007ff92dc33000 	C:\WINDOWS\System32\profapi.dll
0x00007ff92dc80000 - 0x00007ff92dcca000 	C:\WINDOWS\System32\powrprof.dll
0x00007ff92dc00000 - 0x00007ff92dc10000 	C:\WINDOWS\System32\UMPDC.dll
0x00007ff92f000000 - 0x00007ff92f052000 	C:\WINDOWS\System32\shlwapi.dll
0x00007ff92ec90000 - 0x00007ff92eca7000 	C:\WINDOWS\System32\cryptsp.dll
0x00007ff90fbe0000 - 0x00007ff90fbfa000 	C:\Users\pbonthal\AppData\Local\JetBrains\IntelliJ IDEA Community Edition 2019.3.3\jbr\bin\net.dll
0x00007ff924e90000 - 0x00007ff924f80000 	C:\WINDOWS\SYSTEM32\WINHTTP.dll
0x00007ff92d470000 - 0x00007ff92d4d7000 	C:\WINDOWS\system32\mswsock.dll
0x00007ff90c6f0000 - 0x00007ff90c704000 	C:\Users\pbonthal\AppData\Local\JetBrains\IntelliJ IDEA Community Edition 2019.3.3\jbr\bin\nio.dll
0x00007ff9232e0000 - 0x00007ff9232fa000 	C:\Users\pbonthal\AppData\Local\JetBrains\IntelliJ IDEA Community Edition 2019.3.3\bin\breakgen64.dll
0x00007ff92d1c0000 - 0x00007ff92d28b000 	C:\WINDOWS\SYSTEM32\DNSAPI.dll
0x00007ff92f970000 - 0x00007ff92f978000 	C:\WINDOWS\System32\NSI.dll
0x00007ff92d180000 - 0x00007ff92d1ba000 	C:\WINDOWS\SYSTEM32\IPHLPAPI.DLL
0x00007ff91fde0000 - 0x00007ff91fdea000 	C:\Windows\System32\rasadhlp.dll
0x00007ff928950000 - 0x00007ff9289c7000 	C:\WINDOWS\System32\fwpuclnt.dll
0x00007ff92ed10000 - 0x00007ff92ed36000 	C:\WINDOWS\System32\bcrypt.dll
0x00007ff908740000 - 0x00007ff908768000 	C:\Users\pbonthal\AppData\Local\JetBrains\IntelliJ IDEA Community Edition 2019.3.3\jbr\bin\sunec.dll
0x00007ff92cfe0000 - 0x00007ff92d013000 	C:\WINDOWS\system32\rsaenh.dll
0x00007ff92db20000 - 0x00007ff92db45000 	C:\WINDOWS\SYSTEM32\USERENV.dll
0x00007ff92d640000 - 0x00007ff92d64c000 	C:\WINDOWS\SYSTEM32\CRYPTBASE.dll
0x00007ff928360000 - 0x00007ff928376000 	C:\WINDOWS\SYSTEM32\dhcpcsvc6.DLL
0x00007ff9282f0000 - 0x00007ff92830c000 	C:\WINDOWS\SYSTEM32\dhcpcsvc.DLL
0x00007ff90c7f0000 - 0x00007ff90c806000 	C:\WINDOWS\system32\napinsp.dll
0x00007ff90c710000 - 0x00007ff90c72a000 	C:\WINDOWS\system32\pnrpnsp.dll
0x00007ff911f40000 - 0x00007ff911f4e000 	C:\WINDOWS\System32\winrnr.dll
0x00007ff925820000 - 0x00007ff92583c000 	C:\WINDOWS\system32\NLAapi.dll
0x00007ff928380000 - 0x00007ff928395000 	C:\WINDOWS\system32\wshbth.dll

dbghelp: loaded successfully - version: 4.0.5 - missing functions: none
symbol engine: initialized successfully - sym options: 0x614 - pdb path: .;C:\Users\pbonthal\AppData\Local\JetBrains\IntelliJ IDEA Community Edition 2019.3.3\jbr\bin;C:\WINDOWS\SYSTEM32;C:\WINDOWS\WinSxS\amd64_microsoft.windows.common-controls_6595b64144ccf1df_6.0.18362.900_none_e6beb9d913147d17;C:\Users\pbonthal\AppData\Local\JetBrains\IntelliJ IDEA Community Edition 2019.3.3\jbr\bin\server;C:\Users\pbonthal\AppData\Local\JetBrains\IntelliJ IDEA Community Edition 2019.3.3\bin

VM Arguments:
jvm_args: -ea -DnodeNamesHandler=AsText -Didea.test.cyclic.buffer.size=1048576 -javaagent:C:\Users\pbonthal\AppData\Local\JetBrains\IntelliJ IDEA Community Edition 2019.3.3\lib\idea_rt.jar=60904:C:\Users\pbonthal\AppData\Local\JetBrains\IntelliJ IDEA Community Edition 2019.3.3\bin -Dfile.encoding=UTF-8 
java_command: com.intellij.rt.junit.JUnitStarter -ideVersion5 -junit4 com.automation.runner.SmokeTest_RunnerFiles.RunnerTest3 @N Times50
java_class_path (initial): C:\Users\pbonthal\AppData\Local\JetBrains\IntelliJ IDEA Community Edition 2019.3.3\lib\idea_rt.jar;C:\Users\pbonthal\AppData\Local\JetBrains\IntelliJ IDEA Community Edition 2019.3.3\plugins\junit\lib\junit5-rt.jar;C:\Users\pbonthal\AppData\Local\JetBrains\IntelliJ IDEA Community Edition 2019.3.3\plugins\junit\lib\junit-rt.jar;C:\Users\pbonthal\IdeaProjects\Phoenix\target\test-classes;C:\Users\pbonthal\IdeaProjects\Phoenix\target\classes;C:\Users\pbonthal\.m2\repository\org\seleniumhq\selenium\selenium-java\3.141.59\selenium-java-3.141.59.jar;C:\Users\pbonthal\.m2\repository\org\seleniumhq\selenium\selenium-api\3.141.59\selenium-api-3.141.59.jar;C:\Users\pbonthal\.m2\repository\org\seleniumhq\selenium\selenium-chrome-driver\3.141.59\selenium-chrome-driver-3.141.59.jar;C:\Users\pbonthal\.m2\repository\org\seleniumhq\selenium\selenium-edge-driver\3.141.59\selenium-edge-driver-3.141.59.jar;C:\Users\pbonthal\.m2\repository\org\seleniumhq\selenium\selenium-firefox-driver\3.141.59\selenium-firefox-driver-3.141.59.jar;C:\Users\pbonthal\.m2\repository\org\seleniumhq\selenium\selenium-ie-driver\3.141.59\selenium-ie-driver-3.141.59.jar;C:\Users\pbonthal\.m2\repository\org\seleniumhq\selenium\selenium-opera-driver\3.141.59\selenium-opera-driver-3.141.59.jar;C:\Users\pbonthal\.m2\repository\org\seleniumhq\selenium\selenium-remote-driver\3.141.59\selenium-remote-driver-3.141.59.jar;C:\Users\pbonthal\.m2\repository\org\seleniumhq\selenium\selenium-safari-driver\3.141.59\selenium-safari-driver-3.141.59.jar;C:\Users\pbonthal\.m2\repository\org\seleniumhq\selenium\selenium-support\3.141.59\selenium-support-3.141.59.jar;C:\Users\pbonthal\.m2\repository\net\bytebuddy\byte-buddy\1.8.15\byte-buddy-1.8.15.jar;C:\Users\pbonthal\.m2\repository\org\apache\commons\commons-exec\1.3\commons-exec-1.3.jar;C:\Users\pbonthal\.m2\repository\com\google\guava\guava\25.0-jre\guava-25.0-jre.jar;C:\Users\pbonthal\.m2\repository\com\google\code\findbugs\jsr305\1.3.9\jsr305-1.3
Launcher Type: SUN_STANDARD

[Global flags]
     intx CICompilerCount                          = 4                                         {product} {ergonomic}
     uint ConcGCThreads                            = 2                                         {product} {ergonomic}
     uint G1ConcRefinementThreads                  = 8                                         {product} {ergonomic}
   size_t G1HeapRegionSize                         = 1048576                                   {product} {ergonomic}
    uintx GCDrainStackTargetSize                   = 64                                        {product} {ergonomic}
   size_t InitialHeapSize                          = 132120576                                 {product} {ergonomic}
   size_t MarkStackSize                            = 4194304                                   {product} {ergonomic}
   size_t MaxHeapSize                              = 2097152000                                {product} {ergonomic}
   size_t MaxNewSize                               = 1258291200                                {product} {ergonomic}
   size_t MinHeapDeltaBytes                        = 1048576                                   {product} {ergonomic}
    uintx NonNMethodCodeHeapSize                   = 5836300                                {pd product} {ergonomic}
    uintx NonProfiledCodeHeapSize                  = 122910970                              {pd product} {ergonomic}
    uintx ProfiledCodeHeapSize                     = 122910970                              {pd product} {ergonomic}
    uintx ReservedCodeCacheSize                    = 251658240                              {pd product} {ergonomic}
     bool SegmentedCodeCache                       = true                                      {product} {ergonomic}
     bool UseCompressedClassPointers               = true                                 {lp64_product} {ergonomic}
     bool UseCompressedOops                        = true                                 {lp64_product} {ergonomic}
     bool UseG1GC                                  = true                                      {product} {ergonomic}
     bool UseLargePagesIndividualAllocation        = false                                  {pd product} {ergonomic}

Logging:
Log output configuration:
 #0: stdout all=warning uptime,level,tags
 #1: stderr all=off uptime,level,tags

Environment Variables:
JAVA_HOME=C:\Program Files\Java\jdk-13.0.2
PATH=C:\WINDOWS\system32;C:\WINDOWS;C:\WINDOWS\System32\Wbem;C:\WINDOWS\System32\WindowsPowerShell\v1.0\;C:\WINDOWS\System32\OpenSSH\;C:\Program Files\Java\jdk-13.0.2\bin;C:\Users\pbonthal\AutomationTest\apache-maven-3.6.3\bin;;C:\Program Files\WindowsPowerShell\Scripts\HP.ClientScriptLibrary;C:\Users\pbonthal\AppData\Local\Microsoft\WindowsApps;C:\Users\pbonthal\AppData\Local\Programs\Git\cmd
USERNAME=pbonthal
OS=Windows_NT
PROCESSOR_IDENTIFIER=Intel64 Family 6 Model 142 Stepping 12, GenuineIntel



---------------  S Y S T E M  ---------------

OS: Windows 10 , 64 bit Build 18362 (10.0.18362.900)

CPU:total 8 (initial active 8) (4 cores per cpu, 2 threads per core) family 6 model 142 stepping 12, cmov, cx8, fxsr, mmx, sse, sse2, sse3, ssse3, sse4.1, sse4.2, popcnt, avx, avx2, aes, clmul, erms, 3dnowpref, lzcnt, ht, tsc, tscinvbit, bmi1, bmi2, adx, fma

Memory: 4k page, system-wide physical 7998M (360M free)
TotalPageFile size 32574M (AvailPageFile size 0M)
current process WorkingSet (physical memory assigned to process): 39M, peak: 201M
current process commit charge ("private bytes"): 273M, peak: 317M

vm_info: OpenJDK 64-Bit Server VM (11.0.6+8-b520.43) for windows-amd64 JRE (11.0.6+8-b520.43), built on Feb  3 2020 14:18:56 by "" with MS VC++ 14.0 (VS2015)

END.
