#
# There is insufficient memory for the Java Runtime Environment to continue.
# Native memory allocation (malloc) failed to allocate 1841936 bytes for Chunk::new
# Possible reasons:
#   The system is out of physical RAM or swap space
#   The process is running with CompressedOops enabled, and the Java Heap may be blocking the growth of the native heap
# Possible solutions:
#   Reduce memory load on the system
#   Increase physical memory or swap space
#   Check if swap backing store is full
#   Decrease Java heap size (-Xmx/-Xms)
#   Decrease number of Java threads
#   Decrease Java thread stack sizes (-Xss)
#   Set larger code cache with -XX:ReservedCodeCacheSize=
#   JVM is running with Unscaled Compressed Oops mode in which the Java heap is
#     placed in the first 4GB address space. The Java Heap base address is the
#     maximum limit for the native heap growth. Please use -XX:HeapBaseMinAddress
#     to set the Java Heap base and to place the Java Heap above 4GB virtual address.
# This output file may be truncated or incomplete.
#
#  Out of Memory Error (c:/BuildAgent/work/5ff2f6c26000d570/src/hotspot/share/memory/arena.cpp:197), pid=19000, tid=37600
#
# JRE version: OpenJDK Runtime Environment (11.0.6+8) (build 11.0.6+8-b520.43)
# Java VM: OpenJDK 64-Bit Server VM (11.0.6+8-b520.43, mixed mode, tiered, compressed oops, g1 gc, windows-amd64)
# No core dump will be written. Minidumps are not enabled by default on client versions of Windows
#

---------------  S U M M A R Y ------------

Command Line: -ea -DnodeNamesHandler=AsText -Didea.test.cyclic.buffer.size=1048576 -javaagent:C:\Users\pbonthal\AppData\Local\JetBrains\IntelliJ IDEA Community Edition 2019.3.3\lib\idea_rt.jar=62640:C:\Users\pbonthal\AppData\Local\JetBrains\IntelliJ IDEA Community Edition 2019.3.3\bin -Dfile.encoding=UTF-8 com.intellij.rt.junit.JUnitStarter -ideVersion5 -junit4 com.automation.runner.SmokeTest_RunnerFiles.RunnerTest3 @N Times30

Host: Intel(R) Core(TM) i5-8265U CPU @ 1.60GHz, 8 cores, 7G,  Windows 10 , 64 bit Build 18362 (10.0.18362.900)
Time: Fri Jun 26 01:43:14 2020 GMT Daylight Time elapsed time: 1310 seconds (0d 0h 21m 50s)

---------------  T H R E A D  ---------------

Current thread (0x000002335b8e4800):  JavaThread "C2 CompilerThread0" daemon [_thread_in_native, id=37600, stack(0x000000c78d400000,0x000000c78d500000)]


Current CompileTask:
C2:1310741 5244       4       org.openqa.selenium.support.pagefactory.DefaultFieldDecorator::decorate (79 bytes)

Stack: [0x000000c78d400000,0x000000c78d500000]
Native frames: (J=compiled Java code, j=interpreted, Vv=VM code, C=native code)
V  [jvm.dll+0x5de31a]
V  [jvm.dll+0x710ae5]
V  [jvm.dll+0x712005]
V  [jvm.dll+0x7126b3]
V  [jvm.dll+0x23e3a8]
V  [jvm.dll+0xb8b5c]
V  [jvm.dll+0xb905c]
V  [jvm.dll+0x35000d]
V  [jvm.dll+0x31dc63]
V  [jvm.dll+0x31d1fa]
V  [jvm.dll+0x1f77c2]
V  [jvm.dll+0x1f6994]
V  [jvm.dll+0x17f76c]
V  [jvm.dll+0x204dd7]
V  [jvm.dll+0x203641]
V  [jvm.dll+0x6da98f]
V  [jvm.dll+0x6d379d]
V  [jvm.dll+0x5dd2e6]
C  [ucrtbase.dll+0x20e82]
C  [KERNEL32.DLL+0x17bd4]
C  [ntdll.dll+0x6ce51]


---------------  P R O C E S S  ---------------

Threads class SMR info:
_java_thread_list=0x000002335d39d2b0, length=60, elements={
0x00000233407c9800, 0x000002335b090800, 0x000002335b096800, 0x000002335b098000,
0x000002335b099800, 0x000002335b8e4800, 0x000002335b919800, 0x000002335b91e800,
0x000002335b017800, 0x000002335bb70800, 0x000002335bb71000, 0x000002335fd74000,
0x000002335be5c800, 0x000002335fa88800, 0x000002335c945800, 0x000002335ded2800,
0x000002335f7cb000, 0x000002335e325000, 0x000002335fe0b000, 0x000002335fe0a000,
0x000002335fe08800, 0x000002335fe09800, 0x000002335fa9e800, 0x000002335fa9f800,
0x000002335fa9b800, 0x000002335fa9c000, 0x000002335faa0000, 0x000002335faa2000,
0x000002335faa2800, 0x000002335fa9d000, 0x000002335faa3800, 0x000002335fa9d800,
0x000002335faa5000, 0x000002335faa6800, 0x000002335faa6000, 0x000002335faa1000,
0x000002335faa7800, 0x000002335faa4800, 0x000002335faaa000, 0x000002335faa9000,
0x000002335faa8800, 0x000002335e491000, 0x000002335e495000, 0x000002335e496800,
0x000002335e492800, 0x000002335e494000, 0x000002335e492000, 0x000002335e498800,
0x000002335e496000, 0x000002335e499000, 0x000002335e493800, 0x000002335e49c800,
0x000002335e49b800, 0x000002335e49a000, 0x000002335e49d000, 0x000002335e497800,
0x000002335e49f800, 0x000002335e49f000, 0x000002335e49e000, 0x000002335e49b000
}

Java Threads: ( => current thread )
  0x00000233407c9800 JavaThread "main" [_thread_blocked, id=30380, stack(0x000000c78c900000,0x000000c78ca00000)]
  0x000002335b090800 JavaThread "Reference Handler" daemon [_thread_blocked, id=11736, stack(0x000000c78d000000,0x000000c78d100000)]
  0x000002335b096800 JavaThread "Finalizer" daemon [_thread_blocked, id=28028, stack(0x000000c78d100000,0x000000c78d200000)]
  0x000002335b098000 JavaThread "Signal Dispatcher" daemon [_thread_blocked, id=31804, stack(0x000000c78d200000,0x000000c78d300000)]
  0x000002335b099800 JavaThread "Attach Listener" daemon [_thread_blocked, id=25324, stack(0x000000c78d300000,0x000000c78d400000)]
=>0x000002335b8e4800 JavaThread "C2 CompilerThread0" daemon [_thread_in_native, id=37600, stack(0x000000c78d400000,0x000000c78d500000)]
  0x000002335b919800 JavaThread "C1 CompilerThread0" daemon [_thread_blocked, id=17328, stack(0x000000c78d500000,0x000000c78d600000)]
  0x000002335b91e800 JavaThread "Sweeper thread" daemon [_thread_blocked, id=9892, stack(0x000000c78d600000,0x000000c78d700000)]
  0x000002335b017800 JavaThread "Common-Cleaner" daemon [_thread_blocked, id=28936, stack(0x000000c78d700000,0x000000c78d800000)]
  0x000002335bb70800 JavaThread "Monitor Ctrl-Break" daemon [_thread_in_native, id=38016, stack(0x000000c78d800000,0x000000c78d900000)]
  0x000002335bb71000 JavaThread "Service Thread" daemon [_thread_blocked, id=36252, stack(0x000000c78d900000,0x000000c78da00000)]
  0x000002335fd74000 JavaThread "Exec Default Executor" daemon [_thread_in_native, id=1980, stack(0x000000c78df00000,0x000000c78e000000)]
  0x000002335be5c800 JavaThread "Exec Stream Pumper" daemon [_thread_in_native, id=15488, stack(0x000000c78db00000,0x000000c78dc00000)]
  0x000002335fa88800 JavaThread "Exec Stream Pumper" daemon [_thread_in_native, id=2824, stack(0x000000c78de00000,0x000000c78df00000)]
  0x000002335c945800 JavaThread "OkHttp ConnectionPool" daemon [_thread_blocked, id=24544, stack(0x000000c78e400000,0x000000c78e500000)]
  0x000002335ded2800 JavaThread "Okio Watchdog" daemon [_thread_blocked, id=41960, stack(0x000000c78e500000,0x000000c78e600000)]
  0x000002335f7cb000 JavaThread "Exec Default Executor" daemon [_thread_in_native, id=15216, stack(0x000000c78c800000,0x000000c78c900000)]
  0x000002335e325000 JavaThread "Exec Stream Pumper" daemon [_thread_in_native, id=41948, stack(0x000000c78e700000,0x000000c78e800000)]
  0x000002335fe0b000 JavaThread "Exec Stream Pumper" daemon [_thread_in_native, id=20124, stack(0x000000c78e800000,0x000000c78e900000)]
  0x000002335fe0a000 JavaThread "Exec Default Executor" daemon [_thread_in_native, id=39696, stack(0x000000c78c600000,0x000000c78c700000)]
  0x000002335fe08800 JavaThread "Exec Stream Pumper" daemon [_thread_in_native, id=7236, stack(0x000000c78c700000,0x000000c78c800000)]
  0x000002335fe09800 JavaThread "Exec Stream Pumper" daemon [_thread_in_native, id=40912, stack(0x000000c78e600000,0x000000c78e700000)]
  0x000002335fa9e800 JavaThread "Exec Default Executor" daemon [_thread_in_native, id=36416, stack(0x000000c78e200000,0x000000c78e300000)]
  0x000002335fa9f800 JavaThread "Exec Stream Pumper" daemon [_thread_in_native, id=24400, stack(0x000000c78ea00000,0x000000c78eb00000)]
  0x000002335fa9b800 JavaThread "Exec Stream Pumper" daemon [_thread_in_native, id=37664, stack(0x000000c78eb00000,0x000000c78ec00000)]
  0x000002335fa9c000 JavaThread "Exec Default Executor" daemon [_thread_in_native, id=39716, stack(0x000000c78e900000,0x000000c78ea00000)]
  0x000002335faa0000 JavaThread "Exec Stream Pumper" daemon [_thread_in_native, id=20000, stack(0x000000c78ed00000,0x000000c78ee00000)]
  0x000002335faa2000 JavaThread "Exec Stream Pumper" daemon [_thread_in_native, id=84, stack(0x000000c78ee00000,0x000000c78ef00000)]
  0x000002335faa2800 JavaThread "Exec Default Executor" daemon [_thread_in_native, id=39584, stack(0x000000c78e000000,0x000000c78e100000)]
  0x000002335fa9d000 JavaThread "Exec Stream Pumper" daemon [_thread_in_native, id=24992, stack(0x000000c78ef00000,0x000000c78f000000)]
  0x000002335faa3800 JavaThread "Exec Stream Pumper" daemon [_thread_in_native, id=37720, stack(0x000000c78f000000,0x000000c78f100000)]
  0x000002335fa9d800 JavaThread "Exec Default Executor" daemon [_thread_in_native, id=42388, stack(0x000000c78f100000,0x000000c78f200000)]
  0x000002335faa5000 JavaThread "Exec Stream Pumper" daemon [_thread_in_native, id=42340, stack(0x000000c78f300000,0x000000c78f400000)]
  0x000002335faa6800 JavaThread "Exec Stream Pumper" daemon [_thread_in_native, id=30252, stack(0x000000c78f400000,0x000000c78f500000)]
  0x000002335faa6000 JavaThread "Exec Default Executor" daemon [_thread_in_native, id=43428, stack(0x000000c78ec00000,0x000000c78ed00000)]
  0x000002335faa1000 JavaThread "Exec Stream Pumper" daemon [_thread_in_native, id=20184, stack(0x000000c78f500000,0x000000c78f600000)]
  0x000002335faa7800 JavaThread "Exec Stream Pumper" daemon [_thread_in_native, id=41004, stack(0x000000c78f600000,0x000000c78f700000)]
  0x000002335faa4800 JavaThread "Exec Default Executor" daemon [_thread_in_native, id=46100, stack(0x000000c78f200000,0x000000c78f300000)]
  0x000002335faaa000 JavaThread "Exec Stream Pumper" daemon [_thread_in_native, id=46488, stack(0x000000c78f800000,0x000000c78f900000)]
  0x000002335faa9000 JavaThread "Exec Stream Pumper" daemon [_thread_in_native, id=46476, stack(0x000000c78f900000,0x000000c78fa00000)]
  0x000002335faa8800 JavaThread "Exec Default Executor" daemon [_thread_in_native, id=28512, stack(0x000000c78f700000,0x000000c78f800000)]
  0x000002335e491000 JavaThread "Exec Stream Pumper" daemon [_thread_in_native, id=17748, stack(0x000000c78fb00000,0x000000c78fc00000)]
  0x000002335e495000 JavaThread "Exec Stream Pumper" daemon [_thread_in_native, id=9576, stack(0x000000c78fc00000,0x000000c78fd00000)]
  0x000002335e496800 JavaThread "Exec Default Executor" daemon [_thread_in_native, id=49860, stack(0x000000c78fd00000,0x000000c78fe00000)]
  0x000002335e492800 JavaThread "Exec Stream Pumper" daemon [_thread_in_native, id=49904, stack(0x000000c78fe00000,0x000000c78ff00000)]
  0x000002335e494000 JavaThread "Exec Stream Pumper" daemon [_thread_in_native, id=49908, stack(0x000000c78ff00000,0x000000c790000000)]
  0x000002335e492000 JavaThread "Exec Default Executor" daemon [_thread_in_native, id=45136, stack(0x000000c78fa00000,0x000000c78fb00000)]
  0x000002335e498800 JavaThread "Exec Stream Pumper" daemon [_thread_in_native, id=51536, stack(0x000000c790100000,0x000000c790200000)]
  0x000002335e496000 JavaThread "Exec Stream Pumper" daemon [_thread_in_native, id=51472, stack(0x000000c790200000,0x000000c790300000)]
  0x000002335e499000 JavaThread "Exec Default Executor" daemon [_thread_in_native, id=11148, stack(0x000000c790300000,0x000000c790400000)]
  0x000002335e493800 JavaThread "Exec Stream Pumper" daemon [_thread_in_native, id=46580, stack(0x000000c790400000,0x000000c790500000)]
  0x000002335e49c800 JavaThread "Exec Stream Pumper" daemon [_thread_in_native, id=46424, stack(0x000000c790500000,0x000000c790600000)]
  0x000002335e49b800 JavaThread "Exec Default Executor" daemon [_thread_in_native, id=46152, stack(0x000000c790000000,0x000000c790100000)]
  0x000002335e49a000 JavaThread "Exec Stream Pumper" daemon [_thread_in_native, id=1424, stack(0x000000c790700000,0x000000c790800000)]
  0x000002335e49d000 JavaThread "Exec Stream Pumper" daemon [_thread_in_native, id=18096, stack(0x000000c790800000,0x000000c790900000)]
  0x000002335e497800 JavaThread "Exec Default Executor" daemon [_thread_in_native, id=49912, stack(0x000000c790600000,0x000000c790700000)]
  0x000002335e49f800 JavaThread "UrlChecker-12" daemon [_thread_blocked, id=56528, stack(0x000000c790900000,0x000000c790a00000)]
  0x000002335e49f000 JavaThread "Exec Stream Pumper" daemon [_thread_in_native, id=54736, stack(0x000000c790a00000,0x000000c790b00000)]
  0x000002335e49e000 JavaThread "Exec Stream Pumper" daemon [_thread_in_native, id=51928, stack(0x000000c790b00000,0x000000c790c00000)]
  0x000002335e49b000 JavaThread "Keep-Alive-Timer" daemon [_thread_blocked, id=56300, stack(0x000000c790c00000,0x000000c790d00000)]

Other Threads:
  0x000002335b8a1800 VMThread "VM Thread" [stack: 0x000000c78cf00000,0x000000c78d000000] [id=33456]
  0x000002335bb76000 WatcherThread [stack: 0x000000c78da00000,0x000000c78db00000] [id=23708]
  0x00000233407e1800 GCTaskThread "GC Thread#0" [stack: 0x000000c78ca00000,0x000000c78cb00000] [id=16076]
  0x000002335c70f800 GCTaskThread "GC Thread#1" [stack: 0x000000c78dc00000,0x000000c78dd00000] [id=35940]
  0x000002335c598800 GCTaskThread "GC Thread#2" [stack: 0x000000c78dd00000,0x000000c78de00000] [id=28040]
  0x000002334080b800 ConcurrentGCThread "G1 Main Marker" [stack: 0x000000c78cb00000,0x000000c78cc00000] [id=9372]
  0x000002334080f800 ConcurrentGCThread "G1 Conc#0" [stack: 0x000000c78cc00000,0x000000c78cd00000] [id=39744]
  0x000002335e1fd800 ConcurrentGCThread "G1 Conc#1" [stack: 0x000000c78e300000,0x000000c78e400000] [id=34340]
  0x000002334088e000 ConcurrentGCThread "G1 Refine#0" [stack: 0x000000c78cd00000,0x000000c78ce00000] [id=35536]
  0x000002335aec7800 ConcurrentGCThread "G1 Young RemSet Sampling" [stack: 0x000000c78ce00000,0x000000c78cf00000] [id=24272]

Threads with active compile tasks:
C2 CompilerThread01310843 5244       4       org.openqa.selenium.support.pagefactory.DefaultFieldDecorator::decorate (79 bytes)

VM state:not at safepoint (normal execution)

VM Mutex/Monitor currently owned by a thread: None

Heap address: 0x0000000083000000, size: 2000 MB, Compressed Oops mode: 32-bit
Narrow klass base: 0x0000000000000000, Narrow klass shift: 3
Compressed class space size: 1073741824 Address: 0x0000000100000000

Heap:
 garbage-first heap   total 129024K, used 87548K [0x0000000083000000, 0x0000000100000000)
  region size 1024K, 75 young (76800K), 3 survivors (3072K)
 Metaspace       used 26115K, capacity 26762K, committed 27056K, reserved 1073152K
  class space    used 2907K, capacity 3145K, committed 3248K, reserved 1048576K
Heap Regions: E=young(eden), S=young(survivor), O=old, HS=humongous(starts), HC=humongous(continues), CS=collection set, F=free, A=archive, TAMS=top-at-mark-start (previous, next)
|   0|0x0000000083000000, 0x0000000083100000, 0x0000000083100000|100%|HS|  |TAMS 0x0000000083100000, 0x0000000083000000| Complete 
|   1|0x0000000083100000, 0x0000000083200000, 0x0000000083200000|100%|HS|  |TAMS 0x0000000083200000, 0x0000000083100000| Complete 
|   2|0x0000000083200000, 0x0000000083300000, 0x0000000083300000|100%|HC|  |TAMS 0x0000000083300000, 0x0000000083200000| Complete 
|   3|0x0000000083300000, 0x0000000083400000, 0x0000000083400000|100%|HC|  |TAMS 0x0000000083400000, 0x0000000083300000| Complete 
|   4|0x0000000083400000, 0x0000000083500000, 0x0000000083500000|100%| O|  |TAMS 0x0000000083500000, 0x0000000083400000| Untracked 
|   5|0x0000000083500000, 0x0000000083600000, 0x0000000083600000|100%| O|  |TAMS 0x00000000835b9c00, 0x0000000083500000| Untracked 
|   6|0x0000000083600000, 0x0000000083700000, 0x0000000083700000|100%| O|  |TAMS 0x0000000083600000, 0x0000000083600000| Untracked 
|   7|0x0000000083700000, 0x0000000083800000, 0x0000000083800000|100%| O|  |TAMS 0x0000000083700000, 0x0000000083700000| Untracked 
|   8|0x0000000083800000, 0x0000000083900000, 0x0000000083900000|100%| O|  |TAMS 0x0000000083800000, 0x0000000083800000| Untracked 
|   9|0x0000000083900000, 0x0000000083a00000, 0x0000000083a00000|100%| O|  |TAMS 0x0000000083900000, 0x0000000083900000| Untracked 
|  10|0x0000000083a00000, 0x0000000083b00000, 0x0000000083b00000|100%| O|  |TAMS 0x0000000083a00000, 0x0000000083a00000| Untracked 
|  11|0x0000000083b00000, 0x0000000083c00000, 0x0000000083c00000|100%| O|  |TAMS 0x0000000083b00000, 0x0000000083b00000| Untracked 
|  12|0x0000000083c00000, 0x0000000083c13200, 0x0000000083d00000|  7%| O|  |TAMS 0x0000000083c00000, 0x0000000083c00000| Untracked 
|  13|0x0000000083d00000, 0x0000000083d00000, 0x0000000083e00000|  0%| F|  |TAMS 0x0000000083d00000, 0x0000000083d00000| Untracked 
|  14|0x0000000083e00000, 0x0000000083e00000, 0x0000000083f00000|  0%| F|  |TAMS 0x0000000083e00000, 0x0000000083e00000| Untracked 
|  15|0x0000000083f00000, 0x0000000083f00000, 0x0000000084000000|  0%| F|  |TAMS 0x0000000083f00000, 0x0000000083f00000| Untracked 
|  16|0x0000000084000000, 0x0000000084000000, 0x0000000084100000|  0%| F|  |TAMS 0x0000000084000000, 0x0000000084000000| Untracked 
|  17|0x0000000084100000, 0x0000000084100000, 0x0000000084200000|  0%| F|  |TAMS 0x0000000084100000, 0x0000000084100000| Untracked 
|  18|0x0000000084200000, 0x0000000084200000, 0x0000000084300000|  0%| F|  |TAMS 0x0000000084200000, 0x0000000084200000| Untracked 
|  19|0x0000000084300000, 0x0000000084300000, 0x0000000084400000|  0%| F|  |TAMS 0x0000000084300000, 0x0000000084300000| Untracked 
|  20|0x0000000084400000, 0x0000000084400000, 0x0000000084500000|  0%| F|  |TAMS 0x0000000084400000, 0x0000000084400000| Untracked 
|  21|0x0000000084500000, 0x0000000084500000, 0x0000000084600000|  0%| F|  |TAMS 0x0000000084500000, 0x0000000084500000| Untracked 
|  22|0x0000000084600000, 0x0000000084600000, 0x0000000084700000|  0%| F|  |TAMS 0x0000000084600000, 0x0000000084600000| Untracked 
|  23|0x0000000084700000, 0x0000000084700000, 0x0000000084800000|  0%| F|  |TAMS 0x0000000084700000, 0x0000000084700000| Untracked 
|  24|0x0000000084800000, 0x0000000084800000, 0x0000000084900000|  0%| F|  |TAMS 0x0000000084800000, 0x0000000084800000| Untracked 
|  25|0x0000000084900000, 0x0000000084900000, 0x0000000084a00000|  0%| F|  |TAMS 0x0000000084900000, 0x0000000084900000| Untracked 
|  26|0x0000000084a00000, 0x0000000084a00000, 0x0000000084b00000|  0%| F|  |TAMS 0x0000000084a00000, 0x0000000084a00000| Untracked 
|  27|0x0000000084b00000, 0x0000000084b00000, 0x0000000084c00000|  0%| F|  |TAMS 0x0000000084b00000, 0x0000000084b00000| Untracked 
|  28|0x0000000084c00000, 0x0000000084c00000, 0x0000000084d00000|  0%| F|  |TAMS 0x0000000084c00000, 0x0000000084c00000| Untracked 
|  29|0x0000000084d00000, 0x0000000084d00000, 0x0000000084e00000|  0%| F|  |TAMS 0x0000000084d00000, 0x0000000084d00000| Untracked 
|  30|0x0000000084e00000, 0x0000000084e00000, 0x0000000084f00000|  0%| F|  |TAMS 0x0000000084e00000, 0x0000000084e00000| Untracked 
|  31|0x0000000084f00000, 0x0000000084f00000, 0x0000000085000000|  0%| F|  |TAMS 0x0000000084f00000, 0x0000000084f00000| Untracked 
|  32|0x0000000085000000, 0x0000000085000000, 0x0000000085100000|  0%| F|  |TAMS 0x0000000085000000, 0x0000000085000000| Untracked 
|  33|0x0000000085100000, 0x0000000085100000, 0x0000000085200000|  0%| F|  |TAMS 0x0000000085100000, 0x0000000085100000| Untracked 
|  34|0x0000000085200000, 0x0000000085200000, 0x0000000085300000|  0%| F|  |TAMS 0x0000000085200000, 0x0000000085200000| Untracked 
|  35|0x0000000085300000, 0x0000000085300000, 0x0000000085400000|  0%| F|  |TAMS 0x0000000085300000, 0x0000000085300000| Untracked 
|  36|0x0000000085400000, 0x0000000085400000, 0x0000000085500000|  0%| F|  |TAMS 0x0000000085400000, 0x0000000085400000| Untracked 
|  37|0x0000000085500000, 0x0000000085500000, 0x0000000085600000|  0%| F|  |TAMS 0x0000000085500000, 0x0000000085500000| Untracked 
|  38|0x0000000085600000, 0x0000000085600000, 0x0000000085700000|  0%| F|  |TAMS 0x0000000085600000, 0x0000000085600000| Untracked 
|  39|0x0000000085700000, 0x0000000085700000, 0x0000000085800000|  0%| F|  |TAMS 0x0000000085700000, 0x0000000085700000| Untracked 
|  40|0x0000000085800000, 0x0000000085800000, 0x0000000085900000|  0%| F|  |TAMS 0x0000000085800000, 0x0000000085800000| Untracked 
|  41|0x0000000085900000, 0x0000000085900000, 0x0000000085a00000|  0%| F|  |TAMS 0x0000000085900000, 0x0000000085900000| Untracked 
|  42|0x0000000085a00000, 0x0000000085a00000, 0x0000000085b00000|  0%| F|  |TAMS 0x0000000085a00000, 0x0000000085a00000| Untracked 
|  43|0x0000000085b00000, 0x0000000085b00000, 0x0000000085c00000|  0%| F|  |TAMS 0x0000000085b00000, 0x0000000085b00000| Untracked 
|  44|0x0000000085c00000, 0x0000000085c00000, 0x0000000085d00000|  0%| F|  |TAMS 0x0000000085c00000, 0x0000000085c00000| Untracked 
|  45|0x0000000085d00000, 0x0000000085d00000, 0x0000000085e00000|  0%| F|  |TAMS 0x0000000085d00000, 0x0000000085d00000| Untracked 
|  46|0x0000000085e00000, 0x0000000085e00000, 0x0000000085f00000|  0%| F|  |TAMS 0x0000000085e00000, 0x0000000085e00000| Untracked 
|  47|0x0000000085f00000, 0x0000000085f00000, 0x0000000086000000|  0%| F|  |TAMS 0x0000000085f00000, 0x0000000085f00000| Untracked 
|  48|0x0000000086000000, 0x0000000086000000, 0x0000000086100000|  0%| F|  |TAMS 0x0000000086000000, 0x0000000086000000| Untracked 
|  49|0x0000000086100000, 0x0000000086100000, 0x0000000086200000|  0%| F|  |TAMS 0x0000000086100000, 0x0000000086100000| Untracked 
|  50|0x0000000086200000, 0x0000000086200000, 0x0000000086300000|  0%| F|  |TAMS 0x0000000086200000, 0x0000000086200000| Untracked 
|  51|0x0000000086300000, 0x000000008636bee0, 0x0000000086400000| 42%| S|CS|TAMS 0x0000000086300000, 0x0000000086300000| Complete 
|  52|0x0000000086400000, 0x0000000086500000, 0x0000000086500000|100%| S|CS|TAMS 0x0000000086400000, 0x0000000086400000| Complete 
|  53|0x0000000086500000, 0x0000000086600000, 0x0000000086600000|100%| S|CS|TAMS 0x0000000086500000, 0x0000000086500000| Complete 
|  54|0x0000000086600000, 0x0000000086680800, 0x0000000086700000| 50%| E|  |TAMS 0x0000000086600000, 0x0000000086600000| Complete 
|  55|0x0000000086700000, 0x0000000086800000, 0x0000000086800000|100%| E|CS|TAMS 0x0000000086700000, 0x0000000086700000| Complete 
|  56|0x0000000086800000, 0x0000000086900000, 0x0000000086900000|100%| E|CS|TAMS 0x0000000086800000, 0x0000000086800000| Complete 
|  57|0x0000000086900000, 0x0000000086a00000, 0x0000000086a00000|100%| E|CS|TAMS 0x0000000086900000, 0x0000000086900000| Complete 
|  58|0x0000000086a00000, 0x0000000086b00000, 0x0000000086b00000|100%| E|CS|TAMS 0x0000000086a00000, 0x0000000086a00000| Complete 
|  59|0x0000000086b00000, 0x0000000086c00000, 0x0000000086c00000|100%| E|CS|TAMS 0x0000000086b00000, 0x0000000086b00000| Complete 
|  60|0x0000000086c00000, 0x0000000086d00000, 0x0000000086d00000|100%| E|CS|TAMS 0x0000000086c00000, 0x0000000086c00000| Complete 
|  61|0x0000000086d00000, 0x0000000086e00000, 0x0000000086e00000|100%| E|CS|TAMS 0x0000000086d00000, 0x0000000086d00000| Complete 
|  62|0x0000000086e00000, 0x0000000086f00000, 0x0000000086f00000|100%| E|CS|TAMS 0x0000000086e00000, 0x0000000086e00000| Complete 
|  63|0x0000000086f00000, 0x0000000087000000, 0x0000000087000000|100%| E|CS|TAMS 0x0000000086f00000, 0x0000000086f00000| Complete 
|  64|0x0000000087000000, 0x0000000087100000, 0x0000000087100000|100%| E|CS|TAMS 0x0000000087000000, 0x0000000087000000| Complete 
|  65|0x0000000087100000, 0x0000000087200000, 0x0000000087200000|100%| E|CS|TAMS 0x0000000087100000, 0x0000000087100000| Complete 
|  66|0x0000000087200000, 0x0000000087300000, 0x0000000087300000|100%| E|CS|TAMS 0x0000000087200000, 0x0000000087200000| Complete 
|  67|0x0000000087300000, 0x0000000087400000, 0x0000000087400000|100%| E|CS|TAMS 0x0000000087300000, 0x0000000087300000| Complete 
|  68|0x0000000087400000, 0x0000000087500000, 0x0000000087500000|100%| E|CS|TAMS 0x0000000087400000, 0x0000000087400000| Complete 
|  69|0x0000000087500000, 0x0000000087600000, 0x0000000087600000|100%| E|CS|TAMS 0x0000000087500000, 0x0000000087500000| Complete 
|  70|0x0000000087600000, 0x0000000087700000, 0x0000000087700000|100%| E|CS|TAMS 0x0000000087600000, 0x0000000087600000| Complete 
|  71|0x0000000087700000, 0x0000000087800000, 0x0000000087800000|100%| E|CS|TAMS 0x0000000087700000, 0x0000000087700000| Complete 
|  72|0x0000000087800000, 0x0000000087900000, 0x0000000087900000|100%| E|CS|TAMS 0x0000000087800000, 0x0000000087800000| Complete 
|  73|0x0000000087900000, 0x0000000087a00000, 0x0000000087a00000|100%| E|CS|TAMS 0x0000000087900000, 0x0000000087900000| Complete 
|  74|0x0000000087a00000, 0x0000000087b00000, 0x0000000087b00000|100%| E|CS|TAMS 0x0000000087a00000, 0x0000000087a00000| Complete 
|  75|0x0000000087b00000, 0x0000000087c00000, 0x0000000087c00000|100%| E|CS|TAMS 0x0000000087b00000, 0x0000000087b00000| Complete 
|  76|0x0000000087c00000, 0x0000000087d00000, 0x0000000087d00000|100%| E|CS|TAMS 0x0000000087c00000, 0x0000000087c00000| Complete 
|  77|0x0000000087d00000, 0x0000000087e00000, 0x0000000087e00000|100%| E|CS|TAMS 0x0000000087d00000, 0x0000000087d00000| Complete 
|  78|0x0000000087e00000, 0x0000000087f00000, 0x0000000087f00000|100%| E|CS|TAMS 0x0000000087e00000, 0x0000000087e00000| Complete 
|  79|0x0000000087f00000, 0x0000000088000000, 0x0000000088000000|100%| E|CS|TAMS 0x0000000087f00000, 0x0000000087f00000| Complete 
|  80|0x0000000088000000, 0x0000000088100000, 0x0000000088100000|100%| E|CS|TAMS 0x0000000088000000, 0x0000000088000000| Complete 
|  81|0x0000000088100000, 0x0000000088200000, 0x0000000088200000|100%| E|CS|TAMS 0x0000000088100000, 0x0000000088100000| Complete 
|  82|0x0000000088200000, 0x0000000088300000, 0x0000000088300000|100%| E|CS|TAMS 0x0000000088200000, 0x0000000088200000| Complete 
|  83|0x0000000088300000, 0x0000000088400000, 0x0000000088400000|100%| E|CS|TAMS 0x0000000088300000, 0x0000000088300000| Complete 
|  84|0x0000000088400000, 0x0000000088500000, 0x0000000088500000|100%| E|CS|TAMS 0x0000000088400000, 0x0000000088400000| Complete 
|  85|0x0000000088500000, 0x0000000088600000, 0x0000000088600000|100%| E|CS|TAMS 0x0000000088500000, 0x0000000088500000| Complete 
|  86|0x0000000088600000, 0x0000000088700000, 0x0000000088700000|100%| E|CS|TAMS 0x0000000088600000, 0x0000000088600000| Complete 
|  87|0x0000000088700000, 0x0000000088800000, 0x0000000088800000|100%| E|CS|TAMS 0x0000000088700000, 0x0000000088700000| Complete 
|  88|0x0000000088800000, 0x0000000088900000, 0x0000000088900000|100%| E|CS|TAMS 0x0000000088800000, 0x0000000088800000| Complete 
|  89|0x0000000088900000, 0x0000000088a00000, 0x0000000088a00000|100%| E|CS|TAMS 0x0000000088900000, 0x0000000088900000| Complete 
|  90|0x0000000088a00000, 0x0000000088b00000, 0x0000000088b00000|100%| E|CS|TAMS 0x0000000088a00000, 0x0000000088a00000| Complete 
|  91|0x0000000088b00000, 0x0000000088c00000, 0x0000000088c00000|100%| E|CS|TAMS 0x0000000088b00000, 0x0000000088b00000| Complete 
|  92|0x0000000088c00000, 0x0000000088d00000, 0x0000000088d00000|100%| E|CS|TAMS 0x0000000088c00000, 0x0000000088c00000| Complete 
|  93|0x0000000088d00000, 0x0000000088e00000, 0x0000000088e00000|100%| E|CS|TAMS 0x0000000088d00000, 0x0000000088d00000| Complete 
|  94|0x0000000088e00000, 0x0000000088f00000, 0x0000000088f00000|100%| E|CS|TAMS 0x0000000088e00000, 0x0000000088e00000| Complete 
|  95|0x0000000088f00000, 0x0000000089000000, 0x0000000089000000|100%| E|CS|TAMS 0x0000000088f00000, 0x0000000088f00000| Complete 
|  96|0x0000000089000000, 0x0000000089100000, 0x0000000089100000|100%| E|CS|TAMS 0x0000000089000000, 0x0000000089000000| Complete 
|  97|0x0000000089100000, 0x0000000089200000, 0x0000000089200000|100%| E|CS|TAMS 0x0000000089100000, 0x0000000089100000| Complete 
|  98|0x0000000089200000, 0x0000000089300000, 0x0000000089300000|100%| E|CS|TAMS 0x0000000089200000, 0x0000000089200000| Complete 
|  99|0x0000000089300000, 0x0000000089400000, 0x0000000089400000|100%| E|CS|TAMS 0x0000000089300000, 0x0000000089300000| Complete 
| 100|0x0000000089400000, 0x0000000089500000, 0x0000000089500000|100%| E|CS|TAMS 0x0000000089400000, 0x0000000089400000| Complete 
| 101|0x0000000089500000, 0x0000000089600000, 0x0000000089600000|100%| E|CS|TAMS 0x0000000089500000, 0x0000000089500000| Complete 
| 102|0x0000000089600000, 0x0000000089700000, 0x0000000089700000|100%| E|CS|TAMS 0x0000000089600000, 0x0000000089600000| Complete 
| 103|0x0000000089700000, 0x0000000089800000, 0x0000000089800000|100%| E|CS|TAMS 0x0000000089700000, 0x0000000089700000| Complete 
| 104|0x0000000089800000, 0x0000000089900000, 0x0000000089900000|100%| E|CS|TAMS 0x0000000089800000, 0x0000000089800000| Complete 
| 105|0x0000000089900000, 0x0000000089a00000, 0x0000000089a00000|100%| E|CS|TAMS 0x0000000089900000, 0x0000000089900000| Complete 
| 106|0x0000000089a00000, 0x0000000089b00000, 0x0000000089b00000|100%| E|CS|TAMS 0x0000000089a00000, 0x0000000089a00000| Complete 
| 107|0x0000000089b00000, 0x0000000089c00000, 0x0000000089c00000|100%| E|CS|TAMS 0x0000000089b00000, 0x0000000089b00000| Complete 
| 108|0x0000000089c00000, 0x0000000089d00000, 0x0000000089d00000|100%| E|CS|TAMS 0x0000000089c00000, 0x0000000089c00000| Complete 
| 109|0x0000000089d00000, 0x0000000089e00000, 0x0000000089e00000|100%| E|CS|TAMS 0x0000000089d00000, 0x0000000089d00000| Complete 
| 110|0x0000000089e00000, 0x0000000089f00000, 0x0000000089f00000|100%| E|CS|TAMS 0x0000000089e00000, 0x0000000089e00000| Complete 
| 111|0x0000000089f00000, 0x000000008a000000, 0x000000008a000000|100%| E|CS|TAMS 0x0000000089f00000, 0x0000000089f00000| Complete 
| 112|0x000000008a000000, 0x000000008a100000, 0x000000008a100000|100%| E|CS|TAMS 0x000000008a000000, 0x000000008a000000| Complete 
| 113|0x000000008a100000, 0x000000008a200000, 0x000000008a200000|100%| E|CS|TAMS 0x000000008a100000, 0x000000008a100000| Complete 
| 114|0x000000008a200000, 0x000000008a300000, 0x000000008a300000|100%| E|CS|TAMS 0x000000008a200000, 0x000000008a200000| Complete 
| 115|0x000000008a300000, 0x000000008a400000, 0x000000008a400000|100%| E|CS|TAMS 0x000000008a300000, 0x000000008a300000| Complete 
| 116|0x000000008a400000, 0x000000008a500000, 0x000000008a500000|100%| E|CS|TAMS 0x000000008a400000, 0x000000008a400000| Complete 
| 117|0x000000008a500000, 0x000000008a600000, 0x000000008a600000|100%| E|CS|TAMS 0x000000008a500000, 0x000000008a500000| Complete 
| 118|0x000000008a600000, 0x000000008a700000, 0x000000008a700000|100%| E|CS|TAMS 0x000000008a600000, 0x000000008a600000| Complete 
| 119|0x000000008a700000, 0x000000008a800000, 0x000000008a800000|100%| E|CS|TAMS 0x000000008a700000, 0x000000008a700000| Complete 
| 120|0x000000008a800000, 0x000000008a900000, 0x000000008a900000|100%| E|CS|TAMS 0x000000008a800000, 0x000000008a800000| Complete 
| 121|0x000000008a900000, 0x000000008aa00000, 0x000000008aa00000|100%| E|CS|TAMS 0x000000008a900000, 0x000000008a900000| Complete 
| 122|0x000000008aa00000, 0x000000008ab00000, 0x000000008ab00000|100%| E|CS|TAMS 0x000000008aa00000, 0x000000008aa00000| Complete 
| 123|0x000000008ab00000, 0x000000008ac00000, 0x000000008ac00000|100%| E|CS|TAMS 0x000000008ab00000, 0x000000008ab00000| Complete 
| 124|0x000000008ac00000, 0x000000008ad00000, 0x000000008ad00000|100%| E|CS|TAMS 0x000000008ac00000, 0x000000008ac00000| Complete 
| 125|0x000000008ad00000, 0x000000008ae00000, 0x000000008ae00000|100%| E|CS|TAMS 0x000000008ad00000, 0x000000008ad00000| Complete 

Card table byte_map: [0x0000023353fb0000,0x00000233543a0000] _byte_map_base: 0x0000023353b98000

Marking Bits (Prev, Next): (CMBitMap*) 0x0000023340802d30, (CMBitMap*) 0x0000023340802cf8
 Prev Bits: [0x00000233566d0000, 0x0000023358610000)
 Next Bits: [0x0000023354790000, 0x00000233566d0000)

Polling page: 0x000002333ff90000

Metaspace:

Usage:
  Non-class:     23.06 MB capacity,    22.66 MB ( 98%) used,   332.05 KB (  1%) free+waste,    77.50 KB ( <1%) overhead. 
      Class:      3.07 MB capacity,     2.84 MB ( 92%) used,   203.07 KB (  6%) free+waste,    34.31 KB (  1%) overhead. 
       Both:     26.13 MB capacity,    25.50 MB ( 98%) used,   535.12 KB (  2%) free+waste,   111.81 KB ( <1%) overhead. 

Virtual space:
  Non-class space:       24.00 MB reserved,      23.25 MB ( 97%) committed 
      Class space:        1.00 GB reserved,       3.17 MB ( <1%) committed 
             Both:        1.02 GB reserved,      26.42 MB (  3%) committed 

Chunk freelists:
   Non-Class:  3.00 KB
       Class:  0 bytes
        Both:  3.00 KB

MaxMetaspaceSize: 17179869184.00 GB
CompressedClassSpaceSize: 1.00 GB

CodeHeap 'non-profiled nmethods': size=120000Kb used=3686Kb max_used=3686Kb free=116313Kb
 bounds [0x000002334c360000, 0x000002334c700000, 0x0000023353890000]
CodeHeap 'profiled nmethods': size=120000Kb used=11045Kb max_used=11045Kb free=108954Kb
 bounds [0x0000023344e30000, 0x0000023345900000, 0x000002334c360000]
CodeHeap 'non-nmethods': size=5760Kb used=1154Kb max_used=1227Kb free=4605Kb
 bounds [0x0000023344890000, 0x0000023344b00000, 0x0000023344e30000]
 total_blobs=7970 nmethods=4886 adapters=400
 compilation: enabled
              stopped_count=0, restarted_count=0
 full_count=0

Compilation events (20 events):
Event: 1308.124 Thread 0x000002335b8e4800 nmethod 5240 0x000002334c6f7390 code [0x000002334c6f7540, 0x000002334c6f7a38]
Event: 1310.408 Thread 0x000002335b8e4800 5241       4       okhttp3.internal.http1.Http1Codec::readHeaders (36 bytes)
Event: 1310.425 Thread 0x000002335b8e4800 nmethod 5241 0x000002334c6f7e10 code [0x000002334c6f8020, 0x000002334c6f8908]
Event: 1310.425 Thread 0x000002335b8e4800 5242       4       okhttp3.Headers::names (44 bytes)
Event: 1310.434 Thread 0x000002335b8e4800 nmethod 5242 0x000002334c6f8e10 code [0x000002334c6f8fe0, 0x000002334c6f9448]
Event: 1310.436 Thread 0x000002335b8e4800 5243       4       java.lang.Class::privateGetDeclaredFields (64 bytes)
Event: 1310.440 Thread 0x000002335b8e4800 nmethod 5243 0x000002334c6f9710 code [0x000002334c6f98c0, 0x000002334c6f9aa8]
Event: 1310.445 Thread 0x000002335b8e4800 5244       4       org.openqa.selenium.support.pagefactory.DefaultFieldDecorator::decorate (79 bytes)
Event: 1310.446 Thread 0x000002335b919800 5245       3       org.openqa.selenium.support.pagefactory.DefaultElementLocatorFactory::createLocator (13 bytes)
Event: 1310.447 Thread 0x000002335b919800 nmethod 5245 0x00000233458fa390 code [0x00000233458fa620, 0x00000233458fb1f0]
Event: 1310.447 Thread 0x000002335b919800 5246       3       org.openqa.selenium.support.pagefactory.DefaultElementLocator::<init> (14 bytes)
Event: 1310.448 Thread 0x000002335b919800 nmethod 5246 0x00000233458fb590 code [0x00000233458fb800, 0x00000233458fc2f0]
Event: 1310.448 Thread 0x000002335b919800 5247       3       org.openqa.selenium.support.pagefactory.Annotations::<init> (10 bytes)
Event: 1310.449 Thread 0x000002335b919800 nmethod 5247 0x00000233458fc690 code [0x00000233458fc860, 0x00000233458fcad8]
Event: 1310.449 Thread 0x000002335b919800 5248       3       org.openqa.selenium.support.pagefactory.AbstractAnnotations::<init> (5 bytes)
Event: 1310.449 Thread 0x000002335b919800 nmethod 5248 0x00000233458fcc10 code [0x00000233458fcdc0, 0x00000233458fcf78]
Event: 1310.449 Thread 0x000002335b919800 5249       3       org.openqa.selenium.support.pagefactory.DefaultElementLocator::<init> (26 bytes)
Event: 1310.449 Thread 0x000002335b919800 nmethod 5249 0x00000233458fd010 code [0x00000233458fd200, 0x00000233458fd620]
Event: 1310.449 Thread 0x000002335b919800 5250       3       org.openqa.selenium.support.pagefactory.Annotations::isLookupCached (18 bytes)
Event: 1310.450 Thread 0x000002335b919800 nmethod 5250 0x00000233458fd790 code [0x00000233458fd9c0, 0x00000233458fe0a0]

GC Heap History (20 events):
Event: 176.273 GC heap before
{Heap before GC invocations=4 (full 0):
 garbage-first heap   total 129024K, used 85299K [0x0000000083000000, 0x0000000100000000)
  region size 1024K, 75 young (76800K), 5 survivors (5120K)
 Metaspace       used 25497K, capacity 26076K, committed 26288K, reserved 1073152K
  class space    used 2897K, capacity 3127K, committed 3248K, reserved 1048576K
}
Event: 176.284 GC heap after
{Heap after GC invocations=5 (full 0):
 garbage-first heap   total 129024K, used 14451K [0x0000000083000000, 0x0000000100000000)
  region size 1024K, 6 young (6144K), 6 survivors (6144K)
 Metaspace       used 25497K, capacity 26076K, committed 26288K, reserved 1073152K
  class space    used 2897K, capacity 3127K, committed 3248K, reserved 1048576K
}
Event: 301.605 GC heap before
{Heap before GC invocations=5 (full 0):
 garbage-first heap   total 129024K, used 85107K [0x0000000083000000, 0x0000000100000000)
  region size 1024K, 75 young (76800K), 6 survivors (6144K)
 Metaspace       used 25648K, capacity 26281K, committed 26544K, reserved 1073152K
  class space    used 2899K, capacity 3130K, committed 3248K, reserved 1048576K
}
Event: 301.616 GC heap after
{Heap after GC invocations=6 (full 0):
 garbage-first heap   total 129024K, used 14100K [0x0000000083000000, 0x0000000100000000)
  region size 1024K, 5 young (5120K), 5 survivors (5120K)
 Metaspace       used 25648K, capacity 26281K, committed 26544K, reserved 1073152K
  class space    used 2899K, capacity 3130K, committed 3248K, reserved 1048576K
}
Event: 461.078 GC heap before
{Heap before GC invocations=6 (full 0):
 garbage-first heap   total 129024K, used 85780K [0x0000000083000000, 0x0000000100000000)
  region size 1024K, 75 young (76800K), 5 survivors (5120K)
 Metaspace       used 25760K, capacity 26369K, committed 26544K, reserved 1073152K
  class space    used 2901K, capacity 3134K, committed 3248K, reserved 1048576K
}
Event: 461.129 GC heap after
{Heap after GC invocations=7 (full 0):
 garbage-first heap   total 129024K, used 14497K [0x0000000083000000, 0x0000000100000000)
  region size 1024K, 6 young (6144K), 6 survivors (6144K)
 Metaspace       used 25760K, capacity 26369K, committed 26544K, reserved 1073152K
  class space    used 2901K, capacity 3134K, committed 3248K, reserved 1048576K
}
Event: 535.125 GC heap before
{Heap before GC invocations=7 (full 0):
 garbage-first heap   total 129024K, used 85153K [0x0000000083000000, 0x0000000100000000)
  region size 1024K, 75 young (76800K), 6 survivors (6144K)
 Metaspace       used 25803K, capacity 26449K, committed 26800K, reserved 1073152K
  class space    used 2902K, capacity 3137K, committed 3248K, reserved 1048576K
}
Event: 535.137 GC heap after
{Heap after GC invocations=8 (full 0):
 garbage-first heap   total 129024K, used 14836K [0x0000000083000000, 0x0000000100000000)
  region size 1024K, 6 young (6144K), 6 survivors (6144K)
 Metaspace       used 25803K, capacity 26449K, committed 26800K, reserved 1073152K
  class space    used 2902K, capacity 3137K, committed 3248K, reserved 1048576K
}
Event: 670.124 GC heap before
{Heap before GC invocations=8 (full 0):
 garbage-first heap   total 129024K, used 85492K [0x0000000083000000, 0x0000000100000000)
  region size 1024K, 75 young (76800K), 6 survivors (6144K)
 Metaspace       used 25846K, capacity 26453K, committed 26800K, reserved 1073152K
  class space    used 2902K, capacity 3137K, committed 3248K, reserved 1048576K
}
Event: 670.134 GC heap after
{Heap after GC invocations=9 (full 0):
 garbage-first heap   total 129024K, used 14840K [0x0000000083000000, 0x0000000100000000)
  region size 1024K, 6 young (6144K), 6 survivors (6144K)
 Metaspace       used 25846K, capacity 26453K, committed 26800K, reserved 1073152K
  class space    used 2902K, capacity 3137K, committed 3248K, reserved 1048576K
}
Event: 735.123 GC heap before
{Heap before GC invocations=9 (full 0):
 garbage-first heap   total 129024K, used 85496K [0x0000000083000000, 0x0000000100000000)
  region size 1024K, 75 young (76800K), 6 survivors (6144K)
 Metaspace       used 25899K, capacity 26530K, committed 26800K, reserved 1073152K
  class space    used 2903K, capacity 3139K, committed 3248K, reserved 1048576K
}
Event: 735.140 GC heap after
{Heap after GC invocations=10 (full 0):
 garbage-first heap   total 129024K, used 15106K [0x0000000083000000, 0x0000000100000000)
  region size 1024K, 3 young (3072K), 3 survivors (3072K)
 Metaspace       used 25899K, capacity 26530K, committed 26800K, reserved 1073152K
  class space    used 2903K, capacity 3139K, committed 3248K, reserved 1048576K
}
Event: 864.132 GC heap before
{Heap before GC invocations=10 (full 0):
 garbage-first heap   total 129024K, used 88834K [0x0000000083000000, 0x0000000100000000)
  region size 1024K, 75 young (76800K), 3 survivors (3072K)
 Metaspace       used 25971K, capacity 26612K, committed 26800K, reserved 1073152K
  class space    used 2906K, capacity 3142K, committed 3248K, reserved 1048576K
}
Event: 864.141 GC heap after
{Heap after GC invocations=11 (full 0):
 garbage-first heap   total 129024K, used 14597K [0x0000000083000000, 0x0000000100000000)
  region size 1024K, 3 young (3072K), 3 survivors (3072K)
 Metaspace       used 25971K, capacity 26612K, committed 26800K, reserved 1073152K
  class space    used 2906K, capacity 3142K, committed 3248K, reserved 1048576K
}
Event: 927.563 GC heap before
{Heap before GC invocations=11 (full 0):
 garbage-first heap   total 129024K, used 88325K [0x0000000083000000, 0x0000000100000000)
  region size 1024K, 75 young (76800K), 3 survivors (3072K)
 Metaspace       used 26020K, capacity 26676K, committed 26800K, reserved 1073152K
  class space    used 2906K, capacity 3142K, committed 3248K, reserved 1048576K
}
Event: 927.572 GC heap after
{Heap after GC invocations=12 (full 0):
 garbage-first heap   total 129024K, used 14842K [0x0000000083000000, 0x0000000100000000)
  region size 1024K, 3 young (3072K), 3 survivors (3072K)
 Metaspace       used 26020K, capacity 26676K, committed 26800K, reserved 1073152K
  class space    used 2906K, capacity 3142K, committed 3248K, reserved 1048576K
}
Event: 1066.391 GC heap before
{Heap before GC invocations=12 (full 0):
 garbage-first heap   total 129024K, used 88570K [0x0000000083000000, 0x0000000100000000)
  region size 1024K, 75 young (76800K), 3 survivors (3072K)
 Metaspace       used 26045K, capacity 26743K, committed 27056K, reserved 1073152K
  class space    used 2906K, capacity 3142K, committed 3248K, reserved 1048576K
}
Event: 1066.417 GC heap after
{Heap after GC invocations=13 (full 0):
 garbage-first heap   total 129024K, used 14850K [0x0000000083000000, 0x0000000100000000)
  region size 1024K, 3 young (3072K), 3 survivors (3072K)
 Metaspace       used 26045K, capacity 26743K, committed 27056K, reserved 1073152K
  class space    used 2906K, capacity 3142K, committed 3248K, reserved 1048576K
}
Event: 1127.665 GC heap before
{Heap before GC invocations=13 (full 0):
 garbage-first heap   total 129024K, used 88578K [0x0000000083000000, 0x0000000100000000)
  region size 1024K, 75 young (76800K), 3 survivors (3072K)
 Metaspace       used 26065K, capacity 26743K, committed 27056K, reserved 1073152K
  class space    used 2906K, capacity 3142K, committed 3248K, reserved 1048576K
}
Event: 1127.672 GC heap after
{Heap after GC invocations=14 (full 0):
 garbage-first heap   total 129024K, used 14844K [0x0000000083000000, 0x0000000100000000)
  region size 1024K, 3 young (3072K), 3 survivors (3072K)
 Metaspace       used 26065K, capacity 26743K, committed 27056K, reserved 1073152K
  class space    used 2906K, capacity 3142K, committed 3248K, reserved 1048576K
}

Deoptimization events (20 events):
Event: 935.516 Thread 0x00000233407c9800 DEOPT PACKING pc=0x000002334c69fac4 sp=0x000000c78c9fca70
Event: 935.516 Thread 0x00000233407c9800 DEOPT UNPACKING pc=0x00000233448b8f2f sp=0x000000c78c9fc9f0 mode 2
Event: 936.539 Thread 0x00000233407c9800 Uncommon trap: trap_request=0xffffffbe fr.pc=0x000002334c69fac4 relative=0x0000000000001684
Event: 936.539 Thread 0x00000233407c9800 Uncommon trap: reason=profile_predicate action=maybe_recompile pc=0x000002334c69fac4 method=java.util.Iterator.forEachRemaining(Ljava/util/function/Consumer;)V @ 11 c2
Event: 936.539 Thread 0x00000233407c9800 DEOPT PACKING pc=0x000002334c69fac4 sp=0x000000c78c9fc930
Event: 936.539 Thread 0x00000233407c9800 DEOPT UNPACKING pc=0x00000233448b8f2f sp=0x000000c78c9fc8b0 mode 2
Event: 936.539 Thread 0x00000233407c9800 Uncommon trap: trap_request=0xffffffbe fr.pc=0x000002334c69fac4 relative=0x0000000000001684
Event: 936.539 Thread 0x00000233407c9800 Uncommon trap: reason=profile_predicate action=maybe_recompile pc=0x000002334c69fac4 method=java.util.Iterator.forEachRemaining(Ljava/util/function/Consumer;)V @ 11 c2
Event: 936.539 Thread 0x00000233407c9800 DEOPT PACKING pc=0x000002334c69fac4 sp=0x000000c78c9fc3a0
Event: 936.540 Thread 0x00000233407c9800 DEOPT UNPACKING pc=0x00000233448b8f2f sp=0x000000c78c9fc320 mode 2
Event: 936.612 Thread 0x00000233407c9800 Uncommon trap: trap_request=0xffffffbe fr.pc=0x000002334c69fac4 relative=0x0000000000001684
Event: 936.612 Thread 0x00000233407c9800 Uncommon trap: reason=profile_predicate action=maybe_recompile pc=0x000002334c69fac4 method=java.util.Iterator.forEachRemaining(Ljava/util/function/Consumer;)V @ 11 c2
Event: 936.612 Thread 0x00000233407c9800 DEOPT PACKING pc=0x000002334c69fac4 sp=0x000000c78c9fca70
Event: 936.612 Thread 0x00000233407c9800 DEOPT UNPACKING pc=0x00000233448b8f2f sp=0x000000c78c9fc9f0 mode 2
Event: 954.629 Thread 0x00000233407c9800 DEOPT PACKING pc=0x00000233450f275d sp=0x000000c78c9fd0a0
Event: 954.633 Thread 0x00000233407c9800 DEOPT UNPACKING pc=0x00000233448b8d4e sp=0x000000c78c9fc558 mode 0
Event: 1263.056 Thread 0x00000233407c9800 Uncommon trap: trap_request=0xffffff7e fr.pc=0x000002334c6e1458 relative=0x00000000000057f8
Event: 1263.056 Thread 0x00000233407c9800 Uncommon trap: reason=predicate action=maybe_recompile pc=0x000002334c6e1458 method=java.util.AbstractCollection.toArray([Ljava/lang/Object;)[Ljava/lang/Object; @ 43 c2
Event: 1263.056 Thread 0x00000233407c9800 DEOPT PACKING pc=0x000002334c6e1458 sp=0x000000c78c9fd650
Event: 1263.056 Thread 0x00000233407c9800 DEOPT UNPACKING pc=0x00000233448b8f2f sp=0x000000c78c9fd360 mode 2

Classes redefined (0 events):
No events

Internal exceptions (20 events):
Event: 1261.576 Thread 0x00000233407c9800 Exception <a 'java/net/SocketTimeoutException'{0x0000000087cb3480}: Read timed out> (0x0000000087cb3480) thrown at [c:/BuildAgent/work/5ff2f6c26000d570/src/hotspot/share/prims/jni.cpp, line 636]
Event: 1261.630 Thread 0x00000233407c9800 Exception <a 'java/net/SocketTimeoutException'{0x0000000087ccd998}: Read timed out> (0x0000000087ccd998) thrown at [c:/BuildAgent/work/5ff2f6c26000d570/src/hotspot/share/prims/jni.cpp, line 636]
Event: 1261.727 Thread 0x00000233407c9800 Exception <a 'java/net/SocketTimeoutException'{0x0000000087cdf310}: Read timed out> (0x0000000087cdf310) thrown at [c:/BuildAgent/work/5ff2f6c26000d570/src/hotspot/share/prims/jni.cpp, line 636]
Event: 1261.767 Thread 0x00000233407c9800 Exception <a 'java/net/SocketTimeoutException'{0x0000000087cf9828}: Read timed out> (0x0000000087cf9828) thrown at [c:/BuildAgent/work/5ff2f6c26000d570/src/hotspot/share/prims/jni.cpp, line 636]
Event: 1261.832 Thread 0x00000233407c9800 Exception <a 'java/net/SocketTimeoutException'{0x0000000087b0c060}: Read timed out> (0x0000000087b0c060) thrown at [c:/BuildAgent/work/5ff2f6c26000d570/src/hotspot/share/prims/jni.cpp, line 636]
Event: 1261.892 Thread 0x00000233407c9800 Exception <a 'java/net/SocketTimeoutException'{0x0000000087b23970}: Read timed out> (0x0000000087b23970) thrown at [c:/BuildAgent/work/5ff2f6c26000d570/src/hotspot/share/prims/jni.cpp, line 636]
Event: 1263.018 Thread 0x00000233407c9800 Exception <a 'java/lang/reflect/InvocationTargetException'{0x0000000087b4a0a8}> (0x0000000087b4a0a8) thrown at [c:/BuildAgent/work/5ff2f6c26000d570/src/hotspot/share/runtime/reflection.cpp, line 1247]
Event: 1263.064 Thread 0x00000233407c9800 Exception <a 'java/net/SocketTimeoutException'{0x0000000087a634a8}: Read timed out> (0x0000000087a634a8) thrown at [c:/BuildAgent/work/5ff2f6c26000d570/src/hotspot/share/prims/jni.cpp, line 636]
Event: 1263.095 Thread 0x00000233407c9800 Exception <a 'java/net/SocketTimeoutException'{0x0000000087a973c8}: Read timed out> (0x0000000087a973c8) thrown at [c:/BuildAgent/work/5ff2f6c26000d570/src/hotspot/share/prims/jni.cpp, line 636]
Event: 1264.300 Thread 0x00000233407c9800 Exception <a 'java/net/SocketTimeoutException'{0x0000000087ab62d8}: Read timed out> (0x0000000087ab62d8) thrown at [c:/BuildAgent/work/5ff2f6c26000d570/src/hotspot/share/prims/jni.cpp, line 636]
Event: 1264.331 Thread 0x00000233407c9800 Exception <a 'java/net/SocketTimeoutException'{0x0000000087ae9f78}: Read timed out> (0x0000000087ae9f78) thrown at [c:/BuildAgent/work/5ff2f6c26000d570/src/hotspot/share/prims/jni.cpp, line 636]
Event: 1265.466 Thread 0x00000233407c9800 Exception <a 'java/net/SocketTimeoutException'{0x00000000879093c0}: Read timed out> (0x00000000879093c0) thrown at [c:/BuildAgent/work/5ff2f6c26000d570/src/hotspot/share/prims/jni.cpp, line 636]
Event: 1265.502 Thread 0x00000233407c9800 Exception <a 'java/net/SocketTimeoutException'{0x000000008793d060}: Read timed out> (0x000000008793d060) thrown at [c:/BuildAgent/work/5ff2f6c26000d570/src/hotspot/share/prims/jni.cpp, line 636]
Event: 1266.667 Thread 0x00000233407c9800 Exception <a 'java/net/SocketTimeoutException'{0x000000008795ba90}: Read timed out> (0x000000008795ba90) thrown at [c:/BuildAgent/work/5ff2f6c26000d570/src/hotspot/share/prims/jni.cpp, line 636]
Event: 1306.762 Thread 0x00000233407c9800 Exception <a 'java/lang/reflect/InvocationTargetException'{0x00000000879784a0}> (0x00000000879784a0) thrown at [c:/BuildAgent/work/5ff2f6c26000d570/src/hotspot/share/runtime/reflection.cpp, line 1247]
Event: 1307.572 Thread 0x000002335e49f800 Exception <a 'java/net/SocketTimeoutException'{0x00000000869b5f00}: connect timed out> (0x00000000869b5f00) thrown at [c:/BuildAgent/work/5ff2f6c26000d570/src/hotspot/share/prims/jni.cpp, line 636]
Event: 1308.083 Thread 0x000002335e49f800 Exception <a 'java/net/SocketTimeoutException'{0x00000000869b6d88}: connect timed out> (0x00000000869b6d88) thrown at [c:/BuildAgent/work/5ff2f6c26000d570/src/hotspot/share/prims/jni.cpp, line 636]
Event: 1310.410 Thread 0x00000233407c9800 Exception <a 'java/lang/reflect/InvocationTargetException'{0x00000000868c6e78}> (0x00000000868c6e78) thrown at [c:/BuildAgent/work/5ff2f6c26000d570/src/hotspot/share/runtime/reflection.cpp, line 1247]
Event: 1310.450 Thread 0x00000233407c9800 Exception <a 'java/net/SocketTimeoutException'{0x0000000086619be8}: Read timed out> (0x0000000086619be8) thrown at [c:/BuildAgent/work/5ff2f6c26000d570/src/hotspot/share/prims/jni.cpp, line 636]
Event: 1310.476 Thread 0x00000233407c9800 Exception <a 'java/net/SocketTimeoutException'{0x000000008664d888}: Read timed out> (0x000000008664d888) thrown at [c:/BuildAgent/work/5ff2f6c26000d570/src/hotspot/share/prims/jni.cpp, line 636]

Events (20 events):
Event: 1224.126 Thread 0x000002335e49a000 Thread added: 0x000002335e49a000
Event: 1224.126 Thread 0x000002335e49d000 Thread added: 0x000002335e49d000
Event: 1225.065 Thread 0x000002335e497800 Thread added: 0x000002335e497800
Event: 1230.073 Executing VM operation: RevokeBias
Event: 1230.073 Executing VM operation: RevokeBias done
Event: 1230.073 Executing VM operation: RevokeBias
Event: 1230.073 Executing VM operation: RevokeBias done
Event: 1230.073 Thread 0x000002335e497800 Thread exited: 0x000002335e497800
Event: 1285.067 Executing VM operation: RevokeBias
Event: 1285.067 Executing VM operation: RevokeBias done
Event: 1285.068 Thread 0x000002335e49b000 Thread exited: 0x000002335e49b000
Event: 1306.856 loading class cucumber/runtime/java8/LambdaGlueBase
Event: 1306.856 loading class cucumber/runtime/java8/LambdaGlueBase done
Event: 1307.066 Thread 0x000002335e497800 Thread added: 0x000002335e497800
Event: 1307.067 Executing VM operation: RevokeBias
Event: 1307.067 Thread 0x000002335e49f800 Thread added: 0x000002335e49f800
Event: 1307.068 Executing VM operation: RevokeBias done
Event: 1307.138 Thread 0x000002335e49f000 Thread added: 0x000002335e49f000
Event: 1307.138 Thread 0x000002335e49e000 Thread added: 0x000002335e49e000
Event: 1308.106 Thread 0x000002335e49b000 Thread added: 0x000002335e49b000


Dynamic libraries:
0x00007ff654330000 - 0x00007ff65433a000 	C:\Users\pbonthal\AppData\Local\JetBrains\IntelliJ IDEA Community Edition 2019.3.3\jbr\bin\java.exe
0x00007fff8cc00000 - 0x00007fff8cdf0000 	C:\WINDOWS\SYSTEM32\ntdll.dll
0x00007fff8bbc0000 - 0x00007fff8bc72000 	C:\WINDOWS\System32\KERNEL32.DLL
0x00007fff89e10000 - 0x00007fff8a0b4000 	C:\WINDOWS\System32\KERNELBASE.dll
0x00007fff8a1a0000 - 0x00007fff8a29a000 	C:\WINDOWS\System32\ucrtbase.dll
0x00007fff884c0000 - 0x00007fff884d9000 	C:\Users\pbonthal\AppData\Local\JetBrains\IntelliJ IDEA Community Edition 2019.3.3\jbr\bin\jli.dll
0x00007fff884a0000 - 0x00007fff884b7000 	C:\Users\pbonthal\AppData\Local\JetBrains\IntelliJ IDEA Community Edition 2019.3.3\jbr\bin\VCRUNTIME140.dll
0x00007fff8acb0000 - 0x00007fff8ae44000 	C:\WINDOWS\System32\USER32.dll
0x00007fff8a0c0000 - 0x00007fff8a0e1000 	C:\WINDOWS\System32\win32u.dll
0x00007fff8c720000 - 0x00007fff8c746000 	C:\WINDOWS\System32\GDI32.dll
0x00007fff8a2a0000 - 0x00007fff8a435000 	C:\WINDOWS\System32\gdi32full.dll
0x00007fff88fd0000 - 0x00007fff89254000 	C:\WINDOWS\WinSxS\amd64_microsoft.windows.common-controls_6595b64144ccf1df_6.0.18362.900_none_e6beb9d913147d17\COMCTL32.dll
0x00007fff8a490000 - 0x00007fff8a52e000 	C:\WINDOWS\System32\msvcp_win.dll
0x00007fff8bf90000 - 0x00007fff8c02e000 	C:\WINDOWS\System32\msvcrt.dll
0x00007fff8ae50000 - 0x00007fff8b185000 	C:\WINDOWS\System32\combase.dll
0x00007fff8c130000 - 0x00007fff8c250000 	C:\WINDOWS\System32\RPCRT4.dll
0x00007fff8a0f0000 - 0x00007fff8a170000 	C:\WINDOWS\System32\bcryptPrimitives.dll
0x00007fff8c590000 - 0x00007fff8c5be000 	C:\WINDOWS\System32\IMM32.DLL
0x00007fff5cc80000 - 0x00007fff5cd1d000 	C:\Users\pbonthal\AppData\Local\JetBrains\IntelliJ IDEA Community Edition 2019.3.3\jbr\bin\msvcp140.dll
0x00007fff32ed0000 - 0x00007fff3398d000 	C:\Users\pbonthal\AppData\Local\JetBrains\IntelliJ IDEA Community Edition 2019.3.3\jbr\bin\server\jvm.dll
0x00007fff8b400000 - 0x00007fff8b4a3000 	C:\WINDOWS\System32\ADVAPI32.dll
0x00007fff8c090000 - 0x00007fff8c127000 	C:\WINDOWS\System32\sechost.dll
0x00007fff8c580000 - 0x00007fff8c588000 	C:\WINDOWS\System32\PSAPI.DLL
0x00007fff80400000 - 0x00007fff8040a000 	C:\WINDOWS\SYSTEM32\VERSION.dll
0x00007fff86a60000 - 0x00007fff86a84000 	C:\WINDOWS\SYSTEM32\WINMM.dll
0x00007fff6c890000 - 0x00007fff6c899000 	C:\WINDOWS\SYSTEM32\WSOCK32.dll
0x00007fff86a30000 - 0x00007fff86a5d000 	C:\WINDOWS\SYSTEM32\winmmbase.dll
0x00007fff8c4b0000 - 0x00007fff8c51f000 	C:\WINDOWS\System32\WS2_32.dll
0x00007fff8a440000 - 0x00007fff8a48a000 	C:\WINDOWS\System32\cfgmgr32.dll
0x00007fff89ad0000 - 0x00007fff89ae1000 	C:\WINDOWS\System32\kernel.appcore.dll
0x00007fff70af0000 - 0x00007fff70b01000 	C:\Users\pbonthal\AppData\Local\JetBrains\IntelliJ IDEA Community Edition 2019.3.3\jbr\bin\verify.dll
0x00007fff895e0000 - 0x00007fff897d4000 	C:\WINDOWS\SYSTEM32\DBGHELP.DLL
0x00007fff89350000 - 0x00007fff8937a000 	C:\WINDOWS\SYSTEM32\dbgcore.DLL
0x00007fff70a90000 - 0x00007fff70ab9000 	C:\Users\pbonthal\AppData\Local\JetBrains\IntelliJ IDEA Community Edition 2019.3.3\jbr\bin\java.dll
0x00007fff801b0000 - 0x00007fff801bf000 	C:\Users\pbonthal\AppData\Local\JetBrains\IntelliJ IDEA Community Edition 2019.3.3\jbr\bin\instrument.dll
0x00007fff62960000 - 0x00007fff62978000 	C:\Users\pbonthal\AppData\Local\JetBrains\IntelliJ IDEA Community Edition 2019.3.3\jbr\bin\zip.dll
0x00007fff70a80000 - 0x00007fff70a8b000 	C:\Users\pbonthal\AppData\Local\JetBrains\IntelliJ IDEA Community Edition 2019.3.3\jbr\bin\jimage.dll
0x00007fff8b4b0000 - 0x00007fff8bb96000 	C:\WINDOWS\System32\SHELL32.dll
0x00007fff8c400000 - 0x00007fff8c4a9000 	C:\WINDOWS\System32\shcore.dll
0x00007fff8a530000 - 0x00007fff8acb0000 	C:\WINDOWS\System32\windows.storage.dll
0x00007fff89af0000 - 0x00007fff89b13000 	C:\WINDOWS\System32\profapi.dll
0x00007fff89b40000 - 0x00007fff89b8a000 	C:\WINDOWS\System32\powrprof.dll
0x00007fff89ac0000 - 0x00007fff89ad0000 	C:\WINDOWS\System32\UMPDC.dll
0x00007fff8b190000 - 0x00007fff8b1e2000 	C:\WINDOWS\System32\shlwapi.dll
0x00007fff89ca0000 - 0x00007fff89cb7000 	C:\WINDOWS\System32\cryptsp.dll
0x00007fff62940000 - 0x00007fff6295a000 	C:\Users\pbonthal\AppData\Local\JetBrains\IntelliJ IDEA Community Edition 2019.3.3\jbr\bin\net.dll
0x00007fff7a9c0000 - 0x00007fff7aab0000 	C:\WINDOWS\SYSTEM32\WINHTTP.dll
0x00007fff88cb0000 - 0x00007fff88d17000 	C:\WINDOWS\system32\mswsock.dll
0x00007fff62920000 - 0x00007fff62934000 	C:\Users\pbonthal\AppData\Local\JetBrains\IntelliJ IDEA Community Edition 2019.3.3\jbr\bin\nio.dll
0x00007fff6c8e0000 - 0x00007fff6c8fa000 	C:\Users\pbonthal\AppData\Local\JetBrains\IntelliJ IDEA Community Edition 2019.3.3\bin\breakgen64.dll
0x00007fff88a00000 - 0x00007fff88acb000 	C:\WINDOWS\SYSTEM32\DNSAPI.dll
0x00007fff8c640000 - 0x00007fff8c648000 	C:\WINDOWS\System32\NSI.dll
0x00007fff889c0000 - 0x00007fff889fa000 	C:\WINDOWS\SYSTEM32\IPHLPAPI.DLL
0x00007fff7aad0000 - 0x00007fff7aada000 	C:\Windows\System32\rasadhlp.dll
0x00007fff836f0000 - 0x00007fff83767000 	C:\WINDOWS\System32\fwpuclnt.dll
0x00007fff8a170000 - 0x00007fff8a196000 	C:\WINDOWS\System32\bcrypt.dll
0x00007fff315e0000 - 0x00007fff31608000 	C:\Users\pbonthal\AppData\Local\JetBrains\IntelliJ IDEA Community Edition 2019.3.3\jbr\bin\sunec.dll
0x00007fff887c0000 - 0x00007fff887f3000 	C:\WINDOWS\system32\rsaenh.dll
0x00007fff899b0000 - 0x00007fff899d5000 	C:\WINDOWS\SYSTEM32\USERENV.dll
0x00007fff88e80000 - 0x00007fff88e8c000 	C:\WINDOWS\SYSTEM32\CRYPTBASE.dll
0x00007fff83610000 - 0x00007fff83626000 	C:\WINDOWS\SYSTEM32\dhcpcsvc6.DLL
0x00007fff83520000 - 0x00007fff8353c000 	C:\WINDOWS\SYSTEM32\dhcpcsvc.DLL
0x00007fff644d0000 - 0x00007fff644e6000 	C:\WINDOWS\system32\napinsp.dll
0x00007fff63370000 - 0x00007fff6338a000 	C:\WINDOWS\system32\pnrpnsp.dll
0x00007fff63360000 - 0x00007fff6336e000 	C:\WINDOWS\System32\winrnr.dll
0x00007fff7e150000 - 0x00007fff7e16c000 	C:\WINDOWS\system32\NLAapi.dll
0x00007fff83770000 - 0x00007fff83785000 	C:\WINDOWS\system32\wshbth.dll

dbghelp: loaded successfully - version: 4.0.5 - missing functions: none
symbol engine: initialized successfully - sym options: 0x614 - pdb path: .;C:\Users\pbonthal\AppData\Local\JetBrains\IntelliJ IDEA Community Edition 2019.3.3\jbr\bin;C:\WINDOWS\SYSTEM32;C:\WINDOWS\WinSxS\amd64_microsoft.windows.common-controls_6595b64144ccf1df_6.0.18362.900_none_e6beb9d913147d17;C:\Users\pbonthal\AppData\Local\JetBrains\IntelliJ IDEA Community Edition 2019.3.3\jbr\bin\server;C:\Users\pbonthal\AppData\Local\JetBrains\IntelliJ IDEA Community Edition 2019.3.3\bin

VM Arguments:
jvm_args: -ea -DnodeNamesHandler=AsText -Didea.test.cyclic.buffer.size=1048576 -javaagent:C:\Users\pbonthal\AppData\Local\JetBrains\IntelliJ IDEA Community Edition 2019.3.3\lib\idea_rt.jar=62640:C:\Users\pbonthal\AppData\Local\JetBrains\IntelliJ IDEA Community Edition 2019.3.3\bin -Dfile.encoding=UTF-8 
java_command: com.intellij.rt.junit.JUnitStarter -ideVersion5 -junit4 com.automation.runner.SmokeTest_RunnerFiles.RunnerTest3 @N Times30
java_class_path (initial): C:\Users\pbonthal\AppData\Local\JetBrains\IntelliJ IDEA Community Edition 2019.3.3\lib\idea_rt.jar;C:\Users\pbonthal\AppData\Local\JetBrains\IntelliJ IDEA Community Edition 2019.3.3\plugins\junit\lib\junit5-rt.jar;C:\Users\pbonthal\AppData\Local\JetBrains\IntelliJ IDEA Community Edition 2019.3.3\plugins\junit\lib\junit-rt.jar;C:\Users\pbonthal\IdeaProjects\Phoenix\target\test-classes;C:\Users\pbonthal\IdeaProjects\Phoenix\target\classes;C:\Users\pbonthal\.m2\repository\org\seleniumhq\selenium\selenium-java\3.141.59\selenium-java-3.141.59.jar;C:\Users\pbonthal\.m2\repository\org\seleniumhq\selenium\selenium-api\3.141.59\selenium-api-3.141.59.jar;C:\Users\pbonthal\.m2\repository\org\seleniumhq\selenium\selenium-chrome-driver\3.141.59\selenium-chrome-driver-3.141.59.jar;C:\Users\pbonthal\.m2\repository\org\seleniumhq\selenium\selenium-edge-driver\3.141.59\selenium-edge-driver-3.141.59.jar;C:\Users\pbonthal\.m2\repository\org\seleniumhq\selenium\selenium-firefox-driver\3.141.59\selenium-firefox-driver-3.141.59.jar;C:\Users\pbonthal\.m2\repository\org\seleniumhq\selenium\selenium-ie-driver\3.141.59\selenium-ie-driver-3.141.59.jar;C:\Users\pbonthal\.m2\repository\org\seleniumhq\selenium\selenium-opera-driver\3.141.59\selenium-opera-driver-3.141.59.jar;C:\Users\pbonthal\.m2\repository\org\seleniumhq\selenium\selenium-remote-driver\3.141.59\selenium-remote-driver-3.141.59.jar;C:\Users\pbonthal\.m2\repository\org\seleniumhq\selenium\selenium-safari-driver\3.141.59\selenium-safari-driver-3.141.59.jar;C:\Users\pbonthal\.m2\repository\org\seleniumhq\selenium\selenium-support\3.141.59\selenium-support-3.141.59.jar;C:\Users\pbonthal\.m2\repository\net\bytebuddy\byte-buddy\1.8.15\byte-buddy-1.8.15.jar;C:\Users\pbonthal\.m2\repository\org\apache\commons\commons-exec\1.3\commons-exec-1.3.jar;C:\Users\pbonthal\.m2\repository\com\google\guava\guava\25.0-jre\guava-25.0-jre.jar;C:\Users\pbonthal\.m2\repository\com\google\code\findbugs\jsr305\1.3.9\jsr305-1.3
Launcher Type: SUN_STANDARD

[Global flags]
     intx CICompilerCount                          = 4                                         {product} {ergonomic}
     uint ConcGCThreads                            = 2                                         {product} {ergonomic}
     uint G1ConcRefinementThreads                  = 8                                         {product} {ergonomic}
   size_t G1HeapRegionSize                         = 1048576                                   {product} {ergonomic}
    uintx GCDrainStackTargetSize                   = 64                                        {product} {ergonomic}
   size_t InitialHeapSize                          = 132120576                                 {product} {ergonomic}
   size_t MarkStackSize                            = 4194304                                   {product} {ergonomic}
   size_t MaxHeapSize                              = 2097152000                                {product} {ergonomic}
   size_t MaxNewSize                               = 1258291200                                {product} {ergonomic}
   size_t MinHeapDeltaBytes                        = 1048576                                   {product} {ergonomic}
    uintx NonNMethodCodeHeapSize                   = 5836300                                {pd product} {ergonomic}
    uintx NonProfiledCodeHeapSize                  = 122910970                              {pd product} {ergonomic}
    uintx ProfiledCodeHeapSize                     = 122910970                              {pd product} {ergonomic}
    uintx ReservedCodeCacheSize                    = 251658240                              {pd product} {ergonomic}
     bool SegmentedCodeCache                       = true                                      {product} {ergonomic}
     bool UseCompressedClassPointers               = true                                 {lp64_product} {ergonomic}
     bool UseCompressedOops                        = true                                 {lp64_product} {ergonomic}
     bool UseG1GC                                  = true                                      {product} {ergonomic}
     bool UseLargePagesIndividualAllocation        = false                                  {pd product} {ergonomic}

Logging:
Log output configuration:
 #0: stdout all=warning uptime,level,tags
 #1: stderr all=off uptime,level,tags

Environment Variables:
JAVA_HOME=C:\Program Files\Java\jdk-13.0.2
PATH=C:\WINDOWS\system32;C:\WINDOWS;C:\WINDOWS\System32\Wbem;C:\WINDOWS\System32\WindowsPowerShell\v1.0\;C:\WINDOWS\System32\OpenSSH\;C:\Program Files\Java\jdk-13.0.2\bin;C:\Users\pbonthal\AutomationTest\apache-maven-3.6.3\bin;C:\Users\pbonthal\AppData\Local\Microsoft\WindowsApps;C:\Users\pbonthal\AppData\Local\Programs\Git\cmd
USERNAME=pbonthal
OS=Windows_NT
PROCESSOR_IDENTIFIER=Intel64 Family 6 Model 142 Stepping 12, GenuineIntel



---------------  S Y S T E M  ---------------

OS: Windows 10 , 64 bit Build 18362 (10.0.18362.900)

CPU:total 8 (initial active 8) (4 cores per cpu, 2 threads per core) family 6 model 142 stepping 12, cmov, cx8, fxsr, mmx, sse, sse2, sse3, ssse3, sse4.1, sse4.2, popcnt, avx, avx2, aes, clmul, erms, 3dnowpref, lzcnt, ht, tsc, tscinvbit, bmi1, bmi2, adx, fma

Memory: 4k page, system-wide physical 7998M (236M free)
TotalPageFile size 32574M (AvailPageFile size 5M)
current process WorkingSet (physical memory assigned to process): 106M, peak: 222M
current process commit charge ("private bytes"): 269M, peak: 314M

vm_info: OpenJDK 64-Bit Server VM (11.0.6+8-b520.43) for windows-amd64 JRE (11.0.6+8-b520.43), built on Feb  3 2020 14:18:56 by "" with MS VC++ 14.0 (VS2015)

END.
