#
# There is insufficient memory for the Java Runtime Environment to continue.
# Native memory allocation (malloc) failed to allocate 1053616 bytes for Chunk::new
# Possible reasons:
#   The system is out of physical RAM or swap space
#   The process is running with CompressedOops enabled, and the Java Heap may be blocking the growth of the native heap
# Possible solutions:
#   Reduce memory load on the system
#   Increase physical memory or swap space
#   Check if swap backing store is full
#   Decrease Java heap size (-Xmx/-Xms)
#   Decrease number of Java threads
#   Decrease Java thread stack sizes (-Xss)
#   Set larger code cache with -XX:ReservedCodeCacheSize=
#   JVM is running with Unscaled Compressed Oops mode in which the Java heap is
#     placed in the first 4GB address space. The Java Heap base address is the
#     maximum limit for the native heap growth. Please use -XX:HeapBaseMinAddress
#     to set the Java Heap base and to place the Java Heap above 4GB virtual address.
# This output file may be truncated or incomplete.
#
#  Out of Memory Error (c:/BuildAgent/work/5ff2f6c26000d570/src/hotspot/share/memory/arena.cpp:197), pid=23504, tid=20996
#
# JRE version: OpenJDK Runtime Environment (11.0.6+8) (build 11.0.6+8-b520.43)
# Java VM: OpenJDK 64-Bit Server VM (11.0.6+8-b520.43, mixed mode, tiered, compressed oops, g1 gc, windows-amd64)
# No core dump will be written. Minidumps are not enabled by default on client versions of Windows
#

---------------  S U M M A R Y ------------

Command Line: -ea -DnodeNamesHandler=AsText -Didea.test.cyclic.buffer.size=1048576 -javaagent:C:\Users\pbonthal\AppData\Local\JetBrains\IntelliJ IDEA Community Edition 2019.3.3\lib\idea_rt.jar=63894:C:\Users\pbonthal\AppData\Local\JetBrains\IntelliJ IDEA Community Edition 2019.3.3\bin -Dfile.encoding=UTF-8 com.intellij.rt.junit.JUnitStarter -ideVersion5 -junit4 com.automation.runner.SmokeTest_RunnerFiles.RunnerTest4 @N Times60

Host: Intel(R) Core(TM) i5-8265U CPU @ 1.60GHz, 8 cores, 7G,  Windows 10 , 64 bit Build 18362 (10.0.18362.900)
Time: Fri Jun 26 05:11:15 2020 GMT Daylight Time elapsed time: 13321 seconds (0d 3h 42m 1s)

---------------  T H R E A D  ---------------

Current thread (0x0000021a34944800):  JavaThread "C2 CompilerThread0" daemon [_thread_in_native, id=20996, stack(0x00000021a2c00000,0x00000021a2d00000)]


Current CompileTask:
C2:13321019 6522       4       java.math.BigInteger::smallToString (272 bytes)

Stack: [0x00000021a2c00000,0x00000021a2d00000]
Native frames: (J=compiled Java code, j=interpreted, Vv=VM code, C=native code)
V  [jvm.dll+0x5de31a]
V  [jvm.dll+0x710ae5]
V  [jvm.dll+0x712005]
V  [jvm.dll+0x7126b3]
V  [jvm.dll+0x23e3a8]
V  [jvm.dll+0xb8b5c]
V  [jvm.dll+0xb905c]
V  [jvm.dll+0x35000d]
V  [jvm.dll+0x31dc63]
V  [jvm.dll+0x31d1fa]
V  [jvm.dll+0x1f77c2]
V  [jvm.dll+0x1f6994]
V  [jvm.dll+0x17f76c]
V  [jvm.dll+0x204dd7]
V  [jvm.dll+0x203641]
V  [jvm.dll+0x6da98f]
V  [jvm.dll+0x6d379d]
V  [jvm.dll+0x5dd2e6]
C  [ucrtbase.dll+0x20e82]
C  [KERNEL32.DLL+0x17bd4]
C  [ntdll.dll+0x6ce51]


---------------  P R O C E S S  ---------------

Threads class SMR info:
_java_thread_list=0x0000021a3810c350, length=164, elements={
0x0000021a19823000, 0x0000021a348f1800, 0x0000021a348f3000, 0x0000021a34941800,
0x0000021a34942800, 0x0000021a34944800, 0x0000021a34949800, 0x0000021a3494f000,
0x0000021a34064800, 0x0000021a34bd3000, 0x0000021a34bd7800, 0x0000021a366f4800,
0x0000021a35ad2800, 0x0000021a3608f000, 0x0000021a35d89800, 0x0000021a36397800,
0x0000021a366f3000, 0x0000021a37647800, 0x0000021a35ad1800, 0x0000021a3540d000,
0x0000021a3540c000, 0x0000021a3540b000, 0x0000021a3540d800, 0x0000021a3753f000,
0x0000021a3753c800, 0x0000021a37541800, 0x0000021a3753c000, 0x0000021a37540800,
0x0000021a37543000, 0x0000021a37542800, 0x0000021a3753e000, 0x0000021a3753d800,
0x0000021a37544000, 0x0000021a37546800, 0x0000021a37540000, 0x0000021a37548000,
0x0000021a37549000, 0x0000021a37549800, 0x0000021a3754a800, 0x0000021a37545800,
0x0000021a37547000, 0x0000021a35ec2000, 0x0000021a35ec0800, 0x0000021a35ec3000,
0x0000021a35ec1800, 0x0000021a35ec4800, 0x0000021a35ebf000, 0x0000021a35ebf800,
0x0000021a35ec6000, 0x0000021a35ec8000, 0x0000021a35ec8800, 0x0000021a35ec7000,
0x0000021a35ec9800, 0x0000021a35ec4000, 0x0000021a35eca800, 0x0000021a35ecb000,
0x0000021a35ecd000, 0x0000021a35ecc000, 0x0000021a35ec5800, 0x0000021a37545000,
0x0000021a35888000, 0x0000021a35889000, 0x0000021a3588a000, 0x0000021a35884000,
0x0000021a35886000, 0x0000021a3588a800, 0x0000021a35885000, 0x0000021a35886800,
0x0000021a35883800, 0x0000021a3588b800, 0x0000021a35887800, 0x0000021a35891000,
0x0000021a35892000, 0x0000021a3588c800, 0x0000021a3588e000, 0x0000021a3588e800,
0x0000021a3588f800, 0x0000021a35890800, 0x0000021a35ecd800, 0x0000021a3588d000,
0x0000021a36015000, 0x0000021a36016000, 0x0000021a36010000, 0x0000021a36016800,
0x0000021a36011000, 0x0000021a36017800, 0x0000021a36012000, 0x0000021a36018800,
0x0000021a36012800, 0x0000021a36013800, 0x0000021a3601a000, 0x0000021a36019000,
0x0000021a3601d000, 0x0000021a3601b800, 0x0000021a36014800, 0x0000021a3601c800,
0x0000021a3601b000, 0x0000021a3601f000, 0x0000021a3584b000, 0x0000021a3584a800,
0x0000021a35849800, 0x0000021a3584e800, 0x0000021a3584d800, 0x0000021a35851800,
0x0000021a3584c000, 0x0000021a35852800, 0x0000021a3584d000, 0x0000021a35855000,
0x0000021a3584f800, 0x0000021a35856000, 0x0000021a35850000, 0x0000021a35856800,
0x0000021a35851000, 0x0000021a35857800, 0x0000021a35858000, 0x0000021a35853800,
0x0000021a3601e000, 0x0000021a3598b000, 0x0000021a35988800, 0x0000021a35985000,
0x0000021a35989800, 0x0000021a35987800, 0x0000021a3598b800, 0x0000021a35986000,
0x0000021a3598a000, 0x0000021a35987000, 0x0000021a35991800, 0x0000021a35990800,
0x0000021a35992000, 0x0000021a3598c800, 0x0000021a35993000, 0x0000021a35994000,
0x0000021a3598e000, 0x0000021a3598d800, 0x0000021a3598f000, 0x0000021a35854000,
0x0000021a35990000, 0x0000021a35fe5000, 0x0000021a35fe1000, 0x0000021a35fe0000,
0x0000021a35fe4000, 0x0000021a35fe2800, 0x0000021a35fe6000, 0x0000021a35fe7800,
0x0000021a35fe2000, 0x0000021a35fe6800, 0x0000021a35fe8800, 0x0000021a35fe3800,
0x0000021a35fea000, 0x0000021a35feb000, 0x0000021a35fe9000, 0x0000021a35fef000,
0x0000021a35fec800, 0x0000021a35fed000, 0x0000021a35feb800, 0x0000021a377d6000,
0x0000021a377d9800, 0x0000021a377da800, 0x0000021a377d8000, 0x0000021a377d8800,
0x0000021a377d4800, 0x0000021a377d5800, 0x0000021a377dd800, 0x0000021a377dc000
}

Java Threads: ( => current thread )
  0x0000021a19823000 JavaThread "Forwarding newSession on session null to remote" [_thread_blocked, id=20824, stack(0x00000021a2100000,0x00000021a2200000)]
  0x0000021a348f1800 JavaThread "Reference Handler" daemon [_thread_blocked, id=14108, stack(0x00000021a2800000,0x00000021a2900000)]
  0x0000021a348f3000 JavaThread "Finalizer" daemon [_thread_blocked, id=38592, stack(0x00000021a2900000,0x00000021a2a00000)]
  0x0000021a34941800 JavaThread "Signal Dispatcher" daemon [_thread_blocked, id=13296, stack(0x00000021a2a00000,0x00000021a2b00000)]
  0x0000021a34942800 JavaThread "Attach Listener" daemon [_thread_blocked, id=32836, stack(0x00000021a2b00000,0x00000021a2c00000)]
=>0x0000021a34944800 JavaThread "C2 CompilerThread0" daemon [_thread_in_native, id=20996, stack(0x00000021a2c00000,0x00000021a2d00000)]
  0x0000021a34949800 JavaThread "C1 CompilerThread0" daemon [_thread_blocked, id=16240, stack(0x00000021a2d00000,0x00000021a2e00000)]
  0x0000021a3494f000 JavaThread "Sweeper thread" daemon [_thread_blocked, id=27996, stack(0x00000021a2e00000,0x00000021a2f00000)]
  0x0000021a34064800 JavaThread "Common-Cleaner" daemon [_thread_blocked, id=41568, stack(0x00000021a2f00000,0x00000021a3000000)]
  0x0000021a34bd3000 JavaThread "Monitor Ctrl-Break" daemon [_thread_in_native, id=4188, stack(0x00000021a3000000,0x00000021a3100000)]
  0x0000021a34bd7800 JavaThread "Service Thread" daemon [_thread_blocked, id=29184, stack(0x00000021a3100000,0x00000021a3200000)]
  0x0000021a366f4800 JavaThread "Exec Default Executor" daemon [_thread_in_native, id=3160, stack(0x00000021a3500000,0x00000021a3600000)]
  0x0000021a35ad2800 JavaThread "Exec Stream Pumper" daemon [_thread_in_native, id=2108, stack(0x00000021a3800000,0x00000021a3900000)]
  0x0000021a3608f000 JavaThread "Exec Stream Pumper" daemon [_thread_in_native, id=41332, stack(0x00000021a3900000,0x00000021a3a00000)]
  0x0000021a35d89800 JavaThread "OkHttp ConnectionPool" daemon [_thread_blocked, id=28128, stack(0x00000021a3d00000,0x00000021a3e00000)]
  0x0000021a36397800 JavaThread "Okio Watchdog" daemon [_thread_blocked, id=33580, stack(0x00000021a3e00000,0x00000021a3f00000)]
  0x0000021a366f3000 JavaThread "Exec Default Executor" daemon [_thread_in_native, id=41896, stack(0x00000021a1e00000,0x00000021a1f00000)]
  0x0000021a37647800 JavaThread "Exec Stream Pumper" daemon [_thread_in_native, id=43996, stack(0x00000021a2000000,0x00000021a2100000)]
  0x0000021a35ad1800 JavaThread "Exec Stream Pumper" daemon [_thread_in_native, id=42336, stack(0x00000021a3600000,0x00000021a3700000)]
  0x0000021a3540d000 JavaThread "Exec Default Executor" daemon [_thread_in_native, id=49092, stack(0x00000021a3b00000,0x00000021a3c00000)]
  0x0000021a3540c000 JavaThread "Exec Stream Pumper" daemon [_thread_in_native, id=49140, stack(0x00000021a4000000,0x00000021a4100000)]
  0x0000021a3540b000 JavaThread "Exec Stream Pumper" daemon [_thread_in_native, id=49096, stack(0x00000021a4100000,0x00000021a4200000)]
  0x0000021a3540d800 JavaThread "Exec Default Executor" daemon [_thread_in_native, id=42272, stack(0x00000021a1f00000,0x00000021a2000000)]
  0x0000021a3753f000 JavaThread "Exec Stream Pumper" daemon [_thread_in_native, id=43336, stack(0x00000021a3f00000,0x00000021a4000000)]
  0x0000021a3753c800 JavaThread "Exec Stream Pumper" daemon [_thread_in_native, id=36504, stack(0x00000021a4200000,0x00000021a4300000)]
  0x0000021a37541800 JavaThread "Exec Default Executor" daemon [_thread_in_native, id=56240, stack(0x00000021a3a00000,0x00000021a3b00000)]
  0x0000021a3753c000 JavaThread "Exec Stream Pumper" daemon [_thread_in_native, id=56556, stack(0x00000021a4400000,0x00000021a4500000)]
  0x0000021a37540800 JavaThread "Exec Stream Pumper" daemon [_thread_in_native, id=56504, stack(0x00000021a4500000,0x00000021a4600000)]
  0x0000021a37543000 JavaThread "Exec Default Executor" daemon [_thread_in_native, id=18900, stack(0x00000021a4300000,0x00000021a4400000)]
  0x0000021a37542800 JavaThread "Exec Stream Pumper" daemon [_thread_in_native, id=29152, stack(0x00000021a4700000,0x00000021a4800000)]
  0x0000021a3753e000 JavaThread "Exec Stream Pumper" daemon [_thread_in_native, id=55688, stack(0x00000021a4800000,0x00000021a4900000)]
  0x0000021a3753d800 JavaThread "Exec Default Executor" daemon [_thread_in_native, id=36320, stack(0x00000021a4600000,0x00000021a4700000)]
  0x0000021a37544000 JavaThread "Exec Stream Pumper" daemon [_thread_in_native, id=16080, stack(0x00000021a4a00000,0x00000021a4b00000)]
  0x0000021a37546800 JavaThread "Exec Stream Pumper" daemon [_thread_in_native, id=40268, stack(0x00000021a4b00000,0x00000021a4c00000)]
  0x0000021a37540000 JavaThread "Exec Default Executor" daemon [_thread_in_native, id=58984, stack(0x00000021a4900000,0x00000021a4a00000)]
  0x0000021a37548000 JavaThread "Exec Stream Pumper" daemon [_thread_in_native, id=2428, stack(0x00000021a4d00000,0x00000021a4e00000)]
  0x0000021a37549000 JavaThread "Exec Stream Pumper" daemon [_thread_in_native, id=7716, stack(0x00000021a4e00000,0x00000021a4f00000)]
  0x0000021a37549800 JavaThread "Exec Default Executor" daemon [_thread_in_native, id=30224, stack(0x00000021a4c00000,0x00000021a4d00000)]
  0x0000021a3754a800 JavaThread "Exec Stream Pumper" daemon [_thread_in_native, id=25712, stack(0x00000021a5000000,0x00000021a5100000)]
  0x0000021a37545800 JavaThread "Exec Stream Pumper" daemon [_thread_in_native, id=57372, stack(0x00000021a5100000,0x00000021a5200000)]
  0x0000021a37547000 JavaThread "Exec Default Executor" daemon [_thread_in_native, id=51180, stack(0x00000021a4f00000,0x00000021a5000000)]
  0x0000021a35ec2000 JavaThread "Exec Stream Pumper" daemon [_thread_in_native, id=30240, stack(0x00000021a5300000,0x00000021a5400000)]
  0x0000021a35ec0800 JavaThread "Exec Stream Pumper" daemon [_thread_in_native, id=58968, stack(0x00000021a5400000,0x00000021a5500000)]
  0x0000021a35ec3000 JavaThread "Exec Default Executor" daemon [_thread_in_native, id=40592, stack(0x00000021a5200000,0x00000021a5300000)]
  0x0000021a35ec1800 JavaThread "Exec Stream Pumper" daemon [_thread_in_native, id=56684, stack(0x00000021a5600000,0x00000021a5700000)]
  0x0000021a35ec4800 JavaThread "Exec Stream Pumper" daemon [_thread_in_native, id=29660, stack(0x00000021a5700000,0x00000021a5800000)]
  0x0000021a35ebf000 JavaThread "Exec Default Executor" daemon [_thread_in_native, id=41412, stack(0x00000021a5500000,0x00000021a5600000)]
  0x0000021a35ebf800 JavaThread "Exec Stream Pumper" daemon [_thread_in_native, id=25724, stack(0x00000021a5900000,0x00000021a5a00000)]
  0x0000021a35ec6000 JavaThread "Exec Stream Pumper" daemon [_thread_in_native, id=10900, stack(0x00000021a5a00000,0x00000021a5b00000)]
  0x0000021a35ec8000 JavaThread "Exec Default Executor" daemon [_thread_in_native, id=32652, stack(0x00000021a5800000,0x00000021a5900000)]
  0x0000021a35ec8800 JavaThread "Exec Stream Pumper" daemon [_thread_in_native, id=58948, stack(0x00000021a5c00000,0x00000021a5d00000)]
  0x0000021a35ec7000 JavaThread "Exec Stream Pumper" daemon [_thread_in_native, id=45048, stack(0x00000021a5d00000,0x00000021a5e00000)]
  0x0000021a35ec9800 JavaThread "Exec Default Executor" daemon [_thread_in_native, id=37028, stack(0x00000021a5b00000,0x00000021a5c00000)]
  0x0000021a35ec4000 JavaThread "Exec Stream Pumper" daemon [_thread_in_native, id=59896, stack(0x00000021a5f00000,0x00000021a6000000)]
  0x0000021a35eca800 JavaThread "Exec Stream Pumper" daemon [_thread_in_native, id=7892, stack(0x00000021a6000000,0x00000021a6100000)]
  0x0000021a35ecb000 JavaThread "Exec Default Executor" daemon [_thread_in_native, id=29760, stack(0x00000021a5e00000,0x00000021a5f00000)]
  0x0000021a35ecd000 JavaThread "Exec Stream Pumper" daemon [_thread_in_native, id=45252, stack(0x00000021a6200000,0x00000021a6300000)]
  0x0000021a35ecc000 JavaThread "Exec Stream Pumper" daemon [_thread_in_native, id=33080, stack(0x00000021a6300000,0x00000021a6400000)]
  0x0000021a35ec5800 JavaThread "Exec Default Executor" daemon [_thread_in_native, id=60440, stack(0x00000021a6100000,0x00000021a6200000)]
  0x0000021a37545000 JavaThread "Exec Stream Pumper" daemon [_thread_in_native, id=25232, stack(0x00000021a6500000,0x00000021a6600000)]
  0x0000021a35888000 JavaThread "Exec Stream Pumper" daemon [_thread_in_native, id=49788, stack(0x00000021a6600000,0x00000021a6700000)]
  0x0000021a35889000 JavaThread "Exec Default Executor" daemon [_thread_in_native, id=29664, stack(0x00000021a6400000,0x00000021a6500000)]
  0x0000021a3588a000 JavaThread "Exec Stream Pumper" daemon [_thread_in_native, id=43256, stack(0x00000021a6800000,0x00000021a6900000)]
  0x0000021a35884000 JavaThread "Exec Stream Pumper" daemon [_thread_in_native, id=41356, stack(0x00000021a6900000,0x00000021a6a00000)]
  0x0000021a35886000 JavaThread "Exec Default Executor" daemon [_thread_in_native, id=49660, stack(0x00000021a3700000,0x00000021a3800000)]
  0x0000021a3588a800 JavaThread "Exec Stream Pumper" daemon [_thread_in_native, id=56348, stack(0x00000021a6b00000,0x00000021a6c00000)]
  0x0000021a35885000 JavaThread "Exec Stream Pumper" daemon [_thread_in_native, id=57548, stack(0x00000021a6c00000,0x00000021a6d00000)]
  0x0000021a35886800 JavaThread "Exec Default Executor" daemon [_thread_in_native, id=52072, stack(0x00000021a6700000,0x00000021a6800000)]
  0x0000021a35883800 JavaThread "Exec Stream Pumper" daemon [_thread_in_native, id=41736, stack(0x00000021a6e00000,0x00000021a6f00000)]
  0x0000021a3588b800 JavaThread "Exec Stream Pumper" daemon [_thread_in_native, id=16596, stack(0x00000021a6f00000,0x00000021a7000000)]
  0x0000021a35887800 JavaThread "Exec Default Executor" daemon [_thread_in_native, id=41580, stack(0x00000021a6d00000,0x00000021a6e00000)]
  0x0000021a35891000 JavaThread "Exec Stream Pumper" daemon [_thread_in_native, id=51808, stack(0x00000021a7100000,0x00000021a7200000)]
  0x0000021a35892000 JavaThread "Exec Stream Pumper" daemon [_thread_in_native, id=21324, stack(0x00000021a7200000,0x00000021a7300000)]
  0x0000021a3588c800 JavaThread "Exec Default Executor" daemon [_thread_in_native, id=20476, stack(0x00000021a7000000,0x00000021a7100000)]
  0x0000021a3588e000 JavaThread "Exec Stream Pumper" daemon [_thread_in_native, id=51812, stack(0x00000021a7400000,0x00000021a7500000)]
  0x0000021a3588e800 JavaThread "Exec Stream Pumper" daemon [_thread_in_native, id=60208, stack(0x00000021a7500000,0x00000021a7600000)]
  0x0000021a3588f800 JavaThread "Exec Default Executor" daemon [_thread_in_native, id=59536, stack(0x00000021a7300000,0x00000021a7400000)]
  0x0000021a35890800 JavaThread "Exec Stream Pumper" daemon [_thread_in_native, id=30524, stack(0x00000021a7700000,0x00000021a7800000)]
  0x0000021a35ecd800 JavaThread "Exec Stream Pumper" daemon [_thread_in_native, id=60260, stack(0x00000021a7800000,0x00000021a7900000)]
  0x0000021a3588d000 JavaThread "Exec Default Executor" daemon [_thread_in_native, id=58988, stack(0x00000021a7600000,0x00000021a7700000)]
  0x0000021a36015000 JavaThread "Exec Stream Pumper" daemon [_thread_in_native, id=25704, stack(0x00000021a7a00000,0x00000021a7b00000)]
  0x0000021a36016000 JavaThread "Exec Stream Pumper" daemon [_thread_in_native, id=60240, stack(0x00000021a7b00000,0x00000021a7c00000)]
  0x0000021a36010000 JavaThread "Exec Default Executor" daemon [_thread_in_native, id=20516, stack(0x00000021a7900000,0x00000021a7a00000)]
  0x0000021a36016800 JavaThread "Exec Stream Pumper" daemon [_thread_in_native, id=57692, stack(0x00000021a7d00000,0x00000021a7e00000)]
  0x0000021a36011000 JavaThread "Exec Stream Pumper" daemon [_thread_in_native, id=42344, stack(0x00000021a7e00000,0x00000021a7f00000)]
  0x0000021a36017800 JavaThread "Exec Default Executor" daemon [_thread_in_native, id=42752, stack(0x00000021a7c00000,0x00000021a7d00000)]
  0x0000021a36012000 JavaThread "Exec Stream Pumper" daemon [_thread_in_native, id=37812, stack(0x00000021a8000000,0x00000021a8100000)]
  0x0000021a36018800 JavaThread "Exec Stream Pumper" daemon [_thread_in_native, id=17496, stack(0x00000021a8100000,0x00000021a8200000)]
  0x0000021a36012800 JavaThread "Exec Default Executor" daemon [_thread_in_native, id=59844, stack(0x00000021a7f00000,0x00000021a8000000)]
  0x0000021a36013800 JavaThread "Exec Stream Pumper" daemon [_thread_in_native, id=58160, stack(0x00000021a8300000,0x00000021a8400000)]
  0x0000021a3601a000 JavaThread "Exec Stream Pumper" daemon [_thread_in_native, id=2340, stack(0x00000021a8400000,0x00000021a8500000)]
  0x0000021a36019000 JavaThread "Exec Default Executor" daemon [_thread_in_native, id=25244, stack(0x00000021a8200000,0x00000021a8300000)]
  0x0000021a3601d000 JavaThread "Exec Stream Pumper" daemon [_thread_in_native, id=48096, stack(0x00000021a8600000,0x00000021a8700000)]
  0x0000021a3601b800 JavaThread "Exec Stream Pumper" daemon [_thread_in_native, id=11832, stack(0x00000021a8700000,0x00000021a8800000)]
  0x0000021a36014800 JavaThread "Exec Default Executor" daemon [_thread_in_native, id=42692, stack(0x00000021a8500000,0x00000021a8600000)]
  0x0000021a3601c800 JavaThread "Exec Stream Pumper" daemon [_thread_in_native, id=39272, stack(0x00000021a8900000,0x00000021a8a00000)]
  0x0000021a3601b000 JavaThread "Exec Stream Pumper" daemon [_thread_in_native, id=59868, stack(0x00000021a8a00000,0x00000021a8b00000)]
  0x0000021a3601f000 JavaThread "Exec Default Executor" daemon [_thread_in_native, id=51724, stack(0x00000021a8800000,0x00000021a8900000)]
  0x0000021a3584b000 JavaThread "Exec Stream Pumper" daemon [_thread_in_native, id=13112, stack(0x00000021a8c00000,0x00000021a8d00000)]
  0x0000021a3584a800 JavaThread "Exec Stream Pumper" daemon [_thread_in_native, id=61216, stack(0x00000021a8d00000,0x00000021a8e00000)]
  0x0000021a35849800 JavaThread "Exec Default Executor" daemon [_thread_in_native, id=58176, stack(0x00000021a8b00000,0x00000021a8c00000)]
  0x0000021a3584e800 JavaThread "Exec Stream Pumper" daemon [_thread_in_native, id=19816, stack(0x00000021a8f00000,0x00000021a9000000)]
  0x0000021a3584d800 JavaThread "Exec Stream Pumper" daemon [_thread_in_native, id=45436, stack(0x00000021a9000000,0x00000021a9100000)]
  0x0000021a35851800 JavaThread "Exec Default Executor" daemon [_thread_in_native, id=40728, stack(0x00000021a8e00000,0x00000021a8f00000)]
  0x0000021a3584c000 JavaThread "Exec Stream Pumper" daemon [_thread_in_native, id=12688, stack(0x00000021a9200000,0x00000021a9300000)]
  0x0000021a35852800 JavaThread "Exec Stream Pumper" daemon [_thread_in_native, id=15568, stack(0x00000021a9300000,0x00000021a9400000)]
  0x0000021a3584d000 JavaThread "Exec Default Executor" daemon [_thread_in_native, id=50744, stack(0x00000021a9100000,0x00000021a9200000)]
  0x0000021a35855000 JavaThread "Exec Stream Pumper" daemon [_thread_in_native, id=54532, stack(0x00000021a9500000,0x00000021a9600000)]
  0x0000021a3584f800 JavaThread "Exec Stream Pumper" daemon [_thread_in_native, id=23404, stack(0x00000021a9600000,0x00000021a9700000)]
  0x0000021a35856000 JavaThread "Exec Default Executor" daemon [_thread_in_native, id=57856, stack(0x00000021a9400000,0x00000021a9500000)]
  0x0000021a35850000 JavaThread "Exec Stream Pumper" daemon [_thread_in_native, id=58244, stack(0x00000021a9800000,0x00000021a9900000)]
  0x0000021a35856800 JavaThread "Exec Stream Pumper" daemon [_thread_in_native, id=11464, stack(0x00000021a9900000,0x00000021a9a00000)]
  0x0000021a35851000 JavaThread "Exec Default Executor" daemon [_thread_in_native, id=58768, stack(0x00000021a9700000,0x00000021a9800000)]
  0x0000021a35857800 JavaThread "Exec Stream Pumper" daemon [_thread_in_native, id=20080, stack(0x00000021a9b00000,0x00000021a9c00000)]
  0x0000021a35858000 JavaThread "Exec Stream Pumper" daemon [_thread_in_native, id=41936, stack(0x00000021a9c00000,0x00000021a9d00000)]
  0x0000021a35853800 JavaThread "Exec Default Executor" daemon [_thread_in_native, id=43268, stack(0x00000021a9a00000,0x00000021a9b00000)]
  0x0000021a3601e000 JavaThread "Exec Stream Pumper" daemon [_thread_in_native, id=51032, stack(0x00000021a9e00000,0x00000021a9f00000)]
  0x0000021a3598b000 JavaThread "Exec Stream Pumper" daemon [_thread_in_native, id=13280, stack(0x00000021a9f00000,0x00000021aa000000)]
  0x0000021a35988800 JavaThread "Exec Default Executor" daemon [_thread_in_native, id=44688, stack(0x00000021a9d00000,0x00000021a9e00000)]
  0x0000021a35985000 JavaThread "Exec Stream Pumper" daemon [_thread_in_native, id=60476, stack(0x00000021aa100000,0x00000021aa200000)]
  0x0000021a35989800 JavaThread "Exec Stream Pumper" daemon [_thread_in_native, id=23348, stack(0x00000021aa200000,0x00000021aa300000)]
  0x0000021a35987800 JavaThread "Exec Default Executor" daemon [_thread_in_native, id=50656, stack(0x00000021aa000000,0x00000021aa100000)]
  0x0000021a3598b800 JavaThread "Exec Stream Pumper" daemon [_thread_in_native, id=2768, stack(0x00000021aa400000,0x00000021aa500000)]
  0x0000021a35986000 JavaThread "Exec Stream Pumper" daemon [_thread_in_native, id=2224, stack(0x00000021aa500000,0x00000021aa600000)]
  0x0000021a3598a000 JavaThread "Exec Default Executor" daemon [_thread_in_native, id=36432, stack(0x00000021aa300000,0x00000021aa400000)]
  0x0000021a35987000 JavaThread "Exec Stream Pumper" daemon [_thread_in_native, id=42892, stack(0x00000021aa700000,0x00000021aa800000)]
  0x0000021a35991800 JavaThread "Exec Stream Pumper" daemon [_thread_in_native, id=22288, stack(0x00000021aa800000,0x00000021aa900000)]
  0x0000021a35990800 JavaThread "Exec Default Executor" daemon [_thread_in_native, id=22696, stack(0x00000021aa600000,0x00000021aa700000)]
  0x0000021a35992000 JavaThread "Exec Stream Pumper" daemon [_thread_in_native, id=60592, stack(0x00000021aaa00000,0x00000021aab00000)]
  0x0000021a3598c800 JavaThread "Exec Stream Pumper" daemon [_thread_in_native, id=36140, stack(0x00000021aab00000,0x00000021aac00000)]
  0x0000021a35993000 JavaThread "Exec Default Executor" daemon [_thread_in_native, id=40488, stack(0x00000021aa900000,0x00000021aaa00000)]
  0x0000021a35994000 JavaThread "Exec Stream Pumper" daemon [_thread_in_native, id=60336, stack(0x00000021aad00000,0x00000021aae00000)]
  0x0000021a3598e000 JavaThread "Exec Stream Pumper" daemon [_thread_in_native, id=48348, stack(0x00000021aae00000,0x00000021aaf00000)]
  0x0000021a3598d800 JavaThread "Exec Default Executor" daemon [_thread_in_native, id=40736, stack(0x00000021aac00000,0x00000021aad00000)]
  0x0000021a3598f000 JavaThread "Exec Stream Pumper" daemon [_thread_in_native, id=58684, stack(0x00000021ab000000,0x00000021ab100000)]
  0x0000021a35854000 JavaThread "Exec Stream Pumper" daemon [_thread_in_native, id=38344, stack(0x00000021ab100000,0x00000021ab200000)]
  0x0000021a35990000 JavaThread "Exec Default Executor" daemon [_thread_in_native, id=33336, stack(0x00000021aaf00000,0x00000021ab000000)]
  0x0000021a35fe5000 JavaThread "Exec Stream Pumper" daemon [_thread_in_native, id=11804, stack(0x00000021ab300000,0x00000021ab400000)]
  0x0000021a35fe1000 JavaThread "Exec Stream Pumper" daemon [_thread_in_native, id=42836, stack(0x00000021ab400000,0x00000021ab500000)]
  0x0000021a35fe0000 JavaThread "Exec Default Executor" daemon [_thread_in_native, id=32300, stack(0x00000021ab200000,0x00000021ab300000)]
  0x0000021a35fe4000 JavaThread "Exec Stream Pumper" daemon [_thread_in_native, id=11772, stack(0x00000021ab600000,0x00000021ab700000)]
  0x0000021a35fe2800 JavaThread "Exec Stream Pumper" daemon [_thread_in_native, id=17512, stack(0x00000021ab700000,0x00000021ab800000)]
  0x0000021a35fe6000 JavaThread "Exec Default Executor" daemon [_thread_in_native, id=59664, stack(0x00000021ab500000,0x00000021ab600000)]
  0x0000021a35fe7800 JavaThread "Exec Stream Pumper" daemon [_thread_in_native, id=31808, stack(0x00000021ab900000,0x00000021aba00000)]
  0x0000021a35fe2000 JavaThread "Exec Stream Pumper" daemon [_thread_in_native, id=49664, stack(0x00000021aba00000,0x00000021abb00000)]
  0x0000021a35fe6800 JavaThread "Exec Default Executor" daemon [_thread_in_native, id=42980, stack(0x00000021ab800000,0x00000021ab900000)]
  0x0000021a35fe8800 JavaThread "Exec Stream Pumper" daemon [_thread_in_native, id=34664, stack(0x00000021abc00000,0x00000021abd00000)]
  0x0000021a35fe3800 JavaThread "Exec Stream Pumper" daemon [_thread_in_native, id=43900, stack(0x00000021abd00000,0x00000021abe00000)]
  0x0000021a35fea000 JavaThread "Exec Default Executor" daemon [_thread_in_native, id=35356, stack(0x00000021abb00000,0x00000021abc00000)]
  0x0000021a35feb000 JavaThread "Exec Stream Pumper" daemon [_thread_in_native, id=34916, stack(0x00000021abf00000,0x00000021ac000000)]
  0x0000021a35fe9000 JavaThread "Exec Stream Pumper" daemon [_thread_in_native, id=56956, stack(0x00000021ac000000,0x00000021ac100000)]
  0x0000021a35fef000 JavaThread "Exec Default Executor" daemon [_thread_in_native, id=47068, stack(0x00000021abe00000,0x00000021abf00000)]
  0x0000021a35fec800 JavaThread "Exec Stream Pumper" daemon [_thread_in_native, id=45232, stack(0x00000021ac200000,0x00000021ac300000)]
  0x0000021a35fed000 JavaThread "Exec Stream Pumper" daemon [_thread_in_native, id=53672, stack(0x00000021ac300000,0x00000021ac400000)]
  0x0000021a35feb800 JavaThread "Exec Default Executor" daemon [_thread_in_native, id=57288, stack(0x00000021ac100000,0x00000021ac200000)]
  0x0000021a377d6000 JavaThread "Exec Stream Pumper" daemon [_thread_in_native, id=30216, stack(0x00000021ac500000,0x00000021ac600000)]
  0x0000021a377d9800 JavaThread "Exec Stream Pumper" daemon [_thread_in_native, id=20876, stack(0x00000021ac600000,0x00000021ac700000)]
  0x0000021a377da800 JavaThread "Exec Default Executor" daemon [_thread_in_native, id=43648, stack(0x00000021ac400000,0x00000021ac500000)]
  0x0000021a377d8000 JavaThread "Exec Stream Pumper" daemon [_thread_in_native, id=12672, stack(0x00000021ac800000,0x00000021ac900000)]
  0x0000021a377d8800 JavaThread "Exec Stream Pumper" daemon [_thread_in_native, id=17268, stack(0x00000021ac900000,0x00000021aca00000)]
  0x0000021a377d4800 JavaThread "Exec Default Executor" daemon [_thread_in_native, id=23252, stack(0x00000021ac700000,0x00000021ac800000)]
  0x0000021a377d5800 JavaThread "Exec Stream Pumper" daemon [_thread_in_native, id=5788, stack(0x00000021acb00000,0x00000021acc00000)]
  0x0000021a377dd800 JavaThread "Exec Stream Pumper" daemon [_thread_in_native, id=54932, stack(0x00000021acc00000,0x00000021acd00000)]
  0x0000021a377dc000 JavaThread "UrlChecker-54" daemon [_thread_in_native, id=55804, stack(0x00000021acd00000,0x00000021ace00000)]

Other Threads:
  0x0000021a340ae000 VMThread "VM Thread" [stack: 0x00000021a2700000,0x00000021a2800000] [id=27144]
  0x0000021a34bdf800 WatcherThread [stack: 0x00000021a3200000,0x00000021a3300000] [id=34124]
  0x0000021a1983c000 GCTaskThread "GC Thread#0" [stack: 0x00000021a2200000,0x00000021a2300000] [id=22268]
  0x0000021a355f3800 GCTaskThread "GC Thread#1" [stack: 0x00000021a3300000,0x00000021a3400000] [id=24964]
  0x0000021a35551000 GCTaskThread "GC Thread#2" [stack: 0x00000021a3400000,0x00000021a3500000] [id=37572]
  0x0000021a1986a800 ConcurrentGCThread "G1 Main Marker" [stack: 0x00000021a2300000,0x00000021a2400000] [id=22340]
  0x0000021a1986e000 ConcurrentGCThread "G1 Conc#0" [stack: 0x00000021a2400000,0x00000021a2500000] [id=25260]
  0x0000021a35a76800 ConcurrentGCThread "G1 Conc#1" [stack: 0x00000021a3c00000,0x00000021a3d00000] [id=26720]
  0x0000021a198ee000 ConcurrentGCThread "G1 Refine#0" [stack: 0x00000021a2500000,0x00000021a2600000] [id=32508]
  0x0000021a33f11800 ConcurrentGCThread "G1 Young RemSet Sampling" [stack: 0x00000021a2600000,0x00000021a2700000] [id=25924]

Threads with active compile tasks:
C2 CompilerThread013321063 6522       4       java.math.BigInteger::smallToString (272 bytes)

VM state:not at safepoint (normal execution)

VM Mutex/Monitor currently owned by a thread: None

Heap address: 0x0000000083000000, size: 2000 MB, Compressed Oops mode: 32-bit
Narrow klass base: 0x0000000000000000, Narrow klass shift: 3
Compressed class space size: 1073741824 Address: 0x0000000100000000

Heap:
 garbage-first heap   total 129024K, used 35074K [0x0000000083000000, 0x0000000100000000)
  region size 1024K, 21 young (21504K), 3 survivors (3072K)
 Metaspace       used 27001K, capacity 27741K, committed 27824K, reserved 1073152K
  class space    used 2939K, capacity 3196K, committed 3248K, reserved 1048576K
Heap Regions: E=young(eden), S=young(survivor), O=old, HS=humongous(starts), HC=humongous(continues), CS=collection set, F=free, A=archive, TAMS=top-at-mark-start (previous, next)
|   0|0x0000000083000000, 0x0000000083100000, 0x0000000083100000|100%|HS|  |TAMS 0x0000000083100000, 0x0000000083000000| Complete 
|   1|0x0000000083100000, 0x0000000083200000, 0x0000000083200000|100%|HS|  |TAMS 0x0000000083200000, 0x0000000083100000| Complete 
|   2|0x0000000083200000, 0x0000000083300000, 0x0000000083300000|100%|HC|  |TAMS 0x0000000083300000, 0x0000000083200000| Complete 
|   3|0x0000000083300000, 0x0000000083400000, 0x0000000083400000|100%|HC|  |TAMS 0x0000000083400000, 0x0000000083300000| Complete 
|   4|0x0000000083400000, 0x0000000083500000, 0x0000000083500000|100%| O|  |TAMS 0x0000000083500000, 0x0000000083400000| Untracked 
|   5|0x0000000083500000, 0x0000000083600000, 0x0000000083600000|100%| O|  |TAMS 0x0000000083585600, 0x0000000083500000| Untracked 
|   6|0x0000000083600000, 0x0000000083700000, 0x0000000083700000|100%| O|  |TAMS 0x0000000083600000, 0x0000000083600000| Untracked 
|   7|0x0000000083700000, 0x0000000083800000, 0x0000000083800000|100%| O|  |TAMS 0x0000000083700000, 0x0000000083700000| Untracked 
|   8|0x0000000083800000, 0x0000000083900000, 0x0000000083900000|100%| O|  |TAMS 0x0000000083800000, 0x0000000083800000| Untracked 
|   9|0x0000000083900000, 0x0000000083a00000, 0x0000000083a00000|100%| O|  |TAMS 0x0000000083900000, 0x0000000083900000| Untracked 
|  10|0x0000000083a00000, 0x0000000083b00000, 0x0000000083b00000|100%| O|  |TAMS 0x0000000083a00000, 0x0000000083a00000| Untracked 
|  11|0x0000000083b00000, 0x0000000083c00000, 0x0000000083c00000|100%| O|  |TAMS 0x0000000083b00000, 0x0000000083b00000| Untracked 
|  12|0x0000000083c00000, 0x0000000083d00000, 0x0000000083d00000|100%| O|  |TAMS 0x0000000083c00000, 0x0000000083c00000| Untracked 
|  13|0x0000000083d00000, 0x0000000083e00000, 0x0000000083e00000|100%| O|  |TAMS 0x0000000083d00000, 0x0000000083d00000| Untracked 
|  14|0x0000000083e00000, 0x0000000083eba800, 0x0000000083f00000| 72%| O|  |TAMS 0x0000000083e00000, 0x0000000083e00000| Untracked 
|  15|0x0000000083f00000, 0x0000000083f00000, 0x0000000084000000|  0%| F|  |TAMS 0x0000000083f00000, 0x0000000083f00000| Untracked 
|  16|0x0000000084000000, 0x0000000084000000, 0x0000000084100000|  0%| F|  |TAMS 0x0000000084000000, 0x0000000084000000| Untracked 
|  17|0x0000000084100000, 0x0000000084100000, 0x0000000084200000|  0%| F|  |TAMS 0x0000000084100000, 0x0000000084100000| Untracked 
|  18|0x0000000084200000, 0x0000000084200000, 0x0000000084300000|  0%| F|  |TAMS 0x0000000084200000, 0x0000000084200000| Untracked 
|  19|0x0000000084300000, 0x0000000084300000, 0x0000000084400000|  0%| F|  |TAMS 0x0000000084300000, 0x0000000084300000| Untracked 
|  20|0x0000000084400000, 0x0000000084400000, 0x0000000084500000|  0%| F|  |TAMS 0x0000000084400000, 0x0000000084400000| Untracked 
|  21|0x0000000084500000, 0x0000000084500000, 0x0000000084600000|  0%| F|  |TAMS 0x0000000084500000, 0x0000000084500000| Untracked 
|  22|0x0000000084600000, 0x0000000084600000, 0x0000000084700000|  0%| F|  |TAMS 0x0000000084600000, 0x0000000084600000| Untracked 
|  23|0x0000000084700000, 0x0000000084700000, 0x0000000084800000|  0%| F|  |TAMS 0x0000000084700000, 0x0000000084700000| Untracked 
|  24|0x0000000084800000, 0x0000000084800000, 0x0000000084900000|  0%| F|  |TAMS 0x0000000084800000, 0x0000000084800000| Untracked 
|  25|0x0000000084900000, 0x0000000084900000, 0x0000000084a00000|  0%| F|  |TAMS 0x0000000084900000, 0x0000000084900000| Untracked 
|  26|0x0000000084a00000, 0x0000000084a00000, 0x0000000084b00000|  0%| F|  |TAMS 0x0000000084a00000, 0x0000000084a00000| Untracked 
|  27|0x0000000084b00000, 0x0000000084b00000, 0x0000000084c00000|  0%| F|  |TAMS 0x0000000084b00000, 0x0000000084b00000| Untracked 
|  28|0x0000000084c00000, 0x0000000084c00000, 0x0000000084d00000|  0%| F|  |TAMS 0x0000000084c00000, 0x0000000084c00000| Untracked 
|  29|0x0000000084d00000, 0x0000000084d00000, 0x0000000084e00000|  0%| F|  |TAMS 0x0000000084d00000, 0x0000000084d00000| Untracked 
|  30|0x0000000084e00000, 0x0000000084e00000, 0x0000000084f00000|  0%| F|  |TAMS 0x0000000084e00000, 0x0000000084e00000| Untracked 
|  31|0x0000000084f00000, 0x0000000084f00000, 0x0000000085000000|  0%| F|  |TAMS 0x0000000084f00000, 0x0000000084f00000| Untracked 
|  32|0x0000000085000000, 0x0000000085000000, 0x0000000085100000|  0%| F|  |TAMS 0x0000000085000000, 0x0000000085000000| Untracked 
|  33|0x0000000085100000, 0x0000000085100000, 0x0000000085200000|  0%| F|  |TAMS 0x0000000085100000, 0x0000000085100000| Untracked 
|  34|0x0000000085200000, 0x0000000085200000, 0x0000000085300000|  0%| F|  |TAMS 0x0000000085200000, 0x0000000085200000| Untracked 
|  35|0x0000000085300000, 0x0000000085300000, 0x0000000085400000|  0%| F|  |TAMS 0x0000000085300000, 0x0000000085300000| Untracked 
|  36|0x0000000085400000, 0x0000000085400000, 0x0000000085500000|  0%| F|  |TAMS 0x0000000085400000, 0x0000000085400000| Untracked 
|  37|0x0000000085500000, 0x0000000085500000, 0x0000000085600000|  0%| F|  |TAMS 0x0000000085500000, 0x0000000085500000| Untracked 
|  38|0x0000000085600000, 0x0000000085600000, 0x0000000085700000|  0%| F|  |TAMS 0x0000000085600000, 0x0000000085600000| Untracked 
|  39|0x0000000085700000, 0x0000000085700000, 0x0000000085800000|  0%| F|  |TAMS 0x0000000085700000, 0x0000000085700000| Untracked 
|  40|0x0000000085800000, 0x0000000085800000, 0x0000000085900000|  0%| F|  |TAMS 0x0000000085800000, 0x0000000085800000| Untracked 
|  41|0x0000000085900000, 0x0000000085900000, 0x0000000085a00000|  0%| F|  |TAMS 0x0000000085900000, 0x0000000085900000| Untracked 
|  42|0x0000000085a00000, 0x0000000085a00000, 0x0000000085b00000|  0%| F|  |TAMS 0x0000000085a00000, 0x0000000085a00000| Untracked 
|  43|0x0000000085b00000, 0x0000000085b00000, 0x0000000085c00000|  0%| F|  |TAMS 0x0000000085b00000, 0x0000000085b00000| Untracked 
|  44|0x0000000085c00000, 0x0000000085c00000, 0x0000000085d00000|  0%| F|  |TAMS 0x0000000085c00000, 0x0000000085c00000| Untracked 
|  45|0x0000000085d00000, 0x0000000085d00000, 0x0000000085e00000|  0%| F|  |TAMS 0x0000000085d00000, 0x0000000085d00000| Untracked 
|  46|0x0000000085e00000, 0x0000000085e00000, 0x0000000085f00000|  0%| F|  |TAMS 0x0000000085e00000, 0x0000000085e00000| Untracked 
|  47|0x0000000085f00000, 0x0000000085f00000, 0x0000000086000000|  0%| F|  |TAMS 0x0000000085f00000, 0x0000000085f00000| Untracked 
|  48|0x0000000086000000, 0x0000000086086140, 0x0000000086100000| 52%| S|CS|TAMS 0x0000000086000000, 0x0000000086000000| Complete 
|  49|0x0000000086100000, 0x0000000086200000, 0x0000000086200000|100%| S|CS|TAMS 0x0000000086100000, 0x0000000086100000| Complete 
|  50|0x0000000086200000, 0x0000000086200000, 0x0000000086300000|  0%| F|  |TAMS 0x0000000086200000, 0x0000000086200000| Untracked 
|  51|0x0000000086300000, 0x0000000086400000, 0x0000000086400000|100%| S|CS|TAMS 0x0000000086300000, 0x0000000086300000| Complete 
|  52|0x0000000086400000, 0x0000000086400000, 0x0000000086500000|  0%| F|  |TAMS 0x0000000086400000, 0x0000000086400000| Untracked 
|  53|0x0000000086500000, 0x0000000086500000, 0x0000000086600000|  0%| F|  |TAMS 0x0000000086500000, 0x0000000086500000| Untracked 
|  54|0x0000000086600000, 0x0000000086600000, 0x0000000086700000|  0%| F|  |TAMS 0x0000000086600000, 0x0000000086600000| Untracked 
|  55|0x0000000086700000, 0x0000000086700000, 0x0000000086800000|  0%| F|  |TAMS 0x0000000086700000, 0x0000000086700000| Untracked 
|  56|0x0000000086800000, 0x0000000086800000, 0x0000000086900000|  0%| F|  |TAMS 0x0000000086800000, 0x0000000086800000| Untracked 
|  57|0x0000000086900000, 0x0000000086900000, 0x0000000086a00000|  0%| F|  |TAMS 0x0000000086900000, 0x0000000086900000| Untracked 
|  58|0x0000000086a00000, 0x0000000086a00000, 0x0000000086b00000|  0%| F|  |TAMS 0x0000000086a00000, 0x0000000086a00000| Untracked 
|  59|0x0000000086b00000, 0x0000000086b00000, 0x0000000086c00000|  0%| F|  |TAMS 0x0000000086b00000, 0x0000000086b00000| Untracked 
|  60|0x0000000086c00000, 0x0000000086c00000, 0x0000000086d00000|  0%| F|  |TAMS 0x0000000086c00000, 0x0000000086c00000| Untracked 
|  61|0x0000000086d00000, 0x0000000086d00000, 0x0000000086e00000|  0%| F|  |TAMS 0x0000000086d00000, 0x0000000086d00000| Untracked 
|  62|0x0000000086e00000, 0x0000000086e00000, 0x0000000086f00000|  0%| F|  |TAMS 0x0000000086e00000, 0x0000000086e00000| Untracked 
|  63|0x0000000086f00000, 0x0000000086f00000, 0x0000000087000000|  0%| F|  |TAMS 0x0000000086f00000, 0x0000000086f00000| Untracked 
|  64|0x0000000087000000, 0x0000000087000000, 0x0000000087100000|  0%| F|  |TAMS 0x0000000087000000, 0x0000000087000000| Untracked 
|  65|0x0000000087100000, 0x0000000087100000, 0x0000000087200000|  0%| F|  |TAMS 0x0000000087100000, 0x0000000087100000| Untracked 
|  66|0x0000000087200000, 0x0000000087200000, 0x0000000087300000|  0%| F|  |TAMS 0x0000000087200000, 0x0000000087200000| Untracked 
|  67|0x0000000087300000, 0x0000000087300000, 0x0000000087400000|  0%| F|  |TAMS 0x0000000087300000, 0x0000000087300000| Untracked 
|  68|0x0000000087400000, 0x0000000087400000, 0x0000000087500000|  0%| F|  |TAMS 0x0000000087400000, 0x0000000087400000| Untracked 
|  69|0x0000000087500000, 0x0000000087500000, 0x0000000087600000|  0%| F|  |TAMS 0x0000000087500000, 0x0000000087500000| Untracked 
|  70|0x0000000087600000, 0x0000000087600000, 0x0000000087700000|  0%| F|  |TAMS 0x0000000087600000, 0x0000000087600000| Untracked 
|  71|0x0000000087700000, 0x0000000087700000, 0x0000000087800000|  0%| F|  |TAMS 0x0000000087700000, 0x0000000087700000| Untracked 
|  72|0x0000000087800000, 0x0000000087800000, 0x0000000087900000|  0%| F|  |TAMS 0x0000000087800000, 0x0000000087800000| Untracked 
|  73|0x0000000087900000, 0x0000000087900000, 0x0000000087a00000|  0%| F|  |TAMS 0x0000000087900000, 0x0000000087900000| Untracked 
|  74|0x0000000087a00000, 0x0000000087a00000, 0x0000000087b00000|  0%| F|  |TAMS 0x0000000087a00000, 0x0000000087a00000| Untracked 
|  75|0x0000000087b00000, 0x0000000087b00000, 0x0000000087c00000|  0%| F|  |TAMS 0x0000000087b00000, 0x0000000087b00000| Untracked 
|  76|0x0000000087c00000, 0x0000000087c00000, 0x0000000087d00000|  0%| F|  |TAMS 0x0000000087c00000, 0x0000000087c00000| Untracked 
|  77|0x0000000087d00000, 0x0000000087d00000, 0x0000000087e00000|  0%| F|  |TAMS 0x0000000087d00000, 0x0000000087d00000| Untracked 
|  78|0x0000000087e00000, 0x0000000087e00000, 0x0000000087f00000|  0%| F|  |TAMS 0x0000000087e00000, 0x0000000087e00000| Untracked 
|  79|0x0000000087f00000, 0x0000000087f00000, 0x0000000088000000|  0%| F|  |TAMS 0x0000000087f00000, 0x0000000087f00000| Untracked 
|  80|0x0000000088000000, 0x0000000088000000, 0x0000000088100000|  0%| F|  |TAMS 0x0000000088000000, 0x0000000088000000| Untracked 
|  81|0x0000000088100000, 0x0000000088100000, 0x0000000088200000|  0%| F|  |TAMS 0x0000000088100000, 0x0000000088100000| Untracked 
|  82|0x0000000088200000, 0x0000000088200000, 0x0000000088300000|  0%| F|  |TAMS 0x0000000088200000, 0x0000000088200000| Untracked 
|  83|0x0000000088300000, 0x0000000088300000, 0x0000000088400000|  0%| F|  |TAMS 0x0000000088300000, 0x0000000088300000| Untracked 
|  84|0x0000000088400000, 0x0000000088400000, 0x0000000088500000|  0%| F|  |TAMS 0x0000000088400000, 0x0000000088400000| Untracked 
|  85|0x0000000088500000, 0x0000000088500000, 0x0000000088600000|  0%| F|  |TAMS 0x0000000088500000, 0x0000000088500000| Untracked 
|  86|0x0000000088600000, 0x0000000088600000, 0x0000000088700000|  0%| F|  |TAMS 0x0000000088600000, 0x0000000088600000| Untracked 
|  87|0x0000000088700000, 0x0000000088700000, 0x0000000088800000|  0%| F|  |TAMS 0x0000000088700000, 0x0000000088700000| Untracked 
|  88|0x0000000088800000, 0x0000000088800000, 0x0000000088900000|  0%| F|  |TAMS 0x0000000088800000, 0x0000000088800000| Untracked 
|  89|0x0000000088900000, 0x0000000088900000, 0x0000000088a00000|  0%| F|  |TAMS 0x0000000088900000, 0x0000000088900000| Untracked 
|  90|0x0000000088a00000, 0x0000000088a00000, 0x0000000088b00000|  0%| F|  |TAMS 0x0000000088a00000, 0x0000000088a00000| Untracked 
|  91|0x0000000088b00000, 0x0000000088b00000, 0x0000000088c00000|  0%| F|  |TAMS 0x0000000088b00000, 0x0000000088b00000| Untracked 
|  92|0x0000000088c00000, 0x0000000088c00000, 0x0000000088d00000|  0%| F|  |TAMS 0x0000000088c00000, 0x0000000088c00000| Untracked 
|  93|0x0000000088d00000, 0x0000000088d00000, 0x0000000088e00000|  0%| F|  |TAMS 0x0000000088d00000, 0x0000000088d00000| Untracked 
|  94|0x0000000088e00000, 0x0000000088e00000, 0x0000000088f00000|  0%| F|  |TAMS 0x0000000088e00000, 0x0000000088e00000| Untracked 
|  95|0x0000000088f00000, 0x0000000088f00000, 0x0000000089000000|  0%| F|  |TAMS 0x0000000088f00000, 0x0000000088f00000| Untracked 
|  96|0x0000000089000000, 0x0000000089000000, 0x0000000089100000|  0%| F|  |TAMS 0x0000000089000000, 0x0000000089000000| Untracked 
|  97|0x0000000089100000, 0x0000000089100000, 0x0000000089200000|  0%| F|  |TAMS 0x0000000089100000, 0x0000000089100000| Untracked 
|  98|0x0000000089200000, 0x0000000089200000, 0x0000000089300000|  0%| F|  |TAMS 0x0000000089200000, 0x0000000089200000| Untracked 
|  99|0x0000000089300000, 0x0000000089300000, 0x0000000089400000|  0%| F|  |TAMS 0x0000000089300000, 0x0000000089300000| Untracked 
| 100|0x0000000089400000, 0x0000000089400000, 0x0000000089500000|  0%| F|  |TAMS 0x0000000089400000, 0x0000000089400000| Untracked 
| 101|0x0000000089500000, 0x0000000089500000, 0x0000000089600000|  0%| F|  |TAMS 0x0000000089500000, 0x0000000089500000| Untracked 
| 102|0x0000000089600000, 0x0000000089600000, 0x0000000089700000|  0%| F|  |TAMS 0x0000000089600000, 0x0000000089600000| Untracked 
| 103|0x0000000089700000, 0x0000000089700000, 0x0000000089800000|  0%| F|  |TAMS 0x0000000089700000, 0x0000000089700000| Untracked 
| 104|0x0000000089800000, 0x0000000089800000, 0x0000000089900000|  0%| F|  |TAMS 0x0000000089800000, 0x0000000089800000| Untracked 
| 105|0x0000000089900000, 0x0000000089900000, 0x0000000089a00000|  0%| F|  |TAMS 0x0000000089900000, 0x0000000089900000| Untracked 
| 106|0x0000000089a00000, 0x0000000089a00000, 0x0000000089b00000|  0%| F|  |TAMS 0x0000000089a00000, 0x0000000089a00000| Untracked 
| 107|0x0000000089b00000, 0x0000000089b00000, 0x0000000089c00000|  0%| F|  |TAMS 0x0000000089b00000, 0x0000000089b00000| Untracked 
| 108|0x0000000089c00000, 0x0000000089d00000, 0x0000000089d00000|100%| E|  |TAMS 0x0000000089c00000, 0x0000000089c00000| Complete 
| 109|0x0000000089d00000, 0x0000000089e00000, 0x0000000089e00000|100%| E|CS|TAMS 0x0000000089d00000, 0x0000000089d00000| Complete 
| 110|0x0000000089e00000, 0x0000000089f00000, 0x0000000089f00000|100%| E|CS|TAMS 0x0000000089e00000, 0x0000000089e00000| Complete 
| 111|0x0000000089f00000, 0x000000008a000000, 0x000000008a000000|100%| E|CS|TAMS 0x0000000089f00000, 0x0000000089f00000| Complete 
| 112|0x000000008a000000, 0x000000008a100000, 0x000000008a100000|100%| E|CS|TAMS 0x000000008a000000, 0x000000008a000000| Complete 
| 113|0x000000008a100000, 0x000000008a200000, 0x000000008a200000|100%| E|CS|TAMS 0x000000008a100000, 0x000000008a100000| Complete 
| 114|0x000000008a200000, 0x000000008a300000, 0x000000008a300000|100%| E|CS|TAMS 0x000000008a200000, 0x000000008a200000| Complete 
| 115|0x000000008a300000, 0x000000008a400000, 0x000000008a400000|100%| E|CS|TAMS 0x000000008a300000, 0x000000008a300000| Complete 
| 116|0x000000008a400000, 0x000000008a500000, 0x000000008a500000|100%| E|CS|TAMS 0x000000008a400000, 0x000000008a400000| Complete 
| 117|0x000000008a500000, 0x000000008a600000, 0x000000008a600000|100%| E|CS|TAMS 0x000000008a500000, 0x000000008a500000| Complete 
| 118|0x000000008a600000, 0x000000008a700000, 0x000000008a700000|100%| E|CS|TAMS 0x000000008a600000, 0x000000008a600000| Complete 
| 119|0x000000008a700000, 0x000000008a800000, 0x000000008a800000|100%| E|CS|TAMS 0x000000008a700000, 0x000000008a700000| Complete 
| 120|0x000000008a800000, 0x000000008a900000, 0x000000008a900000|100%| E|CS|TAMS 0x000000008a800000, 0x000000008a800000| Complete 
| 121|0x000000008a900000, 0x000000008aa00000, 0x000000008aa00000|100%| E|CS|TAMS 0x000000008a900000, 0x000000008a900000| Complete 
| 122|0x000000008aa00000, 0x000000008ab00000, 0x000000008ab00000|100%| E|CS|TAMS 0x000000008aa00000, 0x000000008aa00000| Complete 
| 123|0x000000008ab00000, 0x000000008ac00000, 0x000000008ac00000|100%| E|CS|TAMS 0x000000008ab00000, 0x000000008ab00000| Complete 
| 124|0x000000008ac00000, 0x000000008ad00000, 0x000000008ad00000|100%| E|CS|TAMS 0x000000008ac00000, 0x000000008ac00000| Complete 
| 125|0x000000008ad00000, 0x000000008ae00000, 0x000000008ae00000|100%| E|CS|TAMS 0x000000008ad00000, 0x000000008ad00000| Complete 

Card table byte_map: [0x0000021a2d010000,0x0000021a2d400000] _byte_map_base: 0x0000021a2cbf8000

Marking Bits (Prev, Next): (CMBitMap*) 0x0000021a19861fc0, (CMBitMap*) 0x0000021a19861f88
 Prev Bits: [0x0000021a2f730000, 0x0000021a31670000)
 Next Bits: [0x0000021a2d7f0000, 0x0000021a2f730000)

Polling page: 0x0000021a18ff0000

Metaspace:

Usage:
  Non-class:     23.97 MB capacity,    23.50 MB ( 98%) used,   396.70 KB (  2%) free+waste,    86.19 KB ( <1%) overhead. 
      Class:      3.12 MB capacity,     2.87 MB ( 92%) used,   218.69 KB (  7%) free+waste,    37.50 KB (  1%) overhead. 
       Both:     27.09 MB capacity,    26.37 MB ( 97%) used,   615.39 KB (  2%) free+waste,   123.69 KB ( <1%) overhead. 

Virtual space:
  Non-class space:       24.00 MB reserved,      24.00 MB (100%) committed 
      Class space:        1.00 GB reserved,       3.17 MB ( <1%) committed 
             Both:        1.02 GB reserved,      27.17 MB (  3%) committed 

Chunk freelists:
   Non-Class:  31.00 KB
       Class:  0 bytes
        Both:  31.00 KB

MaxMetaspaceSize: 17179869184.00 GB
CompressedClassSpaceSize: 1.00 GB

CodeHeap 'non-profiled nmethods': size=120000Kb used=5180Kb max_used=5180Kb free=114819Kb
 bounds [0x0000021a253c0000, 0x0000021a258e0000, 0x0000021a2c8f0000]
CodeHeap 'profiled nmethods': size=120000Kb used=9491Kb max_used=10389Kb free=110508Kb
 bounds [0x0000021a1de90000, 0x0000021a1e8d0000, 0x0000021a253c0000]
CodeHeap 'non-nmethods': size=5760Kb used=1153Kb max_used=1224Kb free=4606Kb
 bounds [0x0000021a1d8f0000, 0x0000021a1db60000, 0x0000021a1de90000]
 total_blobs=9867 nmethods=5099 adapters=400
 compilation: enabled
              stopped_count=0, restarted_count=0
 full_count=0

Compilation events (20 events):
Event: 13198.860 Thread 0x0000021a34949800 nmethod 6516 0x0000021a1e1fe390 code [0x0000021a1e1fe540, 0x0000021a1e1fe6f8]
Event: 13238.861 Thread 0x0000021a34949800 6517   !   3       org.apache.commons.exec.StreamPumper::run (229 bytes)
Event: 13238.865 Thread 0x0000021a34949800 nmethod 6517 0x0000021a1e550810 code [0x0000021a1e550aa0, 0x0000021a1e551a90]
Event: 13238.880 Thread 0x0000021a34944800 6518       4       java.lang.ref.ReferenceQueue::reallyPoll (65 bytes)
Event: 13238.883 Thread 0x0000021a34944800 nmethod 6518 0x0000021a258bb810 code [0x0000021a258bb9c0, 0x0000021a258bbd08]
Event: 13320.894 Thread 0x0000021a34944800 6519 %     4       java.lang.StackTraceElement::of @ 42 (68 bytes)
Event: 13320.902 Thread 0x0000021a34944800 nmethod 6519% 0x0000021a258baa10 code [0x0000021a258babe0, 0x0000021a258bb498]
Event: 13320.930 Thread 0x0000021a34944800 6520       4       cucumber.runtime.java.MethodScanner::isStepdefAnnotation (22 bytes)
Event: 13320.935 Thread 0x0000021a34944800 nmethod 6520 0x0000021a258ba110 code [0x0000021a258ba300, 0x0000021a258ba668]
Event: 13320.935 Thread 0x0000021a34944800 6521   !   4       cucumber.runtime.java.JavaBackend::addStepDefinition (64 bytes)
Event: 13320.959 Thread 0x0000021a34949800 6523       3       java.math.BigInteger::abs (16 bytes)
Event: 13320.959 Thread 0x0000021a34949800 nmethod 6523 0x0000021a1e386810 code [0x0000021a1e3869e0, 0x0000021a1e386cb0]
Event: 13320.967 Thread 0x0000021a34944800 nmethod 6521 0x0000021a258b7490 code [0x0000021a258b77c0, 0x0000021a258b8fa0]
Event: 13320.967 Thread 0x0000021a34944800 6522       4       java.math.BigInteger::smallToString (272 bytes)
Event: 13320.971 Thread 0x0000021a34949800 6525       3       java.text.NumberFormat::getInstance (84 bytes)
Event: 13320.972 Thread 0x0000021a34949800 nmethod 6525 0x0000021a1e408710 code [0x0000021a1e408920, 0x0000021a1e408f70]
Event: 13320.972 Thread 0x0000021a34949800 6526       3       sun.util.locale.provider.LocaleResources::getNumberPatterns (84 bytes)
Event: 13320.975 Thread 0x0000021a34949800 nmethod 6526 0x0000021a1e582c10 code [0x0000021a1e582f60, 0x0000021a1e584800]
Event: 13320.975 Thread 0x0000021a34949800 6527       3       sun.util.locale.provider.NumberFormatProviderImpl::getNumberInstance (7 bytes)
Event: 13320.975 Thread 0x0000021a34949800 nmethod 6527 0x0000021a1e223710 code [0x0000021a1e2238c0, 0x0000021a1e223a50]

GC Heap History (20 events):
Event: 7840.131 GC heap before
{Heap before GC invocations=23 (full 0):
 garbage-first heap   total 129024K, used 89669K [0x0000000083000000, 0x0000000100000000)
  region size 1024K, 75 young (76800K), 3 survivors (3072K)
 Metaspace       used 26687K, capacity 27452K, committed 27568K, reserved 1073152K
  class space    used 2936K, capacity 3192K, committed 3248K, reserved 1048576K
}
Event: 7840.134 GC heap after
{Heap after GC invocations=24 (full 0):
 garbage-first heap   total 129024K, used 15979K [0x0000000083000000, 0x0000000100000000)
  region size 1024K, 2 young (2048K), 2 survivors (2048K)
 Metaspace       used 26687K, capacity 27452K, committed 27568K, reserved 1073152K
  class space    used 2936K, capacity 3192K, committed 3248K, reserved 1048576K
}
Event: 8086.473 GC heap before
{Heap before GC invocations=24 (full 0):
 garbage-first heap   total 129024K, used 90731K [0x0000000083000000, 0x0000000100000000)
  region size 1024K, 75 young (76800K), 2 survivors (2048K)
 Metaspace       used 26721K, capacity 27459K, committed 27568K, reserved 1073152K
  class space    used 2936K, capacity 3193K, committed 3248K, reserved 1048576K
}
Event: 8086.475 GC heap after
{Heap after GC invocations=25 (full 0):
 garbage-first heap   total 129024K, used 16349K [0x0000000083000000, 0x0000000100000000)
  region size 1024K, 3 young (3072K), 3 survivors (3072K)
 Metaspace       used 26721K, capacity 27459K, committed 27568K, reserved 1073152K
  class space    used 2936K, capacity 3193K, committed 3248K, reserved 1048576K
}
Event: 8371.088 GC heap before
{Heap before GC invocations=25 (full 0):
 garbage-first heap   total 129024K, used 90077K [0x0000000083000000, 0x0000000100000000)
  region size 1024K, 75 young (76800K), 3 survivors (3072K)
 Metaspace       used 26747K, capacity 27477K, committed 27568K, reserved 1073152K
  class space    used 2939K, capacity 3196K, committed 3248K, reserved 1048576K
}
Event: 8371.090 GC heap after
{Heap after GC invocations=26 (full 0):
 garbage-first heap   total 129024K, used 16472K [0x0000000083000000, 0x0000000100000000)
  region size 1024K, 3 young (3072K), 3 survivors (3072K)
 Metaspace       used 26747K, capacity 27477K, committed 27568K, reserved 1073152K
  class space    used 2939K, capacity 3196K, committed 3248K, reserved 1048576K
}
Event: 8587.108 GC heap before
{Heap before GC invocations=26 (full 0):
 garbage-first heap   total 129024K, used 90200K [0x0000000083000000, 0x0000000100000000)
  region size 1024K, 75 young (76800K), 3 survivors (3072K)
 Metaspace       used 26771K, capacity 27477K, committed 27568K, reserved 1073152K
  class space    used 2939K, capacity 3196K, committed 3248K, reserved 1048576K
}
Event: 8587.110 GC heap after
{Heap after GC invocations=27 (full 0):
 garbage-first heap   total 129024K, used 16519K [0x0000000083000000, 0x0000000100000000)
  region size 1024K, 3 young (3072K), 3 survivors (3072K)
 Metaspace       used 26771K, capacity 27477K, committed 27568K, reserved 1073152K
  class space    used 2939K, capacity 3196K, committed 3248K, reserved 1048576K
}
Event: 8955.798 GC heap before
{Heap before GC invocations=27 (full 0):
 garbage-first heap   total 129024K, used 90247K [0x0000000083000000, 0x0000000100000000)
  region size 1024K, 75 young (76800K), 3 survivors (3072K)
 Metaspace       used 26809K, capacity 27606K, committed 27824K, reserved 1073152K
  class space    used 2939K, capacity 3196K, committed 3248K, reserved 1048576K
}
Event: 8955.801 GC heap after
{Heap after GC invocations=28 (full 0):
 garbage-first heap   total 129024K, used 16398K [0x0000000083000000, 0x0000000100000000)
  region size 1024K, 2 young (2048K), 2 survivors (2048K)
 Metaspace       used 26809K, capacity 27606K, committed 27824K, reserved 1073152K
  class space    used 2939K, capacity 3196K, committed 3248K, reserved 1048576K
}
Event: 10680.607 GC heap before
{Heap before GC invocations=28 (full 0):
 garbage-first heap   total 129024K, used 91150K [0x0000000083000000, 0x0000000100000000)
  region size 1024K, 75 young (76800K), 2 survivors (2048K)
 Metaspace       used 26842K, capacity 27606K, committed 27824K, reserved 1073152K
  class space    used 2939K, capacity 3196K, committed 3248K, reserved 1048576K
}
Event: 10680.628 GC heap after
{Heap after GC invocations=29 (full 0):
 garbage-first heap   total 129024K, used 17098K [0x0000000083000000, 0x0000000100000000)
  region size 1024K, 3 young (3072K), 3 survivors (3072K)
 Metaspace       used 26842K, capacity 27606K, committed 27824K, reserved 1073152K
  class space    used 2939K, capacity 3196K, committed 3248K, reserved 1048576K
}
Event: 11815.133 GC heap before
{Heap before GC invocations=29 (full 0):
 garbage-first heap   total 129024K, used 90826K [0x0000000083000000, 0x0000000100000000)
  region size 1024K, 75 young (76800K), 3 survivors (3072K)
 Metaspace       used 26880K, capacity 27611K, committed 27824K, reserved 1073152K
  class space    used 2939K, capacity 3196K, committed 3248K, reserved 1048576K
}
Event: 11815.137 GC heap after
{Heap after GC invocations=30 (full 0):
 garbage-first heap   total 129024K, used 17087K [0x0000000083000000, 0x0000000100000000)
  region size 1024K, 3 young (3072K), 3 survivors (3072K)
 Metaspace       used 26880K, capacity 27611K, committed 27824K, reserved 1073152K
  class space    used 2939K, capacity 3196K, committed 3248K, reserved 1048576K
}
Event: 12278.314 GC heap before
{Heap before GC invocations=30 (full 0):
 garbage-first heap   total 129024K, used 90815K [0x0000000083000000, 0x0000000100000000)
  region size 1024K, 75 young (76800K), 3 survivors (3072K)
 Metaspace       used 26908K, capacity 27675K, committed 27824K, reserved 1073152K
  class space    used 2939K, capacity 3196K, committed 3248K, reserved 1048576K
}
Event: 12278.316 GC heap after
{Heap after GC invocations=31 (full 0):
 garbage-first heap   total 129024K, used 17328K [0x0000000083000000, 0x0000000100000000)
  region size 1024K, 3 young (3072K), 3 survivors (3072K)
 Metaspace       used 26908K, capacity 27675K, committed 27824K, reserved 1073152K
  class space    used 2939K, capacity 3196K, committed 3248K, reserved 1048576K
}
Event: 12777.164 GC heap before
{Heap before GC invocations=31 (full 0):
 garbage-first heap   total 129024K, used 91056K [0x0000000083000000, 0x0000000100000000)
  region size 1024K, 75 young (76800K), 3 survivors (3072K)
 Metaspace       used 26939K, capacity 27676K, committed 27824K, reserved 1073152K
  class space    used 2939K, capacity 3196K, committed 3248K, reserved 1048576K
}
Event: 12777.166 GC heap after
{Heap after GC invocations=32 (full 0):
 garbage-first heap   total 129024K, used 17302K [0x0000000083000000, 0x0000000100000000)
  region size 1024K, 3 young (3072K), 3 survivors (3072K)
 Metaspace       used 26939K, capacity 27676K, committed 27824K, reserved 1073152K
  class space    used 2939K, capacity 3196K, committed 3248K, reserved 1048576K
}
Event: 13238.873 GC heap before
{Heap before GC invocations=32 (full 0):
 garbage-first heap   total 129024K, used 91030K [0x0000000083000000, 0x0000000100000000)
  region size 1024K, 75 young (76800K), 3 survivors (3072K)
 Metaspace       used 27001K, capacity 27741K, committed 27824K, reserved 1073152K
  class space    used 2939K, capacity 3196K, committed 3248K, reserved 1048576K
}
Event: 13238.877 GC heap after
{Heap after GC invocations=33 (full 0):
 garbage-first heap   total 129024K, used 17666K [0x0000000083000000, 0x0000000100000000)
  region size 1024K, 3 young (3072K), 3 survivors (3072K)
 Metaspace       used 27001K, capacity 27741K, committed 27824K, reserved 1073152K
  class space    used 2939K, capacity 3196K, committed 3248K, reserved 1048576K
}

Deoptimization events (20 events):
Event: 12278.320 Thread 0x0000021a34064800 Uncommon trap: trap_request=0xffffffc6 fr.pc=0x0000021a25750824 relative=0x0000000000000664
Event: 12278.320 Thread 0x0000021a34064800 Uncommon trap: reason=bimorphic_or_optimized_type_check action=maybe_recompile pc=0x0000021a25750824 method=jdk.internal.ref.PhantomCleanable.clean()V @ 12 c2
Event: 12278.320 Thread 0x0000021a34064800 DEOPT PACKING pc=0x0000021a25750824 sp=0x00000021a2ffee50
Event: 12278.320 Thread 0x0000021a34064800 DEOPT UNPACKING pc=0x0000021a1d918f2f sp=0x00000021a2ffee30 mode 2
Event: 13320.936 Thread 0x0000021a19823000 Uncommon trap: trap_request=0xffffffbe fr.pc=0x0000021a258bf654 relative=0x00000000000031f4
Event: 13320.936 Thread 0x0000021a19823000 Uncommon trap: reason=profile_predicate action=maybe_recompile pc=0x0000021a258bf654 method=java.math.BigInteger.longValue()J @ 5 c2
Event: 13320.936 Thread 0x0000021a19823000 DEOPT PACKING pc=0x0000021a258bf654 sp=0x00000021a21fe7b0
Event: 13320.936 Thread 0x0000021a19823000 DEOPT UNPACKING pc=0x0000021a1d918f2f sp=0x00000021a21fe720 mode 2
Event: 13320.938 Thread 0x0000021a19823000 Uncommon trap: trap_request=0xffffffbe fr.pc=0x0000021a258bf654 relative=0x00000000000031f4
Event: 13320.938 Thread 0x0000021a19823000 Uncommon trap: reason=profile_predicate action=maybe_recompile pc=0x0000021a258bf654 method=java.math.BigInteger.longValue()J @ 5 c2
Event: 13320.938 Thread 0x0000021a19823000 DEOPT PACKING pc=0x0000021a258bf654 sp=0x00000021a21fe7b0
Event: 13320.938 Thread 0x0000021a19823000 DEOPT UNPACKING pc=0x0000021a1d918f2f sp=0x00000021a21fe720 mode 2
Event: 13320.938 Thread 0x0000021a19823000 Uncommon trap: trap_request=0xffffffbe fr.pc=0x0000021a258bf654 relative=0x00000000000031f4
Event: 13320.938 Thread 0x0000021a19823000 Uncommon trap: reason=profile_predicate action=maybe_recompile pc=0x0000021a258bf654 method=java.math.BigInteger.longValue()J @ 5 c2
Event: 13320.938 Thread 0x0000021a19823000 DEOPT PACKING pc=0x0000021a258bf654 sp=0x00000021a21fe7b0
Event: 13320.938 Thread 0x0000021a19823000 DEOPT UNPACKING pc=0x0000021a1d918f2f sp=0x00000021a21fe720 mode 2
Event: 13320.939 Thread 0x0000021a19823000 Uncommon trap: trap_request=0xffffffbe fr.pc=0x0000021a258bf654 relative=0x00000000000031f4
Event: 13320.939 Thread 0x0000021a19823000 Uncommon trap: reason=profile_predicate action=maybe_recompile pc=0x0000021a258bf654 method=java.math.BigInteger.longValue()J @ 5 c2
Event: 13320.939 Thread 0x0000021a19823000 DEOPT PACKING pc=0x0000021a258bf654 sp=0x00000021a21fe7b0
Event: 13320.939 Thread 0x0000021a19823000 DEOPT UNPACKING pc=0x0000021a1d918f2f sp=0x00000021a21fe720 mode 2

Classes redefined (0 events):
No events

Internal exceptions (20 events):
Event: 12934.303 Thread 0x0000021a377da800 Exception <a 'java/net/SocketTimeoutException'{0x0000000089512340}: connect timed out> (0x0000000089512340) thrown at [c:/BuildAgent/work/5ff2f6c26000d570/src/hotspot/share/prims/jni.cpp, line 636]
Event: 12935.124 Thread 0x0000021a377da800 Exception <a 'java/net/SocketTimeoutException'{0x00000000895131d8}: connect timed out> (0x00000000895131d8) thrown at [c:/BuildAgent/work/5ff2f6c26000d570/src/hotspot/share/prims/jni.cpp, line 636]
Event: 12935.945 Thread 0x0000021a377da800 Exception <a 'java/net/SocketTimeoutException'{0x0000000089514070}: connect timed out> (0x0000000089514070) thrown at [c:/BuildAgent/work/5ff2f6c26000d570/src/hotspot/share/prims/jni.cpp, line 636]
Event: 12936.768 Thread 0x0000021a377da800 Exception <a 'java/net/SocketTimeoutException'{0x0000000089514f08}: connect timed out> (0x0000000089514f08) thrown at [c:/BuildAgent/work/5ff2f6c26000d570/src/hotspot/share/prims/jni.cpp, line 636]
Event: 12937.589 Thread 0x0000021a377da800 Exception <a 'java/net/SocketTimeoutException'{0x0000000089515da0}: connect timed out> (0x0000000089515da0) thrown at [c:/BuildAgent/work/5ff2f6c26000d570/src/hotspot/share/prims/jni.cpp, line 636]
Event: 12938.410 Thread 0x0000021a377da800 Exception <a 'java/net/SocketTimeoutException'{0x0000000089516c38}: connect timed out> (0x0000000089516c38) thrown at [c:/BuildAgent/work/5ff2f6c26000d570/src/hotspot/share/prims/jni.cpp, line 636]
Event: 12939.231 Thread 0x0000021a377da800 Exception <a 'java/net/SocketTimeoutException'{0x0000000089517ad0}: connect timed out> (0x0000000089517ad0) thrown at [c:/BuildAgent/work/5ff2f6c26000d570/src/hotspot/share/prims/jni.cpp, line 636]
Event: 12939.484 Thread 0x0000021a377da800 Exception <a 'java/lang/InterruptedException'{0x0000000089517e08}: sleep interrupted> (0x0000000089517e08) thrown at [c:/BuildAgent/work/5ff2f6c26000d570/src/hotspot/share/prims/jvm.cpp, line 3107]
Event: 12939.494 Thread 0x0000021a19823000 Exception <a 'java/net/SocketTimeoutException'{0x00000000894d0d10}: Read timed out> (0x00000000894d0d10) thrown at [c:/BuildAgent/work/5ff2f6c26000d570/src/hotspot/share/prims/jni.cpp, line 636]
Event: 12981.505 Thread 0x0000021a19823000 Exception <a 'java/net/SocketTimeoutException'{0x00000000892f8428}: Read timed out> (0x00000000892f8428) thrown at [c:/BuildAgent/work/5ff2f6c26000d570/src/hotspot/share/prims/jni.cpp, line 636]
Event: 13021.518 Thread 0x0000021a19823000 Exception <a 'java/net/SocketTimeoutException'{0x0000000088f265f0}: Read timed out> (0x0000000088f265f0) thrown at [c:/BuildAgent/work/5ff2f6c26000d570/src/hotspot/share/prims/jni.cpp, line 636]
Event: 13062.097 Thread 0x0000021a377d7000 Exception <a 'java/net/SocketTimeoutException'{0x00000000880813a0}: connect timed out> (0x00000000880813a0) thrown at [c:/BuildAgent/work/5ff2f6c26000d570/src/hotspot/share/prims/jni.cpp, line 636]
Event: 13062.608 Thread 0x0000021a377d7000 Exception <a 'java/net/SocketTimeoutException'{0x0000000088082238}: connect timed out> (0x0000000088082238) thrown at [c:/BuildAgent/work/5ff2f6c26000d570/src/hotspot/share/prims/jni.cpp, line 636]
Event: 13069.625 Thread 0x0000021a19823000 Exception <a 'java/net/SocketTimeoutException'{0x0000000087ef7868}: Read timed out> (0x0000000087ef7868) thrown at [c:/BuildAgent/work/5ff2f6c26000d570/src/hotspot/share/prims/jni.cpp, line 636]
Event: 13111.638 Thread 0x0000021a19823000 Exception <a 'java/net/SocketTimeoutException'{0x0000000087b1ed08}: Read timed out> (0x0000000087b1ed08) thrown at [c:/BuildAgent/work/5ff2f6c26000d570/src/hotspot/share/prims/jni.cpp, line 636]
Event: 13151.650 Thread 0x0000021a19823000 Exception <a 'java/net/SocketTimeoutException'{0x000000008794cb60}: Read timed out> (0x000000008794cb60) thrown at [c:/BuildAgent/work/5ff2f6c26000d570/src/hotspot/share/prims/jni.cpp, line 636]
Event: 13192.238 Thread 0x0000021a377d7000 Exception <a 'java/net/SocketTimeoutException'{0x0000000086a813a0}: connect timed out> (0x0000000086a813a0) thrown at [c:/BuildAgent/work/5ff2f6c26000d570/src/hotspot/share/prims/jni.cpp, line 636]
Event: 13198.860 Thread 0x0000021a19823000 Exception <a 'java/net/SocketTimeoutException'{0x00000000868fa3f8}: Read timed out> (0x00000000868fa3f8) thrown at [c:/BuildAgent/work/5ff2f6c26000d570/src/hotspot/share/prims/jni.cpp, line 636]
Event: 13240.881 Thread 0x0000021a19823000 Exception <a 'java/net/SocketTimeoutException'{0x000000008ad223f0}: Read timed out> (0x000000008ad223f0) thrown at [c:/BuildAgent/work/5ff2f6c26000d570/src/hotspot/share/prims/jni.cpp, line 636]
Event: 13280.891 Thread 0x0000021a19823000 Exception <a 'java/net/SocketTimeoutException'{0x000000008ab50bd8}: Read timed out> (0x000000008ab50bd8) thrown at [c:/BuildAgent/work/5ff2f6c26000d570/src/hotspot/share/prims/jni.cpp, line 636]

Events (20 events):
Event: 13191.738 Executing VM operation: RevokeBias done
Event: 13191.791 Thread 0x0000021a377d5800 Thread added: 0x0000021a377d5800
Event: 13191.792 Thread 0x0000021a377dd800 Thread added: 0x0000021a377dd800
Event: 13192.250 Thread 0x0000021a377e1000 Thread added: 0x0000021a377e1000
Event: 13197.250 Executing VM operation: RevokeBias
Event: 13197.251 Executing VM operation: RevokeBias done
Event: 13197.251 Executing VM operation: RevokeBias
Event: 13197.251 Executing VM operation: RevokeBias done
Event: 13197.251 Thread 0x0000021a377e1000 Thread exited: 0x0000021a377e1000
Event: 13238.872 Executing VM operation: G1CollectForAllocation
Event: 13238.877 Executing VM operation: G1CollectForAllocation done
Event: 13252.251 Executing VM operation: RevokeBias
Event: 13252.251 Executing VM operation: RevokeBias done
Event: 13252.251 Thread 0x0000021a377d7000 Thread exited: 0x0000021a377d7000
Event: 13320.924 loading class cucumber/runtime/java8/LambdaGlueBase
Event: 13320.924 loading class cucumber/runtime/java8/LambdaGlueBase done
Event: 13320.979 Thread 0x0000021a377db000 Thread added: 0x0000021a377db000
Event: 13320.980 Thread 0x0000021a377dc000 Thread added: 0x0000021a377dc000
Event: 13320.980 Executing VM operation: RevokeBias
Event: 13320.980 Executing VM operation: RevokeBias done


Dynamic libraries:
0x00007ff654330000 - 0x00007ff65433a000 	C:\Users\pbonthal\AppData\Local\JetBrains\IntelliJ IDEA Community Edition 2019.3.3\jbr\bin\java.exe
0x00007fff8cc00000 - 0x00007fff8cdf0000 	C:\WINDOWS\SYSTEM32\ntdll.dll
0x00007fff8bbc0000 - 0x00007fff8bc72000 	C:\WINDOWS\System32\KERNEL32.DLL
0x00007fff89e10000 - 0x00007fff8a0b4000 	C:\WINDOWS\System32\KERNELBASE.dll
0x00007fff8a1a0000 - 0x00007fff8a29a000 	C:\WINDOWS\System32\ucrtbase.dll
0x00007fff884c0000 - 0x00007fff884d9000 	C:\Users\pbonthal\AppData\Local\JetBrains\IntelliJ IDEA Community Edition 2019.3.3\jbr\bin\jli.dll
0x00007fff884a0000 - 0x00007fff884b7000 	C:\Users\pbonthal\AppData\Local\JetBrains\IntelliJ IDEA Community Edition 2019.3.3\jbr\bin\VCRUNTIME140.dll
0x00007fff8acb0000 - 0x00007fff8ae44000 	C:\WINDOWS\System32\USER32.dll
0x00007fff8a0c0000 - 0x00007fff8a0e1000 	C:\WINDOWS\System32\win32u.dll
0x00007fff8c720000 - 0x00007fff8c746000 	C:\WINDOWS\System32\GDI32.dll
0x00007fff8a2a0000 - 0x00007fff8a435000 	C:\WINDOWS\System32\gdi32full.dll
0x00007fff8a490000 - 0x00007fff8a52e000 	C:\WINDOWS\System32\msvcp_win.dll
0x00007fff88fd0000 - 0x00007fff89254000 	C:\WINDOWS\WinSxS\amd64_microsoft.windows.common-controls_6595b64144ccf1df_6.0.18362.900_none_e6beb9d913147d17\COMCTL32.dll
0x00007fff8bf90000 - 0x00007fff8c02e000 	C:\WINDOWS\System32\msvcrt.dll
0x00007fff8ae50000 - 0x00007fff8b185000 	C:\WINDOWS\System32\combase.dll
0x00007fff8c130000 - 0x00007fff8c250000 	C:\WINDOWS\System32\RPCRT4.dll
0x00007fff8a0f0000 - 0x00007fff8a170000 	C:\WINDOWS\System32\bcryptPrimitives.dll
0x00007fff8c590000 - 0x00007fff8c5be000 	C:\WINDOWS\System32\IMM32.DLL
0x00007fff5cc80000 - 0x00007fff5cd1d000 	C:\Users\pbonthal\AppData\Local\JetBrains\IntelliJ IDEA Community Edition 2019.3.3\jbr\bin\msvcp140.dll
0x00007fff32ed0000 - 0x00007fff3398d000 	C:\Users\pbonthal\AppData\Local\JetBrains\IntelliJ IDEA Community Edition 2019.3.3\jbr\bin\server\jvm.dll
0x00007fff8b400000 - 0x00007fff8b4a3000 	C:\WINDOWS\System32\ADVAPI32.dll
0x00007fff8c090000 - 0x00007fff8c127000 	C:\WINDOWS\System32\sechost.dll
0x00007fff8c580000 - 0x00007fff8c588000 	C:\WINDOWS\System32\PSAPI.DLL
0x00007fff6c890000 - 0x00007fff6c899000 	C:\WINDOWS\SYSTEM32\WSOCK32.dll
0x00007fff8c4b0000 - 0x00007fff8c51f000 	C:\WINDOWS\System32\WS2_32.dll
0x00007fff86a60000 - 0x00007fff86a84000 	C:\WINDOWS\SYSTEM32\WINMM.dll
0x00007fff86a30000 - 0x00007fff86a5d000 	C:\WINDOWS\SYSTEM32\winmmbase.dll
0x00007fff8a440000 - 0x00007fff8a48a000 	C:\WINDOWS\System32\cfgmgr32.dll
0x00007fff80400000 - 0x00007fff8040a000 	C:\WINDOWS\SYSTEM32\VERSION.dll
0x00007fff89ad0000 - 0x00007fff89ae1000 	C:\WINDOWS\System32\kernel.appcore.dll
0x00007fff70af0000 - 0x00007fff70b01000 	C:\Users\pbonthal\AppData\Local\JetBrains\IntelliJ IDEA Community Edition 2019.3.3\jbr\bin\verify.dll
0x00007fff895e0000 - 0x00007fff897d4000 	C:\WINDOWS\SYSTEM32\DBGHELP.DLL
0x00007fff89350000 - 0x00007fff8937a000 	C:\WINDOWS\SYSTEM32\dbgcore.DLL
0x00007fff70a90000 - 0x00007fff70ab9000 	C:\Users\pbonthal\AppData\Local\JetBrains\IntelliJ IDEA Community Edition 2019.3.3\jbr\bin\java.dll
0x00007fff801b0000 - 0x00007fff801bf000 	C:\Users\pbonthal\AppData\Local\JetBrains\IntelliJ IDEA Community Edition 2019.3.3\jbr\bin\instrument.dll
0x00007fff62960000 - 0x00007fff62978000 	C:\Users\pbonthal\AppData\Local\JetBrains\IntelliJ IDEA Community Edition 2019.3.3\jbr\bin\zip.dll
0x00007fff70a80000 - 0x00007fff70a8b000 	C:\Users\pbonthal\AppData\Local\JetBrains\IntelliJ IDEA Community Edition 2019.3.3\jbr\bin\jimage.dll
0x00007fff8b4b0000 - 0x00007fff8bb96000 	C:\WINDOWS\System32\SHELL32.dll
0x00007fff8c400000 - 0x00007fff8c4a9000 	C:\WINDOWS\System32\shcore.dll
0x00007fff8a530000 - 0x00007fff8acb0000 	C:\WINDOWS\System32\windows.storage.dll
0x00007fff89af0000 - 0x00007fff89b13000 	C:\WINDOWS\System32\profapi.dll
0x00007fff89b40000 - 0x00007fff89b8a000 	C:\WINDOWS\System32\powrprof.dll
0x00007fff89ac0000 - 0x00007fff89ad0000 	C:\WINDOWS\System32\UMPDC.dll
0x00007fff8b190000 - 0x00007fff8b1e2000 	C:\WINDOWS\System32\shlwapi.dll
0x00007fff89ca0000 - 0x00007fff89cb7000 	C:\WINDOWS\System32\cryptsp.dll
0x00007fff62940000 - 0x00007fff6295a000 	C:\Users\pbonthal\AppData\Local\JetBrains\IntelliJ IDEA Community Edition 2019.3.3\jbr\bin\net.dll
0x00007fff7a9c0000 - 0x00007fff7aab0000 	C:\WINDOWS\SYSTEM32\WINHTTP.dll
0x00007fff88cb0000 - 0x00007fff88d17000 	C:\WINDOWS\system32\mswsock.dll
0x00007fff62920000 - 0x00007fff62934000 	C:\Users\pbonthal\AppData\Local\JetBrains\IntelliJ IDEA Community Edition 2019.3.3\jbr\bin\nio.dll
0x00007fff6c8e0000 - 0x00007fff6c8fa000 	C:\Users\pbonthal\AppData\Local\JetBrains\IntelliJ IDEA Community Edition 2019.3.3\bin\breakgen64.dll
0x00007fff88a00000 - 0x00007fff88acb000 	C:\WINDOWS\SYSTEM32\DNSAPI.dll
0x00007fff8c640000 - 0x00007fff8c648000 	C:\WINDOWS\System32\NSI.dll
0x00007fff889c0000 - 0x00007fff889fa000 	C:\WINDOWS\SYSTEM32\IPHLPAPI.DLL
0x00007fff7aad0000 - 0x00007fff7aada000 	C:\Windows\System32\rasadhlp.dll
0x00007fff836f0000 - 0x00007fff83767000 	C:\WINDOWS\System32\fwpuclnt.dll
0x00007fff8a170000 - 0x00007fff8a196000 	C:\WINDOWS\System32\bcrypt.dll
0x00007fff315e0000 - 0x00007fff31608000 	C:\Users\pbonthal\AppData\Local\JetBrains\IntelliJ IDEA Community Edition 2019.3.3\jbr\bin\sunec.dll
0x00007fff887c0000 - 0x00007fff887f3000 	C:\WINDOWS\system32\rsaenh.dll
0x00007fff899b0000 - 0x00007fff899d5000 	C:\WINDOWS\SYSTEM32\USERENV.dll
0x00007fff88e80000 - 0x00007fff88e8c000 	C:\WINDOWS\SYSTEM32\CRYPTBASE.dll
0x00007fff83610000 - 0x00007fff83626000 	C:\WINDOWS\SYSTEM32\dhcpcsvc6.DLL
0x00007fff83520000 - 0x00007fff8353c000 	C:\WINDOWS\SYSTEM32\dhcpcsvc.DLL
0x00007fff644d0000 - 0x00007fff644e6000 	C:\WINDOWS\system32\napinsp.dll
0x00007fff63370000 - 0x00007fff6338a000 	C:\WINDOWS\system32\pnrpnsp.dll
0x00007fff63360000 - 0x00007fff6336e000 	C:\WINDOWS\System32\winrnr.dll
0x00007fff7e150000 - 0x00007fff7e16c000 	C:\WINDOWS\system32\NLAapi.dll
0x00007fff83770000 - 0x00007fff83785000 	C:\WINDOWS\system32\wshbth.dll

dbghelp: loaded successfully - version: 4.0.5 - missing functions: none
symbol engine: initialized successfully - sym options: 0x614 - pdb path: .;C:\Users\pbonthal\AppData\Local\JetBrains\IntelliJ IDEA Community Edition 2019.3.3\jbr\bin;C:\WINDOWS\SYSTEM32;C:\WINDOWS\WinSxS\amd64_microsoft.windows.common-controls_6595b64144ccf1df_6.0.18362.900_none_e6beb9d913147d17;C:\Users\pbonthal\AppData\Local\JetBrains\IntelliJ IDEA Community Edition 2019.3.3\jbr\bin\server;C:\Users\pbonthal\AppData\Local\JetBrains\IntelliJ IDEA Community Edition 2019.3.3\bin

VM Arguments:
jvm_args: -ea -DnodeNamesHandler=AsText -Didea.test.cyclic.buffer.size=1048576 -javaagent:C:\Users\pbonthal\AppData\Local\JetBrains\IntelliJ IDEA Community Edition 2019.3.3\lib\idea_rt.jar=63894:C:\Users\pbonthal\AppData\Local\JetBrains\IntelliJ IDEA Community Edition 2019.3.3\bin -Dfile.encoding=UTF-8 
java_command: com.intellij.rt.junit.JUnitStarter -ideVersion5 -junit4 com.automation.runner.SmokeTest_RunnerFiles.RunnerTest4 @N Times60
java_class_path (initial): C:\Users\pbonthal\AppData\Local\JetBrains\IntelliJ IDEA Community Edition 2019.3.3\lib\idea_rt.jar;C:\Users\pbonthal\AppData\Local\JetBrains\IntelliJ IDEA Community Edition 2019.3.3\plugins\junit\lib\junit5-rt.jar;C:\Users\pbonthal\AppData\Local\JetBrains\IntelliJ IDEA Community Edition 2019.3.3\plugins\junit\lib\junit-rt.jar;C:\Users\pbonthal\IdeaProjects\Phoenix\target\test-classes;C:\Users\pbonthal\IdeaProjects\Phoenix\target\classes;C:\Users\pbonthal\.m2\repository\org\seleniumhq\selenium\selenium-java\3.141.59\selenium-java-3.141.59.jar;C:\Users\pbonthal\.m2\repository\org\seleniumhq\selenium\selenium-api\3.141.59\selenium-api-3.141.59.jar;C:\Users\pbonthal\.m2\repository\org\seleniumhq\selenium\selenium-chrome-driver\3.141.59\selenium-chrome-driver-3.141.59.jar;C:\Users\pbonthal\.m2\repository\org\seleniumhq\selenium\selenium-edge-driver\3.141.59\selenium-edge-driver-3.141.59.jar;C:\Users\pbonthal\.m2\repository\org\seleniumhq\selenium\selenium-firefox-driver\3.141.59\selenium-firefox-driver-3.141.59.jar;C:\Users\pbonthal\.m2\repository\org\seleniumhq\selenium\selenium-ie-driver\3.141.59\selenium-ie-driver-3.141.59.jar;C:\Users\pbonthal\.m2\repository\org\seleniumhq\selenium\selenium-opera-driver\3.141.59\selenium-opera-driver-3.141.59.jar;C:\Users\pbonthal\.m2\repository\org\seleniumhq\selenium\selenium-remote-driver\3.141.59\selenium-remote-driver-3.141.59.jar;C:\Users\pbonthal\.m2\repository\org\seleniumhq\selenium\selenium-safari-driver\3.141.59\selenium-safari-driver-3.141.59.jar;C:\Users\pbonthal\.m2\repository\org\seleniumhq\selenium\selenium-support\3.141.59\selenium-support-3.141.59.jar;C:\Users\pbonthal\.m2\repository\net\bytebuddy\byte-buddy\1.8.15\byte-buddy-1.8.15.jar;C:\Users\pbonthal\.m2\repository\org\apache\commons\commons-exec\1.3\commons-exec-1.3.jar;C:\Users\pbonthal\.m2\repository\com\google\guava\guava\25.0-jre\guava-25.0-jre.jar;C:\Users\pbonthal\.m2\repository\com\google\code\findbugs\jsr305\1.3.9\jsr305-1.3
Launcher Type: SUN_STANDARD

[Global flags]
     intx CICompilerCount                          = 4                                         {product} {ergonomic}
     uint ConcGCThreads                            = 2                                         {product} {ergonomic}
     uint G1ConcRefinementThreads                  = 8                                         {product} {ergonomic}
   size_t G1HeapRegionSize                         = 1048576                                   {product} {ergonomic}
    uintx GCDrainStackTargetSize                   = 64                                        {product} {ergonomic}
   size_t InitialHeapSize                          = 132120576                                 {product} {ergonomic}
   size_t MarkStackSize                            = 4194304                                   {product} {ergonomic}
   size_t MaxHeapSize                              = 2097152000                                {product} {ergonomic}
   size_t MaxNewSize                               = 1258291200                                {product} {ergonomic}
   size_t MinHeapDeltaBytes                        = 1048576                                   {product} {ergonomic}
    uintx NonNMethodCodeHeapSize                   = 5836300                                {pd product} {ergonomic}
    uintx NonProfiledCodeHeapSize                  = 122910970                              {pd product} {ergonomic}
    uintx ProfiledCodeHeapSize                     = 122910970                              {pd product} {ergonomic}
    uintx ReservedCodeCacheSize                    = 251658240                              {pd product} {ergonomic}
     bool SegmentedCodeCache                       = true                                      {product} {ergonomic}
     bool UseCompressedClassPointers               = true                                 {lp64_product} {ergonomic}
     bool UseCompressedOops                        = true                                 {lp64_product} {ergonomic}
     bool UseG1GC                                  = true                                      {product} {ergonomic}
     bool UseLargePagesIndividualAllocation        = false                                  {pd product} {ergonomic}

Logging:
Log output configuration:
 #0: stdout all=warning uptime,level,tags
 #1: stderr all=off uptime,level,tags

Environment Variables:
JAVA_HOME=C:\Program Files\Java\jdk-13.0.2
PATH=C:\WINDOWS\system32;C:\WINDOWS;C:\WINDOWS\System32\Wbem;C:\WINDOWS\System32\WindowsPowerShell\v1.0\;C:\WINDOWS\System32\OpenSSH\;C:\Program Files\Java\jdk-13.0.2\bin;C:\Users\pbonthal\AutomationTest\apache-maven-3.6.3\bin;C:\Users\pbonthal\AppData\Local\Microsoft\WindowsApps;C:\Users\pbonthal\AppData\Local\Programs\Git\cmd
USERNAME=pbonthal
OS=Windows_NT
PROCESSOR_IDENTIFIER=Intel64 Family 6 Model 142 Stepping 12, GenuineIntel



---------------  S Y S T E M  ---------------

OS: Windows 10 , 64 bit Build 18362 (10.0.18362.900)

CPU:total 8 (initial active 8) (4 cores per cpu, 2 threads per core) family 6 model 142 stepping 12, cmov, cx8, fxsr, mmx, sse, sse2, sse3, ssse3, sse4.1, sse4.2, popcnt, avx, avx2, aes, clmul, erms, 3dnowpref, lzcnt, ht, tsc, tscinvbit, bmi1, bmi2, adx, fma

Memory: 4k page, system-wide physical 7998M (520M free)
TotalPageFile size 32574M (AvailPageFile size 5M)
current process WorkingSet (physical memory assigned to process): 158M, peak: 166M
current process commit charge ("private bytes"): 281M, peak: 300M

vm_info: OpenJDK 64-Bit Server VM (11.0.6+8-b520.43) for windows-amd64 JRE (11.0.6+8-b520.43), built on Feb  3 2020 14:18:56 by "" with MS VC++ 14.0 (VS2015)

END.
